TN:
SF:src\App.css
FNF:0
FNH:0
LF:0
LH:0
BRF:0
BRH:0
end_of_record
TN:
SF:src\App.tsx
FN:5,App
FNF:1
FNH:0
FNDA:0,App
DA:6,0
LF:1
LH:0
BRF:0
BRH:0
end_of_record
TN:
SF:src\index.css
FNF:0
FNH:0
LF:0
LH:0
BRF:0
BRH:0
end_of_record
TN:
SF:src\main.tsx
FNF:0
FNH:0
DA:8,0
LF:1
LH:0
BRF:0
BRH:0
end_of_record
TN:
SF:src\assets\hero.png
FNF:0
FNH:0
LF:0
LH:0
BRF:0
BRH:0
end_of_record
TN:
SF:src\assets\login-illustration.png
FNF:0
FNH:0
LF:0
LH:0
BRF:0
BRH:0
end_of_record
TN:
SF:src\assets\react.svg
FNF:0
FNH:0
LF:0
LH:0
BRF:0
BRH:0
end_of_record
TN:
SF:src\assets\vite.svg
FNF:0
FNH:0
LF:0
LH:0
BRF:0
BRH:0
end_of_record
TN:
SF:src\components\admin\AssignTaskModal.tsx
FN:22,(anonymous_0)
FN:33,(anonymous_1)
FN:37,(anonymous_2)
FN:38,(anonymous_3)
FN:39,(anonymous_4)
FN:52,(anonymous_5)
FN:65,(anonymous_6)
FN:78,(anonymous_7)
FN:83,(anonymous_8)
FN:112,(anonymous_9)
FN:174,(anonymous_10)
FNF:11
FNH:6
FNDA:64,(anonymous_0)
FNDA:15,(anonymous_1)
FNDA:3,(anonymous_2)
FNDA:0,(anonymous_3)
FNDA:3,(anonymous_4)
FNDA:15,(anonymous_5)
FNDA:0,(anonymous_6)
FNDA:0,(anonymous_7)
FNDA:0,(anonymous_8)
FNDA:6,(anonymous_9)
FNDA:0,(anonymous_10)
DA:22,4
DA:28,64
DA:29,64
DA:30,64
DA:31,64
DA:33,64
DA:34,15
DA:35,3
DA:36,3
DA:37,3
DA:38,0
DA:39,3
DA:48,64
DA:52,64
DA:53,15
DA:54,4
DA:55,4
DA:56,4
DA:57,4
DA:58,4
DA:59,4
DA:63,64
DA:65,14
DA:66,0
DA:67,0
DA:68,0
DA:78,0
DA:79,0
DA:83,0
DA:84,0
DA:85,0
DA:86,0
DA:89,0
DA:90,0
DA:94,14
DA:112,6
DA:174,0
LF:37
LH:24
BRDA:34,0,0,3
BRDA:34,0,1,12
BRDA:37,1,0,3
BRDA:37,1,1,0
BRDA:53,2,0,4
BRDA:53,2,1,11
BRDA:54,3,0,4
BRDA:54,3,1,2
BRDA:56,4,0,4
BRDA:56,4,1,0
BRDA:58,5,0,4
BRDA:58,5,1,0
BRDA:59,6,0,0
BRDA:59,6,1,4
BRDA:63,7,0,50
BRDA:63,7,1,14
BRDA:75,8,0,0
BRDA:75,8,1,0
BRDA:80,9,0,0
BRDA:80,9,1,0
BRDA:90,10,0,0
BRDA:90,10,1,0
BRDA:111,11,0,4
BRDA:111,11,1,10
BRDA:170,12,0,64
BRDA:170,12,1,0
BRF:26
BRH:15
end_of_record
TN:
SF:src\components\admin\CreateTaskModal.tsx
FN:22,(anonymous_0)
FN:34,(anonymous_1)
FN:42,(anonymous_2)
FN:47,(anonymous_3)
FN:53,(anonymous_4)
FN:62,(anonymous_5)
FN:74,(anonymous_6)
FN:110,(anonymous_7)
FN:113,(anonymous_8)
FN:114,(anonymous_9)
FN:134,(anonymous_10)
FN:178,(anonymous_11)
FN:206,(anonymous_12)
FN:313,(anonymous_13)
FNF:14
FNH:8
FNDA:66,(anonymous_0)
FNDA:4,(anonymous_1)
FNDA:4,(anonymous_2)
FNDA:0,(anonymous_3)
FNDA:4,(anonymous_4)
FNDA:4,(anonymous_5)
FNDA:15,(anonymous_6)
FNDA:0,(anonymous_7)
FNDA:0,(anonymous_8)
FNDA:0,(anonymous_9)
FNDA:0,(anonymous_10)
FNDA:6,(anonymous_11)
FNDA:2,(anonymous_12)
FNDA:0,(anonymous_13)
DA:22,3
DA:27,66
DA:28,66
DA:29,66
DA:30,66
DA:31,66
DA:32,66
DA:34,66
DA:35,4
DA:36,4
DA:37,4
DA:39,4
DA:41,4
DA:43,4
DA:44,4
DA:45,4
DA:48,0
DA:49,0
DA:50,0
DA:51,0
DA:54,4
DA:55,4
DA:59,66
DA:60,66
DA:62,66
DA:63,4
DA:64,4
DA:65,4
DA:66,3
DA:68,1
DA:70,4
DA:74,66
DA:75,15
DA:76,4
DA:77,4
DA:81,66
DA:82,66
DA:83,66
DA:84,66
DA:85,66
DA:92,66
DA:110,66
DA:111,0
DA:112,0
DA:113,0
DA:114,0
DA:116,0
DA:133,0
DA:134,0
DA:135,0
DA:136,0
DA:137,0
DA:138,0
DA:141,0
DA:142,0
DA:146,66
DA:178,6
DA:206,2
DA:313,0
LF:59
LH:41
BRDA:43,0,0,0
BRDA:43,0,1,4
BRDA:44,1,0,4
BRDA:44,1,1,0
BRDA:48,2,0,0
BRDA:48,2,1,0
BRDA:54,3,0,0
BRDA:54,3,1,4
BRDA:66,4,0,3
BRDA:66,4,1,0
BRDA:75,5,0,4
BRDA:75,5,1,11
BRDA:114,6,0,0
BRDA:114,6,1,0
BRDA:119,7,0,0
BRDA:119,7,1,0
BRDA:121,8,0,0
BRDA:121,8,1,0
BRDA:122,9,0,0
BRDA:122,9,1,0
BRDA:127,10,0,0
BRDA:127,10,1,0
BRDA:129,11,0,0
BRDA:129,11,1,0
BRDA:130,12,0,0
BRDA:130,12,1,0
BRDA:142,13,0,0
BRDA:142,13,1,0
BRDA:165,14,0,66
BRDA:165,14,1,0
BRDA:177,15,0,7
BRDA:177,15,1,58
BRDA:184,16,0,66
BRDA:184,16,1,0
BRDA:191,17,0,0
BRDA:191,17,1,0
BRDA:191,18,0,0
BRDA:191,18,1,0
BRDA:301,19,0,66
BRDA:301,19,1,58
BRDA:309,20,0,66
BRDA:309,20,1,0
BRF:42
BRH:13
end_of_record
TN:
SF:src\components\admin\EditTaskModal.tsx
FN:24,(anonymous_0)
FN:37,(anonymous_1)
FN:41,(anonymous_2)
FN:42,(anonymous_3)
FN:43,(anonymous_4)
FN:47,(anonymous_5)
FN:48,(anonymous_6)
FN:49,(anonymous_7)
FN:63,(anonymous_8)
FN:82,(anonymous_9)
FN:85,(anonymous_10)
FN:86,(anonymous_11)
FN:106,(anonymous_12)
FN:147,(anonymous_13)
FN:161,(anonymous_14)
FN:264,(anonymous_15)
FNF:16
FNH:7
FNDA:62,(anonymous_0)
FNDA:14,(anonymous_1)
FNDA:2,(anonymous_2)
FNDA:0,(anonymous_3)
FNDA:2,(anonymous_4)
FNDA:2,(anonymous_5)
FNDA:0,(anonymous_6)
FNDA:2,(anonymous_7)
FNDA:14,(anonymous_8)
FNDA:0,(anonymous_9)
FNDA:0,(anonymous_10)
FNDA:0,(anonymous_11)
FNDA:0,(anonymous_12)
FNDA:0,(anonymous_13)
FNDA:0,(anonymous_14)
FNDA:0,(anonymous_15)
DA:24,4
DA:30,62
DA:31,62
DA:32,62
DA:33,62
DA:34,62
DA:35,62
DA:37,62
DA:38,14
DA:39,2
DA:40,2
DA:41,2
DA:42,0
DA:43,2
DA:45,2
DA:46,2
DA:47,2
DA:48,0
DA:49,2
DA:59,62
DA:63,62
DA:64,14
DA:65,3
DA:66,3
DA:67,3
DA:68,3
DA:69,3
DA:70,3
DA:71,3
DA:72,3
DA:73,3
DA:74,3
DA:75,3
DA:76,3
DA:80,62
DA:82,10
DA:83,0
DA:84,0
DA:85,0
DA:86,0
DA:88,0
DA:105,0
DA:106,0
DA:107,0
DA:108,0
DA:109,0
DA:110,0
DA:113,0
DA:114,0
DA:118,10
DA:147,0
DA:161,0
DA:264,0
LF:53
LH:35
BRDA:38,0,0,2
BRDA:38,0,1,12
BRDA:41,1,0,2
BRDA:41,1,1,0
BRDA:47,2,0,2
BRDA:47,2,1,0
BRDA:64,3,0,3
BRDA:64,3,1,11
BRDA:66,4,0,3
BRDA:66,4,1,0
BRDA:67,5,0,3
BRDA:67,5,1,0
BRDA:68,6,0,3
BRDA:68,6,1,0
BRDA:69,7,0,3
BRDA:69,7,1,0
BRDA:70,8,0,3
BRDA:70,8,1,0
BRDA:71,9,0,3
BRDA:71,9,1,0
BRDA:72,10,0,3
BRDA:72,10,1,0
BRDA:73,11,0,3
BRDA:73,11,1,0
BRDA:74,12,0,3
BRDA:74,12,1,0
BRDA:75,13,0,3
BRDA:75,13,1,0
BRDA:76,14,0,0
BRDA:76,14,1,3
BRDA:80,15,0,51
BRDA:80,15,1,11
BRDA:86,16,0,0
BRDA:86,16,1,0
BRDA:91,17,0,0
BRDA:91,17,1,0
BRDA:93,18,0,0
BRDA:93,18,1,0
BRDA:94,19,0,0
BRDA:94,19,1,0
BRDA:99,20,0,0
BRDA:99,20,1,0
BRDA:101,21,0,0
BRDA:101,21,1,0
BRDA:102,22,0,0
BRDA:102,22,1,0
BRDA:114,23,0,0
BRDA:114,23,1,0
BRDA:135,24,0,62
BRDA:135,24,1,0
BRDA:146,25,0,3
BRDA:146,25,1,7
BRDA:247,26,0,62
BRDA:247,26,1,10
BRDA:260,27,0,62
BRDA:260,27,1,0
BRF:56
BRH:25
end_of_record
TN:
SF:src\components\admin\TaskModalForm.module.css
FNF:0
FNH:0
LF:0
LH:0
BRF:0
BRH:0
end_of_record
TN:
SF:src\components\common\ErrorBoundary.tsx
FN:18,getDerivedStateFromError
FN:22,componentDidCatch
FN:26,render
FN:33,(anonymous_3)
FNF:4
FNH:0
FNDA:0,getDerivedStateFromError
FNDA:0,componentDidCatch
FNDA:0,render
FNDA:0,(anonymous_3)
DA:13,0
DA:19,0
DA:23,0
DA:27,0
DA:28,0
DA:33,0
DA:42,0
LF:7
LH:0
BRDA:27,0,0,0
BRDA:27,0,1,0
BRF:2
BRH:0
end_of_record
TN:
SF:src\components\common\Modal.module.css
FNF:0
FNH:0
LF:0
LH:0
BRF:0
BRH:0
end_of_record
TN:
SF:src\components\common\Modal.tsx
FN:12,(anonymous_0)
FN:17,(anonymous_1)
FN:26,(anonymous_2)
FN:40,(anonymous_3)
FN:75,(anonymous_4)
FN:93,(anonymous_5)
FNF:6
FNH:6
FNDA:306,(anonymous_0)
FNDA:261,(anonymous_1)
FNDA:1,(anonymous_2)
FNDA:1,(anonymous_3)
FNDA:31,(anonymous_4)
FNDA:11,(anonymous_5)
DA:12,11
DA:13,306
DA:14,306
DA:15,306
DA:17,306
DA:18,261
DA:21,31
DA:22,31
DA:23,31
DA:26,31
DA:27,1
DA:28,1
DA:31,1
DA:32,1
DA:34,0
DA:40,31
DA:41,1
DA:42,1
DA:43,1
DA:46,0
DA:47,0
DA:53,0
DA:55,0
DA:56,0
DA:58,0
DA:59,0
DA:60,0
DA:61,0
DA:64,0
DA:65,0
DA:66,0
DA:72,31
DA:75,31
DA:76,31
DA:77,31
DA:78,31
DA:79,31
DA:80,31
DA:85,306
DA:87,61
DA:93,11
LF:41
LH:28
BRDA:18,0,0,230
BRDA:18,0,1,31
BRDA:27,1,0,1
BRDA:27,1,1,0
BRDA:31,2,0,1
BRDA:31,2,1,0
BRDA:41,3,0,1
BRDA:41,3,1,0
BRDA:46,4,0,0
BRDA:46,4,1,0
BRDA:46,5,0,0
BRDA:46,5,1,0
BRDA:53,6,0,0
BRDA:53,6,1,0
BRDA:58,7,0,0
BRDA:58,7,1,0
BRDA:59,8,0,0
BRDA:59,8,1,0
BRDA:64,9,0,0
BRDA:64,9,1,0
BRDA:79,10,0,31
BRDA:79,10,1,0
BRDA:79,11,0,31
BRDA:79,11,1,31
BRDA:85,12,0,244
BRDA:85,12,1,62
BRF:26
BRH:10
end_of_record
TN:
SF:src\components\common\PageLoader.tsx
FN:3,(anonymous_0)
FNF:1
FNH:1
FNDA:41,(anonymous_0)
DA:3,6
DA:4,41
LF:2
LH:2
BRF:0
BRH:0
end_of_record
TN:
SF:src\components\common\Toast.module.css
FNF:0
FNH:0
LF:0
LH:0
BRF:0
BRH:0
end_of_record
TN:
SF:src\components\common\Toast.tsx
FN:12,(anonymous_0)
FN:13,(anonymous_1)
FN:15,(anonymous_2)
FNF:3
FNH:3
FNDA:6,(anonymous_0)
FNDA:6,(anonymous_1)
FNDA:6,(anonymous_2)
DA:12,13
DA:13,6
DA:14,6
DA:15,6
DA:18,6
DA:19,6
DA:21,6
LF:7
LH:7
BRDA:12,0,0,6
BRDA:12,1,0,6
BRDA:18,2,0,6
BRDA:18,2,1,0
BRDA:18,3,0,0
BRDA:18,3,1,0
BRDA:19,4,0,0
BRDA:19,4,1,6
BRDA:28,5,0,6
BRDA:28,5,1,0
BRDA:28,6,0,0
BRDA:28,6,1,0
BRF:12
BRH:5
end_of_record
TN:
SF:src\components\dashboard\ActivityTimeline.module.css
FNF:0
FNH:0
LF:0
LH:0
BRF:0
BRH:0
end_of_record
TN:
SF:src\components\dashboard\ActivityTimeline.tsx
FN:9,(anonymous_0)
FN:18,(anonymous_1)
FNF:2
FNH:2
FNDA:1,(anonymous_0)
FNDA:4,(anonymous_1)
DA:9,1
DA:10,1
DA:19,4
LF:3
LH:3
BRF:0
BRH:0
end_of_record
TN:
SF:src\components\dashboard\ChartCard.module.css
FNF:0
FNH:0
LF:0
LH:0
BRF:0
BRH:0
end_of_record
TN:
SF:src\components\dashboard\ChartCard.tsx
FN:13,(anonymous_0)
FN:36,(anonymous_1)
FNF:2
FNH:1
FNDA:37,(anonymous_0)
FNDA:0,(anonymous_1)
DA:13,3
DA:21,37
DA:22,37
DA:24,37
DA:37,0
DA:38,0
DA:39,0
LF:7
LH:4
BRDA:17,0,0,37
BRDA:22,1,0,0
BRDA:22,1,1,34
BRDA:29,2,0,37
BRDA:29,2,1,34
BRDA:32,3,0,37
BRDA:32,3,1,0
BRF:7
BRH:5
end_of_record
TN:
SF:src\components\dashboard\DashboardCard.module.css
FNF:0
FNH:0
LF:0
LH:0
BRF:0
BRH:0
end_of_record
TN:
SF:src\components\dashboard\DashboardCard.tsx
FN:23,(anonymous_0)
FNF:1
FNH:1
FNDA:57,(anonymous_0)
DA:16,3
DA:23,3
DA:24,57
DA:26,57
LF:4
LH:4
BRDA:39,0,0,41
BRDA:39,0,1,16
BRDA:42,1,0,41
BRDA:42,1,1,16
BRF:4
BRH:4
end_of_record
TN:
SF:src\components\dashboard\QuickActions.module.css
FNF:0
FNH:0
LF:0
LH:0
BRF:0
BRH:0
end_of_record
TN:
SF:src\components\dashboard\QuickActions.tsx
FN:13,(anonymous_0)
FN:23,(anonymous_1)
FN:29,(anonymous_2)
FN:35,(anonymous_3)
FN:41,(anonymous_4)
FN:53,(anonymous_5)
FNF:6
FNH:2
FNDA:5,(anonymous_0)
FNDA:0,(anonymous_1)
FNDA:0,(anonymous_2)
FNDA:0,(anonymous_3)
FNDA:0,(anonymous_4)
FNDA:15,(anonymous_5)
DA:13,2
DA:14,5
DA:15,5
DA:16,5
DA:18,5
DA:23,0
DA:29,0
DA:35,0
DA:41,0
DA:45,5
DA:54,15
LF:11
LH:7
BRDA:25,0,0,0
BRDA:25,0,1,5
BRF:2
BRH:1
end_of_record
TN:
SF:src\components\dashboard\TaskStatusChart.tsx
FN:16,(anonymous_0)
FN:38,(anonymous_1)
FN:57,(anonymous_2)
FNF:3
FNH:2
FNDA:17,(anonymous_0)
FNDA:68,(anonymous_1)
FNDA:0,(anonymous_2)
DA:16,3
DA:17,17
DA:18,17
DA:20,17
DA:21,17
DA:22,17
DA:23,17
DA:25,17
DA:39,68
DA:58,0
LF:10
LH:9
BRDA:20,0,0,0
BRDA:20,0,1,17
BRDA:21,1,0,0
BRDA:21,1,1,17
BRDA:22,2,0,0
BRDA:22,2,1,17
BRDA:23,3,0,0
BRDA:23,3,1,17
BRF:8
BRH:4
end_of_record
TN:
SF:src\components\dashboard\TaskTable.module.css
FNF:0
FNH:0
LF:0
LH:0
BRF:0
BRH:0
end_of_record
TN:
SF:src\components\dashboard\TaskTable.tsx
FN:15,(anonymous_0)
FN:19,(anonymous_1)
FN:20,(anonymous_2)
FN:26,(anonymous_3)
FN:29,(anonymous_4)
FN:64,(anonymous_5)
FN:94,(anonymous_6)
FN:95,(anonymous_7)
FN:107,(anonymous_8)
FN:115,(anonymous_9)
FN:123,(anonymous_10)
FNF:11
FNH:4
FNDA:2,(anonymous_0)
FNDA:2,(anonymous_1)
FNDA:0,(anonymous_2)
FNDA:2,(anonymous_3)
FNDA:0,(anonymous_4)
FNDA:1,(anonymous_5)
FNDA:0,(anonymous_6)
FNDA:0,(anonymous_7)
FNDA:0,(anonymous_8)
FNDA:0,(anonymous_9)
FNDA:0,(anonymous_10)
DA:15,2
DA:16,2
DA:17,2
DA:19,2
DA:20,2
DA:21,0
DA:22,0
DA:25,2
DA:26,2
DA:29,2
DA:30,0
DA:32,0
DA:35,2
DA:65,1
DA:95,0
DA:107,0
DA:115,0
DA:123,0
LF:18
LH:10
BRDA:21,0,0,0
BRDA:21,0,1,0
BRDA:21,1,0,0
BRDA:21,1,1,0
BRDA:41,2,0,2
BRDA:41,2,1,2
BRDA:95,3,0,0
BRDA:95,3,1,0
BRDA:101,4,0,1
BRDA:101,4,1,0
BRF:10
BRH:3
end_of_record
TN:
SF:src\components\dashboard\UpcomingDeadlines.module.css
FNF:0
FNH:0
LF:0
LH:0
BRF:0
BRH:0
end_of_record
TN:
SF:src\components\dashboard\UpcomingDeadlines.tsx
FN:10,(anonymous_0)
FN:19,(anonymous_1)
FNF:2
FNH:2
FNDA:17,(anonymous_0)
FNDA:7,(anonymous_1)
DA:10,3
DA:11,17
DA:20,7
LF:3
LH:3
BRF:0
BRH:0
end_of_record
TN:
SF:src\components\dashboard\WeeklyProductivityChart.tsx
FN:17,(anonymous_0)
FNF:1
FNH:1
FNDA:20,(anonymous_0)
DA:17,3
DA:18,20
DA:19,20
DA:21,20
DA:22,20
DA:23,20
DA:24,20
DA:25,20
DA:27,20
LF:9
LH:9
BRDA:21,0,0,0
BRDA:21,0,1,17
BRDA:22,1,0,0
BRDA:22,1,1,17
BRDA:23,2,0,0
BRDA:23,2,1,17
BRDA:24,3,0,0
BRDA:24,3,1,17
BRDA:25,4,0,0
BRDA:25,4,1,17
BRF:10
BRH:5
end_of_record
TN:
SF:src\components\forms\ForgotPasswordForm.module.css
FNF:0
FNH:0
LF:0
LH:0
BRF:0
BRH:0
end_of_record
TN:
SF:src\components\forms\ForgotPasswordForm.tsx
FN:5,(anonymous_0)
FNF:1
FNH:0
FNDA:0,(anonymous_0)
DA:5,0
DA:6,0
LF:2
LH:0
BRF:0
BRH:0
end_of_record
TN:
SF:src\components\forms\LoginForm.module.css
FNF:0
FNH:0
LF:0
LH:0
BRF:0
BRH:0
end_of_record
TN:
SF:src\components\forms\LoginForm.tsx
FN:19,(anonymous_0)
FN:35,(anonymous_1)
FN:35,(anonymous_2)
FNF:3
FNH:0
FNDA:0,(anonymous_0)
FNDA:0,(anonymous_1)
FNDA:0,(anonymous_2)
DA:19,0
DA:20,0
DA:26,0
DA:35,0
DA:37,0
LF:5
LH:0
BRDA:19,0,0,0
BRDA:45,1,0,0
BRDA:45,1,1,0
BRDA:53,2,0,0
BRDA:53,2,1,0
BRDA:78,3,0,0
BRDA:78,3,1,0
BRDA:88,4,0,0
BRDA:88,4,1,0
BRDA:91,5,0,0
BRDA:91,5,1,0
BRF:11
BRH:0
end_of_record
TN:
SF:src\components\forms\SignupForm.module.css
FNF:0
FNH:0
LF:0
LH:0
BRF:0
BRH:0
end_of_record
TN:
SF:src\components\forms\SignupForm.tsx
FN:20,(anonymous_0)
FN:36,(anonymous_1)
FN:126,(anonymous_2)
FN:126,(anonymous_3)
FN:166,(anonymous_4)
FN:166,(anonymous_5)
FNF:6
FNH:0
FNDA:0,(anonymous_0)
FNDA:0,(anonymous_1)
FNDA:0,(anonymous_2)
FNDA:0,(anonymous_3)
FNDA:0,(anonymous_4)
FNDA:0,(anonymous_5)
DA:20,0
DA:21,0
DA:22,0
DA:23,0
DA:24,0
DA:25,0
DA:27,0
DA:28,0
DA:30,0
DA:31,0
DA:33,0
DA:36,0
DA:42,0
DA:43,0
DA:50,0
DA:61,0
DA:62,0
DA:66,0
DA:126,0
DA:166,0
LF:20
LH:0
BRDA:21,0,0,0
BRDA:21,0,1,0
BRDA:22,1,0,0
BRDA:22,1,1,0
BRDA:27,2,0,0
BRDA:27,2,1,0
BRDA:27,3,0,0
BRDA:27,3,1,0
BRDA:27,3,2,0
BRDA:27,3,3,0
BRDA:30,4,0,0
BRDA:30,4,1,0
BRDA:30,5,0,0
BRDA:30,5,1,0
BRDA:30,5,2,0
BRDA:38,6,0,0
BRDA:62,7,0,0
BRDA:62,7,1,0
BRDA:74,8,0,0
BRDA:74,8,1,0
BRDA:82,9,0,0
BRDA:82,9,1,0
BRDA:117,10,0,0
BRDA:117,10,1,0
BRDA:127,11,0,0
BRDA:127,11,1,0
BRDA:129,12,0,0
BRDA:129,12,1,0
BRDA:136,13,0,0
BRDA:136,13,1,0
BRDA:157,14,0,0
BRDA:157,14,1,0
BRDA:167,15,0,0
BRDA:167,15,1,0
BRDA:169,16,0,0
BRDA:169,16,1,0
BRDA:191,17,0,0
BRDA:191,17,1,0
BRF:38
BRH:0
end_of_record
TN:
SF:src\components\layout\AdminRoute.tsx
FN:4,(anonymous_0)
FN:10,(anonymous_1)
FNF:2
FNH:1
FNDA:31,(anonymous_0)
FNDA:0,(anonymous_1)
DA:4,3
DA:5,31
DA:6,31
DA:7,31
DA:10,3
DA:11,0
LF:6
LH:5
BRDA:5,0,0,0
BRDA:5,0,1,31
BRDA:5,1,0,31
BRDA:5,1,1,31
BRDA:7,2,0,31
BRDA:7,2,1,5
BRF:6
BRH:5
end_of_record
TN:
SF:src\components\layout\MainLayout.module.css
FNF:0
FNH:0
LF:0
LH:0
BRF:0
BRH:0
end_of_record
TN:
SF:src\components\layout\MainLayout.tsx
FN:8,(anonymous_0)
FN:17,(anonymous_1)
FN:17,(anonymous_2)
FN:23,(anonymous_3)
FN:28,(anonymous_4)
FNF:5
FNH:1
FNDA:3,(anonymous_0)
FNDA:0,(anonymous_1)
FNDA:0,(anonymous_2)
FNDA:0,(anonymous_3)
FNDA:0,(anonymous_4)
DA:8,1
DA:9,3
DA:10,3
DA:12,3
DA:17,0
DA:23,0
DA:28,0
LF:7
LH:4
BRF:0
BRH:0
end_of_record
TN:
SF:src\components\layout\MobileDrawer.module.css
FNF:0
FNH:0
LF:0
LH:0
BRF:0
BRH:0
end_of_record
TN:
SF:src\components\layout\MobileDrawer.tsx
FN:24,(anonymous_0)
FN:50,(anonymous_1)
FN:55,(anonymous_2)
FN:62,(anonymous_3)
FN:93,(anonymous_4)
FN:133,(anonymous_5)
FN:139,(anonymous_6)
FNF:7
FNH:4
FNDA:2,(anonymous_0)
FNDA:1,(anonymous_1)
FNDA:0,(anonymous_2)
FNDA:0,(anonymous_3)
FNDA:0,(anonymous_4)
FNDA:12,(anonymous_5)
FNDA:12,(anonymous_6)
DA:24,1
DA:25,2
DA:26,2
DA:28,2
DA:29,2
DA:31,2
DA:50,2
DA:51,1
DA:53,0
DA:55,0
DA:56,0
DA:57,0
DA:58,0
DA:62,0
DA:63,0
DA:64,0
DA:65,0
DA:68,0
DA:69,0
DA:72,0
DA:74,0
DA:75,0
DA:77,0
DA:78,0
DA:79,0
DA:80,0
DA:83,0
DA:84,0
DA:85,0
DA:91,0
DA:93,0
DA:94,0
DA:95,0
DA:96,0
DA:97,0
DA:102,2
DA:134,12
DA:140,12
LF:38
LH:11
BRDA:31,0,0,0
BRDA:31,0,1,2
BRDA:51,1,0,1
BRDA:51,1,1,0
BRDA:56,2,0,0
BRDA:56,2,1,0
BRDA:63,3,0,0
BRDA:63,3,1,0
BRDA:68,4,0,0
BRDA:68,4,1,0
BRDA:68,5,0,0
BRDA:68,5,1,0
BRDA:72,6,0,0
BRDA:72,6,1,0
BRDA:77,7,0,0
BRDA:77,7,1,0
BRDA:78,8,0,0
BRDA:78,8,1,0
BRDA:83,9,0,0
BRDA:83,9,1,0
BRDA:96,10,0,0
BRDA:96,10,1,0
BRDA:96,11,0,0
BRDA:96,11,1,0
BRDA:106,12,0,2
BRDA:106,12,1,0
BRDA:114,13,0,2
BRDA:114,13,1,0
BRDA:126,14,0,0
BRDA:126,14,1,2
BRDA:138,15,0,0
BRDA:138,15,1,12
BRDA:140,16,0,12
BRDA:140,16,1,2
BRF:34
BRH:8
end_of_record
TN:
SF:src\components\layout\Navbar.module.css
FNF:0
FNH:0
LF:0
LH:0
BRF:0
BRH:0
end_of_record
TN:
SF:src\components\layout\Navbar.tsx
FN:20,(anonymous_0)
FN:35,(anonymous_1)
FN:54,(anonymous_2)
FN:55,(anonymous_3)
FN:65,(anonymous_4)
FN:72,(anonymous_5)
FN:105,(anonymous_6)
FN:150,(anonymous_7)
FN:151,(anonymous_8)
FN:154,(anonymous_9)
FN:154,(anonymous_10)
FN:185,(anonymous_11)
FN:202,(anonymous_12)
FN:203,(anonymous_13)
FN:251,(anonymous_14)
FN:260,(anonymous_15)
FNF:16
FNH:4
FNDA:2,(anonymous_0)
FNDA:2,(anonymous_1)
FNDA:1,(anonymous_2)
FNDA:0,(anonymous_3)
FNDA:1,(anonymous_4)
FNDA:0,(anonymous_5)
FNDA:0,(anonymous_6)
FNDA:0,(anonymous_7)
FNDA:0,(anonymous_8)
FNDA:0,(anonymous_9)
FNDA:0,(anonymous_10)
FNDA:0,(anonymous_11)
FNDA:0,(anonymous_12)
FNDA:0,(anonymous_13)
FNDA:0,(anonymous_14)
FNDA:0,(anonymous_15)
DA:20,1
DA:21,2
DA:22,2
DA:24,0
DA:25,0
DA:27,0
DA:28,2
DA:35,1
DA:36,2
DA:37,2
DA:38,2
DA:39,2
DA:41,2
DA:42,2
DA:43,2
DA:45,2
DA:46,2
DA:50,2
DA:51,2
DA:54,2
DA:55,1
DA:56,0
DA:57,0
DA:58,0
DA:60,0
DA:61,0
DA:64,1
DA:65,1
DA:69,2
DA:70,2
DA:72,2
DA:73,0
DA:74,0
DA:75,0
DA:78,2
DA:106,0
DA:107,0
DA:108,0
DA:109,0
DA:151,0
DA:152,0
DA:153,0
DA:154,0
DA:186,0
DA:203,0
DA:204,0
DA:251,0
DA:260,0
LF:48
LH:24
BRDA:21,0,0,2
BRDA:21,0,1,0
BRDA:22,1,0,2
BRDA:22,1,1,0
BRDA:24,2,0,0
BRDA:24,2,1,0
BRDA:24,3,0,0
BRDA:24,3,1,0
BRDA:27,4,0,0
BRDA:27,4,1,0
BRDA:57,5,0,0
BRDA:57,5,1,0
BRDA:57,6,0,0
BRDA:57,6,1,0
BRDA:60,7,0,0
BRDA:60,7,1,0
BRDA:60,8,0,0
BRDA:60,8,1,0
BRDA:70,9,0,2
BRDA:70,9,1,0
BRDA:108,10,0,0
BRDA:108,10,1,0
BRDA:139,11,0,0
BRDA:139,11,1,2
BRDA:140,12,0,0
BRDA:140,12,1,2
BRDA:142,13,0,0
BRDA:142,13,1,2
BRDA:153,14,0,0
BRDA:153,14,1,0
BRDA:154,15,0,0
BRDA:154,15,1,0
BRDA:161,16,0,2
BRDA:161,16,1,0
BRDA:176,17,0,2
BRDA:176,17,1,0
BRDA:181,18,0,0
BRDA:181,18,1,0
BRDA:207,19,0,2
BRDA:207,19,1,0
BRDA:211,20,0,2
BRDA:211,20,1,0
BRDA:215,21,0,2
BRDA:215,21,1,0
BRDA:216,22,0,2
BRDA:216,22,1,0
BRDA:222,23,0,2
BRDA:222,23,1,0
BRDA:239,24,0,0
BRDA:239,24,1,0
BRDA:240,25,0,0
BRDA:240,25,1,0
BRDA:248,26,0,0
BRDA:248,26,1,0
BRDA:257,27,0,0
BRDA:257,27,1,0
BRF:56
BRH:13
end_of_record
TN:
SF:src\components\layout\ProtectedLayout.tsx
FN:9,(anonymous_0)
FNF:1
FNH:1
FNDA:5,(anonymous_0)
DA:9,2
DA:10,5
DA:12,5
DA:13,1
DA:16,4
LF:5
LH:5
BRDA:12,0,0,1
BRDA:12,0,1,4
BRF:2
BRH:2
end_of_record
TN:
SF:src\components\layout\ProtectedRoute.tsx
FN:11,(anonymous_0)
FNF:1
FNH:1
FNDA:8,(anonymous_0)
DA:11,4
DA:12,8
DA:14,8
DA:15,1
DA:18,6
DA:20,1
DA:23,5
DA:25,1
DA:28,4
LF:9
LH:9
BRDA:14,0,0,1
BRDA:14,0,1,7
BRDA:14,1,0,8
BRDA:14,1,1,6
BRDA:18,2,0,1
BRDA:18,2,1,5
BRDA:18,3,0,6
BRDA:18,3,1,1
BRDA:23,4,0,1
BRDA:23,4,1,4
BRDA:23,5,0,5
BRDA:23,5,1,4
BRDA:28,6,0,1
BRDA:28,6,1,3
BRF:14
BRH:14
end_of_record
TN:
SF:src\components\layout\Sidebar.module.css
FNF:0
FNH:0
LF:0
LH:0
BRF:0
BRH:0
end_of_record
TN:
SF:src\components\layout\Sidebar.tsx
FN:25,(anonymous_0)
FN:30,(anonymous_1)
FN:84,(anonymous_2)
FN:88,(anonymous_3)
FNF:4
FNH:3
FNDA:2,(anonymous_0)
FNDA:0,(anonymous_1)
FNDA:12,(anonymous_2)
FNDA:12,(anonymous_3)
DA:25,1
DA:26,2
DA:27,2
DA:28,2
DA:30,2
DA:31,0
DA:32,0
DA:35,2
DA:54,2
DA:85,12
DA:89,12
LF:11
LH:9
BRDA:35,0,0,0
BRDA:35,0,1,2
BRDA:58,1,0,0
BRDA:58,1,1,2
BRDA:65,2,0,0
BRDA:65,2,1,2
BRDA:75,3,0,0
BRDA:75,3,1,2
BRDA:76,4,0,0
BRDA:76,4,1,2
BRDA:78,5,0,0
BRDA:78,5,1,2
BRDA:89,6,0,12
BRDA:89,6,1,2
BRDA:91,7,0,0
BRDA:91,7,1,12
BRDA:96,8,0,12
BRDA:96,8,1,12
BRDA:107,9,0,0
BRDA:107,9,1,2
BRDA:112,10,0,2
BRDA:112,10,1,2
BRF:22
BRH:14
end_of_record
TN:
SF:src\components\projects\ProjectProgressSection.tsx
FN:10,(anonymous_0)
FN:20,(anonymous_1)
FN:32,(anonymous_2)
FN:38,(anonymous_3)
FN:51,(anonymous_4)
FN:64,(anonymous_5)
FN:94,(anonymous_6)
FN:137,(anonymous_7)
FN:158,(anonymous_8)
FN:163,(anonymous_9)
FN:170,(anonymous_10)
FN:192,(anonymous_11)
FN:203,(anonymous_12)
FNF:13
FNH:9
FNDA:20,(anonymous_0)
FNDA:6,(anonymous_1)
FNDA:4,(anonymous_2)
FNDA:1,(anonymous_3)
FNDA:0,(anonymous_4)
FNDA:1,(anonymous_5)
FNDA:1,(anonymous_6)
FNDA:10,(anonymous_7)
FNDA:0,(anonymous_8)
FNDA:0,(anonymous_9)
FNDA:0,(anonymous_10)
FNDA:1,(anonymous_11)
FNDA:1,(anonymous_12)
DA:10,2
DA:11,20
DA:12,20
DA:13,20
DA:14,20
DA:15,20
DA:16,20
DA:18,20
DA:20,20
DA:21,6
DA:22,6
DA:23,6
DA:24,6
DA:28,6
DA:32,20
DA:33,4
DA:34,4
DA:38,20
DA:39,1
DA:40,1
DA:41,1
DA:42,1
DA:43,1
DA:44,1
DA:45,1
DA:47,0
DA:51,20
DA:52,0
DA:53,0
DA:54,0
DA:55,0
DA:56,0
DA:57,0
DA:58,0
DA:60,0
DA:64,20
DA:65,1
DA:66,1
DA:67,1
DA:68,1
DA:69,1
DA:71,0
DA:75,20
DA:94,1
DA:138,10
DA:139,10
DA:158,0
DA:163,0
DA:170,0
DA:193,1
DA:194,1
DA:203,1
LF:52
LH:39
BRDA:33,0,0,4
BRDA:33,0,1,0
BRDA:40,1,0,0
BRDA:40,1,1,1
BRDA:47,2,0,0
BRDA:47,2,1,0
BRDA:52,3,0,0
BRDA:52,3,1,0
BRDA:60,4,0,0
BRDA:60,4,1,0
BRDA:65,5,0,0
BRDA:65,5,1,1
BRDA:71,6,0,0
BRDA:71,6,1,0
BRDA:82,7,0,20
BRDA:82,7,1,0
BRDA:120,8,0,2
BRDA:120,8,1,18
BRDA:129,9,0,6
BRDA:129,9,1,14
BRDA:131,10,0,4
BRDA:131,10,1,10
BRDA:138,11,0,10
BRDA:138,11,1,10
BRDA:138,11,2,0
BRDA:153,12,0,1
BRDA:153,12,1,9
BRDA:188,13,0,10
BRDA:188,13,1,9
BRDA:188,13,2,9
BRF:30
BRH:17
end_of_record
TN:
SF:src\components\shared\ConfirmationDialog.tsx
FN:21,(anonymous_0)
FN:36,(anonymous_1)
FN:40,(anonymous_2)
FNF:3
FNH:2
FNDA:93,(anonymous_0)
FNDA:0,(anonymous_1)
FNDA:4,(anonymous_2)
DA:21,7
DA:35,93
DA:36,93
DA:37,93
DA:38,93
DA:40,93
DA:41,4
DA:42,4
DA:43,4
DA:45,4
DA:49,93
DA:51,93
LF:12
LH:12
BRDA:27,0,0,93
BRDA:29,1,0,93
BRDA:31,2,0,93
BRDA:32,3,0,93
BRDA:36,4,0,93
BRDA:36,4,1,92
BRDA:36,4,2,0
BRDA:37,5,0,93
BRDA:37,5,1,91
BRDA:38,6,0,93
BRDA:38,6,1,92
BRDA:49,7,0,93
BRDA:49,7,1,93
BRDA:63,8,0,92
BRDA:63,8,1,1
BRDA:64,9,0,92
BRDA:64,9,1,1
BRDA:86,10,0,92
BRDA:86,10,1,1
BRDA:87,11,0,92
BRDA:87,11,1,1
BRF:21
BRH:20
end_of_record
TN:
SF:src\components\shared\Pagination.module.css
FNF:0
FNH:0
LF:0
LH:0
BRF:0
BRH:0
end_of_record
TN:
SF:src\components\shared\Pagination.tsx
FN:13,(anonymous_0)
FN:27,(anonymous_1)
FN:40,(anonymous_2)
FN:46,(anonymous_3)
FN:51,(anonymous_4)
FN:63,(anonymous_5)
FNF:6
FNH:6
FNDA:48,(anonymous_0)
FNDA:18,(anonymous_1)
FNDA:1,(anonymous_2)
FNDA:18,(anonymous_3)
FNDA:1,(anonymous_4)
FNDA:1,(anonymous_5)
DA:13,5
DA:21,48
DA:23,6
DA:24,48
DA:25,48
DA:27,48
DA:29,48
DA:40,1
DA:47,18
DA:51,1
DA:63,1
LF:11
LH:11
BRDA:17,0,0,48
BRDA:21,1,0,42
BRDA:21,1,1,6
BRDA:23,2,0,6
BRDA:23,2,1,5
BRDA:50,3,0,6
BRDA:50,3,1,12
BRDA:53,4,0,6
BRDA:53,4,1,12
BRF:9
BRH:9
end_of_record
TN:
SF:src\components\tasks\TaskProgressSection.tsx
FN:10,(anonymous_0)
FN:20,(anonymous_1)
FN:32,(anonymous_2)
FN:38,(anonymous_3)
FN:51,(anonymous_4)
FN:64,(anonymous_5)
FN:94,(anonymous_6)
FN:137,(anonymous_7)
FN:158,(anonymous_8)
FN:163,(anonymous_9)
FN:170,(anonymous_10)
FN:192,(anonymous_11)
FN:203,(anonymous_12)
FNF:13
FNH:9
FNDA:31,(anonymous_0)
FNDA:9,(anonymous_1)
FNDA:7,(anonymous_2)
FNDA:1,(anonymous_3)
FNDA:0,(anonymous_4)
FNDA:1,(anonymous_5)
FNDA:1,(anonymous_6)
FNDA:10,(anonymous_7)
FNDA:0,(anonymous_8)
FNDA:0,(anonymous_9)
FNDA:0,(anonymous_10)
FNDA:1,(anonymous_11)
FNDA:1,(anonymous_12)
DA:10,5
DA:11,31
DA:12,31
DA:13,31
DA:14,31
DA:15,31
DA:16,31
DA:18,31
DA:20,31
DA:21,9
DA:22,9
DA:23,9
DA:24,9
DA:28,9
DA:32,31
DA:33,7
DA:34,7
DA:38,31
DA:39,1
DA:40,1
DA:41,1
DA:42,1
DA:43,1
DA:44,1
DA:45,1
DA:47,0
DA:51,31
DA:52,0
DA:53,0
DA:54,0
DA:55,0
DA:56,0
DA:57,0
DA:58,0
DA:60,0
DA:64,31
DA:65,1
DA:66,1
DA:67,1
DA:68,1
DA:69,1
DA:71,0
DA:75,31
DA:94,1
DA:138,10
DA:139,10
DA:158,0
DA:163,0
DA:170,0
DA:193,1
DA:194,1
DA:203,1
LF:52
LH:39
BRDA:33,0,0,7
BRDA:33,0,1,0
BRDA:40,1,0,0
BRDA:40,1,1,1
BRDA:47,2,0,0
BRDA:47,2,1,0
BRDA:52,3,0,0
BRDA:52,3,1,0
BRDA:60,4,0,0
BRDA:60,4,1,0
BRDA:65,5,0,0
BRDA:65,5,1,1
BRDA:71,6,0,0
BRDA:71,6,1,0
BRDA:82,7,0,31
BRDA:82,7,1,0
BRDA:120,8,0,2
BRDA:120,8,1,28
BRDA:129,9,0,8
BRDA:129,9,1,22
BRDA:131,10,0,12
BRDA:131,10,1,10
BRDA:138,11,0,10
BRDA:138,11,1,10
BRDA:138,11,2,0
BRDA:153,12,0,1
BRDA:153,12,1,9
BRDA:188,13,0,10
BRDA:188,13,1,9
BRDA:188,13,2,9
BRF:30
BRH:17
end_of_record
TN:
SF:src\components\ui\AppButton.module.css
FNF:0
FNH:0
LF:0
LH:0
BRF:0
BRH:0
end_of_record
TN:
SF:src\components\ui\AppButton.tsx
FN:19,(anonymous_0)
FN:23,(anonymous_1)
FNF:2
FNH:2
FNDA:4,(anonymous_0)
FNDA:292,(anonymous_1)
DA:19,16
DA:20,4
DA:23,16
DA:37,292
DA:39,292
LF:5
LH:5
BRDA:24,0,0,292
BRDA:25,1,0,292
BRDA:26,2,0,292
BRDA:27,3,0,292
BRDA:34,4,0,292
BRDA:37,5,0,292
BRDA:37,5,1,164
BRDA:46,6,0,292
BRDA:46,6,1,1
BRDA:47,7,0,292
BRDA:47,7,1,4
BRDA:50,8,0,292
BRDA:50,8,1,281
BRDA:54,9,0,4
BRDA:54,9,1,288
BRDA:57,10,0,288
BRDA:57,10,1,128
BRDA:59,11,0,292
BRDA:59,11,1,292
BRDA:60,12,0,292
BRDA:60,12,1,288
BRDA:60,12,2,0
BRF:22
BRH:21
end_of_record
TN:
SF:src\components\ui\AppInput.module.css
FNF:0
FNH:0
LF:0
LH:0
BRF:0
BRH:0
end_of_record
TN:
SF:src\components\ui\AppInput.tsx
FN:14,(anonymous_0)
FN:23,(anonymous_1)
FN:28,(anonymous_2)
FNF:3
FNH:1
FNDA:227,(anonymous_0)
FNDA:0,(anonymous_1)
FNDA:0,(anonymous_2)
DA:14,12
DA:19,227
DA:20,227
DA:21,227
DA:23,227
DA:24,0
DA:25,0
DA:28,227
DA:29,0
DA:30,0
DA:33,227
DA:72,12
LF:12
LH:8
BRDA:20,0,0,227
BRDA:20,0,1,204
BRDA:41,1,0,227
BRDA:41,1,1,0
BRDA:42,2,0,227
BRDA:42,2,1,0
BRDA:45,3,0,227
BRDA:45,3,1,4
BRDA:50,4,0,0
BRDA:50,4,1,227
BRDA:50,5,0,0
BRDA:50,5,1,227
BRDA:56,6,0,227
BRDA:56,6,1,0
BRDA:58,7,0,0
BRDA:58,7,1,227
BRDA:62,8,0,0
BRDA:62,8,1,227
BRF:18
BRH:11
end_of_record
TN:
SF:src\components\ui\AppSelect.module.css
FNF:0
FNH:0
LF:0
LH:0
BRF:0
BRH:0
end_of_record
TN:
SF:src\components\ui\AppSelect.tsx
FN:20,(anonymous_0)
FN:43,(anonymous_1)
FN:47,(anonymous_2)
FN:55,(anonymous_3)
FNF:4
FNH:4
FNDA:150,(anonymous_0)
FNDA:1,(anonymous_1)
FNDA:1,(anonymous_2)
FNDA:537,(anonymous_3)
DA:20,11
DA:22,150
DA:23,150
DA:24,150
DA:26,150
DA:44,1
DA:45,1
DA:48,1
DA:49,1
DA:56,537
DA:79,11
LF:11
LH:11
BRDA:23,0,0,150
BRDA:23,0,1,140
BRDA:34,1,0,150
BRDA:34,1,1,1
BRDA:35,2,0,150
BRDA:35,2,1,1
BRDA:38,3,0,150
BRDA:38,3,1,1
BRDA:51,4,0,1
BRDA:51,4,1,149
BRDA:51,5,0,1
BRDA:51,5,1,148
BRDA:65,6,0,1
BRDA:65,6,1,149
BRDA:69,7,0,1
BRDA:69,7,1,148
BRF:16
BRH:16
end_of_record
TN:
SF:src\components\ui\AvatarGroup.module.css
FNF:0
FNH:0
LF:0
LH:0
BRF:0
BRH:0
end_of_record
TN:
SF:src\components\ui\AvatarGroup.tsx
FN:10,(anonymous_0)
FN:17,(anonymous_1)
FNF:2
FNH:1
FNDA:37,(anonymous_0)
FNDA:0,(anonymous_1)
DA:10,5
DA:11,37
DA:12,37
DA:13,37
DA:15,37
DA:18,0
LF:6
LH:5
BRDA:10,0,0,37
BRDA:10,1,0,37
BRDA:10,2,0,37
BRDA:11,3,0,37
BRDA:11,3,1,0
BRDA:27,4,0,37
BRDA:27,4,1,0
BRF:7
BRH:5
end_of_record
TN:
SF:src\components\ui\EmptyState.module.css
FNF:0
FNH:0
LF:0
LH:0
BRF:0
BRH:0
end_of_record
TN:
SF:src\components\ui\EmptyState.tsx
FN:13,(anonymous_0)
FNF:1
FNH:1
FNDA:1,(anonymous_0)
DA:13,4
DA:20,1
LF:2
LH:2
BRDA:22,0,0,1
BRDA:22,0,1,1
BRDA:26,1,0,1
BRDA:26,1,1,1
BRDA:26,1,2,1
BRF:5
BRH:5
end_of_record
TN:
SF:src\components\ui\LoginIllustration.module.css
FNF:0
FNH:0
LF:0
LH:0
BRF:0
BRH:0
end_of_record
TN:
SF:src\components\ui\LoginIllustration.tsx
FN:4,(anonymous_0)
FNF:1
FNH:0
FNDA:0,(anonymous_0)
DA:4,0
DA:5,0
LF:2
LH:0
BRF:0
BRH:0
end_of_record
TN:
SF:src\components\ui\SectionTitle.module.css
FNF:0
FNH:0
LF:0
LH:0
BRF:0
BRH:0
end_of_record
TN:
SF:src\components\ui\SectionTitle.tsx
FN:10,(anonymous_0)
FNF:1
FNH:1
FNDA:25,(anonymous_0)
DA:10,4
DA:11,25
LF:2
LH:2
BRDA:14,0,0,25
BRDA:14,0,1,25
BRDA:16,1,0,25
BRDA:16,1,1,2
BRF:4
BRH:4
end_of_record
TN:
SF:src\components\ui\SkeletonLoaders.module.css
FNF:0
FNH:0
LF:0
LH:0
BRF:0
BRH:0
end_of_record
TN:
SF:src\components\ui\SkeletonLoaders.tsx
FN:3,(anonymous_0)
FN:14,(anonymous_1)
FN:22,(anonymous_2)
FNF:3
FNH:3
FNDA:52,(anonymous_0)
FNDA:21,(anonymous_1)
FNDA:84,(anonymous_2)
DA:3,4
DA:4,52
DA:14,4
DA:15,21
DA:23,84
LF:5
LH:5
BRF:0
BRH:0
end_of_record
TN:
SF:src\components\ui\StatusBadge.module.css
FNF:0
FNH:0
LF:0
LH:0
BRF:0
BRH:0
end_of_record
TN:
SF:src\components\ui\StatusBadge.tsx
FN:26,(anonymous_0)
FNF:1
FNH:1
FNDA:82,(anonymous_0)
DA:11,7
DA:19,7
DA:26,7
DA:27,82
DA:28,41
DA:42,41
DA:43,41
DA:56,0
LF:8
LH:7
BRDA:26,0,0,82
BRDA:27,1,0,41
BRDA:27,1,1,41
BRDA:37,2,0,41
BRDA:37,2,1,0
BRDA:42,3,0,41
BRDA:42,3,1,0
BRDA:51,4,0,41
BRDA:51,4,1,0
BRF:9
BRH:6
end_of_record
TN:
SF:src\components\ui\SuccessCheckmark.module.css
FNF:0
FNH:0
LF:0
LH:0
BRF:0
BRH:0
end_of_record
TN:
SF:src\components\ui\SuccessCheckmark.tsx
FN:7,(anonymous_0)
FNF:1
FNH:0
FNDA:0,(anonymous_0)
DA:7,0
DA:8,0
LF:2
LH:0
BRDA:7,0,0,0
BRF:1
BRH:0
end_of_record
TN:
SF:src\components\ui\TaskDeadlineBadge.module.css
FNF:0
FNH:0
LF:0
LH:0
BRF:0
BRH:0
end_of_record
TN:
SF:src\components\ui\TaskDeadlineBadge.tsx
FN:14,(anonymous_0)
FN:21,(anonymous_1)
FNF:2
FNH:2
FNDA:21,(anonymous_0)
FNDA:21,(anonymous_1)
DA:14,3
DA:19,21
DA:21,21
DA:22,21
DA:24,0
DA:26,0
DA:28,6
DA:32,0
DA:34,15
DA:38,21
LF:10
LH:7
BRDA:17,0,0,21
BRDA:22,1,0,0
BRDA:22,1,1,0
BRDA:22,1,2,6
BRDA:22,1,3,0
BRDA:22,1,4,0
BRDA:22,1,5,0
BRDA:22,1,6,15
BRDA:45,2,0,21
BRDA:45,2,1,0
BRDA:47,3,0,21
BRDA:47,3,1,21
BRF:12
BRH:6
end_of_record
TN:
SF:src\components\ui\WorkFlowLogo.module.css
FNF:0
FNH:0
LF:0
LH:0
BRF:0
BRH:0
end_of_record
TN:
SF:src\components\ui\WorkFlowLogo.tsx
FN:8,(anonymous_0)
FNF:1
FNH:1
FNDA:4,(anonymous_0)
DA:8,1
DA:9,4
DA:11,4
LF:3
LH:3
BRDA:8,0,0,4
BRDA:8,1,0,4
BRDA:14,2,0,0
BRDA:14,2,1,4
BRDA:22,3,0,0
BRDA:22,3,1,4
BRDA:37,4,0,0
BRDA:37,4,1,4
BRF:8
BRH:5
end_of_record
TN:
SF:src\context\AuthContext.tsx
FN:7,(anonymous_0)
FN:8,(anonymous_1)
FN:9,(anonymous_2)
FN:11,(anonymous_3)
FN:18,(anonymous_4)
FN:25,(anonymous_5)
FN:31,(anonymous_6)
FN:39,(anonymous_7)
FN:43,(anonymous_8)
FN:47,(anonymous_9)
FN:48,(anonymous_10)
FNF:11
FNH:11
FNDA:9,(anonymous_0)
FNDA:5,(anonymous_1)
FNDA:5,(anonymous_2)
FNDA:1,(anonymous_3)
FNDA:1,(anonymous_4)
FNDA:1,(anonymous_5)
FNDA:4,(anonymous_6)
FNDA:2,(anonymous_7)
FNDA:2,(anonymous_8)
FNDA:1,(anonymous_9)
FNDA:1,(anonymous_10)
DA:7,1
DA:8,9
DA:9,9
DA:11,9
DA:12,1
DA:13,1
DA:14,1
DA:15,1
DA:18,9
DA:19,1
DA:20,1
DA:21,1
DA:22,1
DA:25,9
DA:26,1
DA:27,1
DA:28,1
DA:31,9
DA:33,4
DA:34,4
DA:39,9
DA:40,2
DA:43,9
DA:44,2
DA:47,9
DA:48,1
DA:49,1
DA:50,1
DA:51,1
DA:52,1
DA:56,9
LF:31
LH:31
BRDA:33,0,0,0
BRDA:33,0,1,4
BRDA:33,1,0,4
BRDA:33,1,1,4
BRDA:49,2,0,0
BRDA:49,2,1,1
BRF:6
BRH:4
end_of_record
TN:
SF:src\context\AuthContextInstance.ts
FNF:0
FNH:0
DA:18,6
LF:1
LH:1
BRF:0
BRH:0
end_of_record
TN:
SF:src\context\ThemeContext.tsx
FN:4,(anonymous_0)
FN:5,(anonymous_1)
FN:11,(anonymous_2)
FN:18,(anonymous_3)
FN:22,(anonymous_4)
FNF:5
FNH:5
FNDA:11,(anonymous_0)
FNDA:8,(anonymous_1)
FNDA:3,(anonymous_2)
FNDA:2,(anonymous_3)
FNDA:11,(anonymous_4)
DA:4,1
DA:5,11
DA:6,8
DA:7,8
DA:8,4
DA:11,11
DA:12,3
DA:13,3
DA:14,3
DA:15,3
DA:18,11
DA:19,2
DA:22,11
DA:23,11
DA:26,11
LF:15
LH:15
BRDA:6,0,0,8
BRDA:6,0,1,5
BRDA:7,1,0,4
BRDA:7,1,1,4
BRDA:7,2,0,8
BRDA:7,2,1,4
BRDA:8,3,0,1
BRDA:8,3,1,3
BRDA:8,4,0,4
BRDA:8,4,1,4
BRDA:19,5,0,1
BRDA:19,5,1,1
BRF:12
BRH:12
end_of_record
TN:
SF:src\context\ThemeContextInstance.ts
FNF:0
FNH:0
DA:11,1
LF:1
LH:1
BRF:0
BRH:0
end_of_record
TN:
SF:src\data\activity.ts
FNF:0
FNH:0
DA:3,1
LF:1
LH:1
BRF:0
BRH:0
end_of_record
TN:
SF:src\data\dashboard.ts
FNF:0
FNH:0
DA:8,0
DA:47,0
DA:57,0
DA:67,0
DA:74,0
DA:81,0
LF:6
LH:0
BRF:0
BRH:0
end_of_record
TN:
SF:src\data\notifications.ts
FNF:0
FNH:0
DA:10,0
LF:1
LH:0
BRF:0
BRH:0
end_of_record
TN:
SF:src\data\projects.ts
FNF:0
FNH:0
DA:15,0
LF:1
LH:0
BRF:0
BRH:0
end_of_record
TN:
SF:src\data\tasks.ts
FNF:0
FNH:0
LF:0
LH:0
BRF:0
BRH:0
end_of_record
TN:
SF:src\data\users.ts
FNF:0
FNH:0
DA:14,0
LF:1
LH:0
BRF:0
BRH:0
end_of_record
TN:
SF:src\hooks\useAuth.ts
FN:4,(anonymous_0)
FNF:1
FNH:1
FNDA:14,(anonymous_0)
DA:4,6
DA:5,14
DA:6,14
DA:7,0
DA:9,14
LF:5
LH:4
BRDA:6,0,0,0
BRDA:6,0,1,14
BRF:2
BRH:1
end_of_record
TN:
SF:src\hooks\useTheme.ts
FN:4,(anonymous_0)
FNF:1
FNH:1
FNDA:16,(anonymous_0)
DA:4,1
DA:5,16
DA:6,16
DA:7,4
DA:9,11
LF:5
LH:5
BRDA:6,0,0,4
BRDA:6,0,1,12
BRF:2
BRH:2
end_of_record
TN:
SF:src\pages\admin\AdminDashboardPage.module.css
FNF:0
FNH:0
LF:0
LH:0
BRF:0
BRH:0
end_of_record
TN:
SF:src\pages\admin\AdminDashboardPage.tsx
FN:38,(anonymous_0)
FN:53,(anonymous_1)
FN:63,(anonymous_2)
FN:72,(anonymous_3)
FN:75,(anonymous_4)
FN:78,(anonymous_5)
FN:82,(anonymous_6)
FN:84,(anonymous_7)
FN:85,(anonymous_8)
FN:86,(anonymous_9)
FN:87,(anonymous_10)
FN:94,(anonymous_11)
FN:177,(anonymous_12)
FN:178,(anonymous_13)
FN:179,(anonymous_14)
FN:180,(anonymous_15)
FN:192,(anonymous_16)
FN:193,(anonymous_17)
FN:202,(anonymous_18)
FN:204,(anonymous_19)
FN:205,(anonymous_20)
FN:207,(anonymous_21)
FN:224,(anonymous_22)
FN:233,(anonymous_23)
FN:247,(anonymous_24)
FN:290,(anonymous_25)
FN:305,(anonymous_26)
FN:314,(anonymous_27)
FN:331,(anonymous_28)
FN:340,(anonymous_29)
FN:349,(anonymous_30)
FN:358,(anonymous_31)
FN:367,(anonymous_32)
FN:376,(anonymous_33)
FN:387,(anonymous_34)
FN:388,(anonymous_35)
FN:419,(anonymous_36)
FN:441,(anonymous_37)
FN:474,(anonymous_38)
FN:482,(anonymous_39)
FN:490,(anonymous_40)
FN:514,(anonymous_41)
FN:521,(anonymous_42)
FN:528,(anonymous_43)
FN:538,(anonymous_44)
FN:543,(anonymous_45)
FNF:46
FNH:28
FNDA:16,(anonymous_0)
FNDA:5,(anonymous_1)
FNDA:5,(anonymous_2)
FNDA:5,(anonymous_3)
FNDA:0,(anonymous_4)
FNDA:5,(anonymous_5)
FNDA:10,(anonymous_6)
FNDA:4,(anonymous_7)
FNDA:4,(anonymous_8)
FNDA:4,(anonymous_9)
FNDA:4,(anonymous_10)
FNDA:4,(anonymous_11)
FNDA:10,(anonymous_12)
FNDA:4,(anonymous_13)
FNDA:4,(anonymous_14)
FNDA:4,(anonymous_15)
FNDA:10,(anonymous_16)
FNDA:4,(anonymous_17)
FNDA:10,(anonymous_18)
FNDA:4,(anonymous_19)
FNDA:0,(anonymous_20)
FNDA:4,(anonymous_21)
FNDA:0,(anonymous_22)
FNDA:10,(anonymous_23)
FNDA:28,(anonymous_24)
FNDA:1,(anonymous_25)
FNDA:8,(anonymous_26)
FNDA:1,(anonymous_27)
FNDA:0,(anonymous_28)
FNDA:0,(anonymous_29)
FNDA:0,(anonymous_30)
FNDA:0,(anonymous_31)
FNDA:0,(anonymous_32)
FNDA:0,(anonymous_33)
FNDA:40,(anonymous_34)
FNDA:70,(anonymous_35)
FNDA:0,(anonymous_36)
FNDA:8,(anonymous_37)
FNDA:0,(anonymous_38)
FNDA:0,(anonymous_39)
FNDA:0,(anonymous_40)
FNDA:0,(anonymous_41)
FNDA:0,(anonymous_42)
FNDA:0,(anonymous_43)
FNDA:0,(anonymous_44)
FNDA:0,(anonymous_45)
DA:38,1
DA:39,16
DA:40,16
DA:42,16
DA:43,16
DA:46,16
DA:47,16
DA:48,16
DA:49,16
DA:50,16
DA:51,16
DA:53,16
DA:54,5
DA:55,5
DA:56,5
DA:57,5
DA:59,5
DA:63,16
DA:64,5
DA:65,5
DA:66,5
DA:68,0
DA:72,16
DA:73,5
DA:74,5
DA:75,5
DA:76,0
DA:78,5
DA:82,16
DA:83,10
DA:84,10
DA:85,10
DA:86,10
DA:87,10
DA:88,4
DA:89,4
DA:90,0
DA:91,0
DA:94,10
DA:95,4
DA:96,4
DA:97,4
DA:100,10
DA:110,16
DA:177,16
DA:178,10
DA:179,10
DA:180,10
DA:181,10
DA:183,10
DA:192,16
DA:193,10
DA:194,4
DA:195,4
DA:196,0
DA:197,0
DA:202,16
DA:203,10
DA:204,4
DA:205,0
DA:208,4
DA:209,4
DA:210,4
DA:211,4
DA:213,4
DA:224,16
DA:225,0
DA:226,0
DA:227,0
DA:228,0
DA:229,0
DA:233,16
DA:234,10
DA:235,10
DA:236,10
DA:238,10
DA:239,70
DA:240,70
DA:241,70
DA:242,70
DA:244,70
DA:245,70
DA:247,70
DA:248,28
DA:249,0
DA:251,28
DA:252,0
DA:256,70
DA:262,70
DA:265,16
DA:272,16
DA:290,1
DA:306,8
DA:314,1
DA:331,0
DA:340,0
DA:349,0
DA:358,0
DA:367,0
DA:376,0
DA:387,40
DA:388,70
DA:419,0
DA:442,8
DA:474,0
DA:482,0
DA:490,0
DA:514,0
DA:521,0
DA:528,0
DA:538,0
DA:543,0
LF:112
LH:83
BRDA:88,0,0,0
BRDA:88,0,1,4
BRDA:88,1,0,4
BRDA:88,1,1,4
BRDA:89,2,0,4
BRDA:89,2,1,0
BRDA:95,3,0,0
BRDA:95,3,1,4
BRDA:95,4,0,4
BRDA:95,4,1,4
BRDA:194,5,0,0
BRDA:194,5,1,4
BRDA:194,6,0,4
BRDA:194,6,1,4
BRDA:195,7,0,4
BRDA:195,7,1,0
BRDA:204,8,0,4
BRDA:204,8,1,4
BRDA:204,8,2,4
BRDA:210,9,0,0
BRDA:210,9,1,4
BRDA:211,10,0,0
BRDA:211,10,1,4
BRDA:225,11,0,0
BRDA:225,11,1,0
BRDA:248,12,0,0
BRDA:248,12,1,28
BRDA:251,13,0,0
BRDA:251,13,1,28
BRDA:251,14,0,28
BRDA:251,14,1,0
BRDA:278,15,0,15
BRDA:278,15,1,0
BRDA:298,16,0,16
BRDA:298,16,1,8
BRDA:386,17,0,5
BRDA:386,17,1,10
BRDA:424,18,0,5
BRDA:424,18,1,10
BRDA:452,19,0,8
BRDA:452,19,1,8
BRDA:542,20,0,16
BRDA:542,20,1,0
BRF:43
BRH:29
end_of_record
TN:
SF:src\pages\admin\AdminTasksPage.module.css
FNF:0
FNH:0
LF:0
LH:0
BRF:0
BRH:0
end_of_record
TN:
SF:src\pages\admin\AdminTasksPage.tsx
FN:36,(anonymous_0)
FN:71,(anonymous_1)
FN:89,(anonymous_2)
FN:98,(anonymous_3)
FN:99,(anonymous_4)
FN:108,(anonymous_5)
FN:111,(anonymous_6)
FN:113,(anonymous_7)
FN:114,(anonymous_8)
FN:117,(anonymous_9)
FN:118,(anonymous_10)
FN:121,(anonymous_11)
FN:125,(anonymous_12)
FN:127,(anonymous_13)
FN:128,(anonymous_14)
FN:129,(anonymous_15)
FN:130,(anonymous_16)
FN:141,(anonymous_17)
FN:146,(anonymous_18)
FN:147,(anonymous_19)
FN:170,(anonymous_20)
FN:194,(anonymous_21)
FN:200,(anonymous_22)
FN:212,(anonymous_23)
FN:236,(anonymous_24)
FN:282,(anonymous_25)
FN:302,(anonymous_26)
FN:319,(anonymous_27)
FN:335,(anonymous_28)
FN:338,(anonymous_29)
FN:352,(anonymous_30)
FN:355,(anonymous_31)
FN:369,(anonymous_32)
FN:386,(anonymous_33)
FN:398,(anonymous_34)
FN:445,(anonymous_35)
FN:488,(anonymous_36)
FN:496,(anonymous_37)
FN:504,(anonymous_38)
FN:512,(anonymous_39)
FN:529,(anonymous_40)
FN:539,(anonymous_41)
FN:546,(anonymous_42)
FN:553,(anonymous_43)
FN:564,(anonymous_44)
FN:572,(anonymous_45)
FNF:46
FNH:27
FNDA:32,(anonymous_0)
FNDA:8,(anonymous_1)
FNDA:2,(anonymous_2)
FNDA:7,(anonymous_3)
FNDA:6,(anonymous_4)
FNDA:7,(anonymous_5)
FNDA:7,(anonymous_6)
FNDA:7,(anonymous_7)
FNDA:0,(anonymous_8)
FNDA:7,(anonymous_9)
FNDA:0,(anonymous_10)
FNDA:7,(anonymous_11)
FNDA:10,(anonymous_12)
FNDA:5,(anonymous_13)
FNDA:5,(anonymous_14)
FNDA:5,(anonymous_15)
FNDA:5,(anonymous_16)
FNDA:7,(anonymous_17)
FNDA:10,(anonymous_18)
FNDA:5,(anonymous_19)
FNDA:0,(anonymous_20)
FNDA:10,(anonymous_21)
FNDA:1,(anonymous_22)
FNDA:1,(anonymous_23)
FNDA:1,(anonymous_24)
FNDA:1,(anonymous_25)
FNDA:0,(anonymous_26)
FNDA:0,(anonymous_27)
FNDA:0,(anonymous_28)
FNDA:27,(anonymous_29)
FNDA:0,(anonymous_30)
FNDA:27,(anonymous_31)
FNDA:0,(anonymous_32)
FNDA:0,(anonymous_33)
FNDA:0,(anonymous_34)
FNDA:15,(anonymous_35)
FNDA:0,(anonymous_36)
FNDA:0,(anonymous_37)
FNDA:0,(anonymous_38)
FNDA:1,(anonymous_39)
FNDA:0,(anonymous_40)
FNDA:0,(anonymous_41)
FNDA:0,(anonymous_42)
FNDA:0,(anonymous_43)
FNDA:0,(anonymous_44)
FNDA:0,(anonymous_45)
DA:34,1
DA:36,1
DA:37,32
DA:40,32
DA:41,32
DA:42,32
DA:43,32
DA:46,32
DA:47,32
DA:48,32
DA:49,32
DA:50,32
DA:51,32
DA:54,32
DA:55,32
DA:58,32
DA:61,32
DA:62,32
DA:63,32
DA:64,32
DA:67,32
DA:68,32
DA:71,32
DA:77,8
DA:78,8
DA:79,8
DA:80,8
DA:81,7
DA:83,1
DA:85,8
DA:89,32
DA:90,2
DA:98,32
DA:99,7
DA:100,6
DA:108,7
DA:111,32
DA:112,7
DA:113,7
DA:114,0
DA:116,7
DA:117,7
DA:118,0
DA:120,7
DA:121,7
DA:125,32
DA:126,10
DA:127,10
DA:128,10
DA:129,10
DA:130,10
DA:131,5
DA:132,5
DA:133,5
DA:134,5
DA:137,10
DA:141,32
DA:142,7
DA:146,32
DA:147,10
DA:149,5
DA:150,0
DA:154,5
DA:155,0
DA:156,0
DA:157,0
DA:158,0
DA:164,0
DA:166,0
DA:169,5
DA:171,0
DA:172,0
DA:173,0
DA:174,0
DA:175,0
DA:176,0
DA:177,0
DA:178,0
DA:179,0
DA:180,0
DA:181,0
DA:182,0
DA:183,0
DA:184,0
DA:186,0
DA:191,32
DA:192,32
DA:194,32
DA:195,10
DA:196,10
DA:200,32
DA:201,1
DA:202,1
DA:203,1
DA:204,1
DA:205,1
DA:206,1
DA:207,1
DA:208,1
DA:209,1
DA:212,32
DA:213,1
DA:214,1
DA:215,1
DA:216,1
DA:217,1
DA:218,1
DA:220,0
DA:224,32
DA:236,1
DA:282,1
DA:302,0
DA:319,0
DA:335,0
DA:339,27
DA:352,0
DA:356,27
DA:369,0
DA:386,0
DA:398,0
DA:446,15
DA:488,0
DA:496,0
DA:504,0
DA:512,1
DA:529,0
DA:539,0
DA:546,0
DA:553,0
DA:564,0
DA:572,0
LF:131
LH:90
BRDA:83,0,0,1
BRDA:83,0,1,0
BRDA:113,1,0,7
BRDA:113,1,1,0
BRDA:117,2,0,7
BRDA:117,2,1,0
BRDA:131,3,0,0
BRDA:131,3,1,5
BRDA:131,4,0,5
BRDA:131,4,1,5
BRDA:132,5,0,0
BRDA:132,5,1,5
BRDA:149,6,0,0
BRDA:149,6,1,5
BRDA:149,7,0,5
BRDA:149,7,1,0
BRDA:154,8,0,0
BRDA:154,8,1,5
BRDA:156,9,0,0
BRDA:156,9,1,0
BRDA:156,10,0,0
BRDA:156,10,1,0
BRDA:157,11,0,0
BRDA:157,11,1,0
BRDA:157,12,0,0
BRDA:157,12,1,0
BRDA:158,13,0,0
BRDA:158,13,1,0
BRDA:159,14,0,0
BRDA:159,14,1,0
BRDA:159,14,2,0
BRDA:159,14,3,0
BRDA:166,15,0,0
BRDA:166,15,1,0
BRDA:166,16,0,0
BRDA:166,16,1,0
BRDA:172,17,0,0
BRDA:172,17,1,0
BRDA:174,18,0,0
BRDA:174,18,1,0
BRDA:175,19,0,0
BRDA:175,19,1,0
BRDA:175,20,0,0
BRDA:175,20,1,0
BRDA:176,21,0,0
BRDA:176,21,1,0
BRDA:178,22,0,0
BRDA:178,22,1,0
BRDA:178,23,0,0
BRDA:178,23,1,0
BRDA:179,24,0,0
BRDA:179,24,1,0
BRDA:181,25,0,0
BRDA:181,25,1,0
BRDA:183,26,0,0
BRDA:183,26,1,0
BRDA:186,27,0,0
BRDA:186,27,1,0
BRDA:191,28,0,32
BRDA:191,28,1,15
BRDA:213,29,0,0
BRDA:213,29,1,1
BRDA:220,30,0,0
BRDA:220,30,1,0
BRDA:398,31,0,0
BRDA:398,31,1,0
BRDA:399,32,0,32
BRDA:399,32,1,0
BRDA:410,33,0,16
BRDA:410,33,1,16
BRDA:412,34,0,1
BRDA:412,34,1,15
BRDA:419,35,0,0
BRDA:419,35,1,15
BRDA:455,36,0,15
BRDA:455,36,1,15
BRDA:568,37,0,32
BRDA:568,37,1,2
BRF:78
BRH:23
end_of_record
TN:
SF:src\pages\auth\ForgotPassword.module.css
FNF:0
FNH:0
LF:0
LH:0
BRF:0
BRH:0
end_of_record
TN:
SF:src\pages\auth\ForgotPasswordPage.tsx
FN:7,(anonymous_0)
FN:64,(anonymous_1)
FNF:2
FNH:0
FNDA:0,(anonymous_0)
FNDA:0,(anonymous_1)
DA:7,0
DA:8,0
DA:10,0
DA:64,0
LF:4
LH:0
BRF:0
BRH:0
end_of_record
TN:
SF:src\pages\auth\Login.module.css
FNF:0
FNH:0
LF:0
LH:0
BRF:0
BRH:0
end_of_record
TN:
SF:src\pages\auth\LoginPage.tsx
FN:17,(anonymous_0)
FN:23,(anonymous_1)
FN:74,(anonymous_2)
FNF:3
FNH:0
FNDA:0,(anonymous_0)
FNDA:0,(anonymous_1)
FNDA:0,(anonymous_2)
DA:11,0
DA:17,0
DA:18,0
DA:19,0
DA:20,0
DA:21,0
DA:23,0
DA:24,0
DA:25,0
DA:26,0
DA:27,0
DA:29,0
DA:30,0
DA:32,0
DA:35,0
DA:36,0
DA:38,0
DA:41,0
DA:45,0
DA:75,0
LF:20
LH:0
BRDA:29,0,0,0
BRDA:29,0,1,0
BRDA:35,1,0,0
BRDA:35,1,1,0
BRF:4
BRH:0
end_of_record
TN:
SF:src\pages\auth\Signup.module.css
FNF:0
FNH:0
LF:0
LH:0
BRF:0
BRH:0
end_of_record
TN:
SF:src\pages\auth\SignupPage.tsx
FN:17,(anonymous_0)
FN:23,(anonymous_1)
FN:71,(anonymous_2)
FNF:3
FNH:0
FNDA:0,(anonymous_0)
FNDA:0,(anonymous_1)
FNDA:0,(anonymous_2)
DA:11,0
DA:17,0
DA:18,0
DA:19,0
DA:20,0
DA:21,0
DA:23,0
DA:24,0
DA:25,0
DA:26,0
DA:27,0
DA:28,0
DA:29,0
DA:31,0
DA:34,0
DA:35,0
DA:37,0
DA:40,0
DA:44,0
DA:72,0
LF:20
LH:0
BRDA:28,0,0,0
BRDA:28,0,1,0
BRDA:34,1,0,0
BRDA:34,1,1,0
BRF:4
BRH:0
end_of_record
TN:
SF:src\pages\calendar\Calendar.module.css
FNF:0
FNH:0
LF:0
LH:0
BRF:0
BRH:0
end_of_record
TN:
SF:src\pages\calendar\CalendarPage.tsx
FN:25,(anonymous_0)
FN:36,(anonymous_1)
FN:45,(anonymous_2)
FN:63,(anonymous_3)
FN:76,(anonymous_4)
FN:78,(anonymous_5)
FN:79,(anonymous_6)
FN:82,(anonymous_7)
FN:83,(anonymous_8)
FN:86,(anonymous_9)
FN:87,(anonymous_10)
FN:96,(anonymous_11)
FN:116,(anonymous_12)
FN:131,(anonymous_13)
FN:139,(anonymous_14)
FN:150,(anonymous_15)
FN:150,(anonymous_16)
FN:159,(anonymous_17)
FN:165,(anonymous_18)
FN:165,(anonymous_19)
FN:208,(anonymous_20)
FN:229,(anonymous_21)
FN:239,(anonymous_22)
FN:245,(anonymous_23)
FN:272,(anonymous_24)
FN:287,(anonymous_25)
FN:298,(anonymous_26)
FN:319,(anonymous_27)
FN:351,(anonymous_28)
FN:362,(anonymous_29)
FN:368,(anonymous_30)
FN:375,(anonymous_31)
FN:388,(anonymous_32)
FN:398,(anonymous_33)
FN:410,(anonymous_34)
FNF:35
FNH:18
FNDA:25,(anonymous_0)
FNDA:5,(anonymous_1)
FNDA:5,(anonymous_2)
FNDA:5,(anonymous_3)
FNDA:751,(anonymous_4)
FNDA:1,(anonymous_5)
FNDA:1,(anonymous_6)
FNDA:1,(anonymous_7)
FNDA:1,(anonymous_8)
FNDA:776,(anonymous_9)
FNDA:311,(anonymous_10)
FNDA:0,(anonymous_11)
FNDA:0,(anonymous_12)
FNDA:6,(anonymous_13)
FNDA:0,(anonymous_14)
FNDA:0,(anonymous_15)
FNDA:0,(anonymous_16)
FNDA:0,(anonymous_17)
FNDA:0,(anonymous_18)
FNDA:0,(anonymous_19)
FNDA:1,(anonymous_20)
FNDA:751,(anonymous_21)
FNDA:1,(anonymous_22)
FNDA:9,(anonymous_23)
FNDA:9,(anonymous_24)
FNDA:1,(anonymous_25)
FNDA:0,(anonymous_26)
FNDA:0,(anonymous_27)
FNDA:0,(anonymous_28)
FNDA:0,(anonymous_29)
FNDA:0,(anonymous_30)
FNDA:0,(anonymous_31)
FNDA:0,(anonymous_32)
FNDA:0,(anonymous_33)
FNDA:0,(anonymous_34)
DA:17,1
DA:25,1
DA:26,25
DA:27,25
DA:28,25
DA:29,25
DA:30,25
DA:32,25
DA:33,25
DA:34,25
DA:36,25
DA:37,5
DA:38,5
DA:39,4
DA:45,25
DA:46,5
DA:54,25
DA:63,25
DA:64,5
DA:71,25
DA:72,25
DA:73,25
DA:75,25
DA:76,751
DA:78,25
DA:79,1
DA:82,25
DA:83,1
DA:86,25
DA:87,776
DA:88,311
DA:89,311
DA:90,311
DA:94,25
DA:96,25
DA:97,0
DA:98,0
DA:99,0
DA:100,0
DA:101,0
DA:102,0
DA:103,0
DA:106,0
DA:108,0
DA:116,0
DA:117,0
DA:118,0
DA:119,0
DA:120,0
DA:122,0
DA:123,0
DA:127,25
DA:128,25
DA:129,25
DA:131,25
DA:132,6
DA:133,1
DA:134,1
DA:135,1
DA:139,25
DA:140,0
DA:141,0
DA:143,0
DA:144,0
DA:150,0
DA:151,0
DA:152,0
DA:153,0
DA:155,0
DA:159,25
DA:160,0
DA:162,0
DA:163,0
DA:164,0
DA:165,0
DA:166,0
DA:168,0
DA:172,25
DA:208,1
DA:230,751
DA:231,751
DA:232,751
DA:234,751
DA:239,1
DA:246,9
DA:273,9
DA:274,9
DA:288,1
DA:289,1
DA:298,0
DA:319,0
DA:351,0
DA:362,0
DA:368,0
DA:375,0
DA:388,0
DA:398,0
DA:410,0
LF:98
LH:57
BRDA:88,0,0,0
BRDA:88,0,1,311
BRDA:90,1,0,311
BRDA:90,1,1,311
BRDA:90,1,2,279
BRDA:101,2,0,0
BRDA:101,2,1,0
BRDA:122,3,0,0
BRDA:122,3,1,0
BRDA:122,3,2,0
BRDA:132,4,0,1
BRDA:132,4,1,5
BRDA:135,5,0,1
BRDA:135,5,1,0
BRDA:141,6,0,0
BRDA:141,6,1,0
BRDA:141,7,0,0
BRDA:141,7,1,0
BRDA:150,8,0,0
BRDA:150,8,1,0
BRDA:155,9,0,0
BRDA:155,9,1,0
BRDA:155,9,2,0
BRDA:160,10,0,0
BRDA:160,10,1,0
BRDA:163,11,0,0
BRDA:163,11,1,0
BRDA:168,12,0,0
BRDA:168,12,1,0
BRDA:168,12,2,0
BRDA:231,13,0,751
BRDA:231,13,1,25
BRDA:231,13,2,1
BRDA:237,14,0,1
BRDA:237,14,1,750
BRDA:238,15,0,25
BRDA:238,15,1,726
BRDA:242,16,0,1
BRDA:242,16,1,750
BRDA:249,17,0,9
BRDA:249,17,1,0
BRDA:249,18,0,9
BRDA:249,18,1,0
BRDA:251,19,0,0
BRDA:251,19,1,0
BRDA:270,20,0,9
BRDA:270,20,1,16
BRDA:273,21,0,9
BRDA:273,21,1,9
BRDA:273,21,2,9
BRDA:283,22,0,9
BRDA:283,22,1,9
BRDA:409,23,0,25
BRDA:409,23,1,0
BRF:54
BRH:26
end_of_record
TN:
SF:src\pages\dashboard\Dashboard.module.css
FNF:0
FNH:0
LF:0
LH:0
BRF:0
BRH:0
end_of_record
TN:
SF:src\pages\dashboard\DashboardPage.tsx
FN:21,(anonymous_0)
FN:31,(anonymous_1)
FN:41,(anonymous_2)
FN:43,(anonymous_3)
FN:46,(anonymous_4)
FN:50,(anonymous_5)
FN:52,(anonymous_6)
FN:62,(anonymous_7)
FN:64,(anonymous_8)
FN:65,(anonymous_9)
FN:66,(anonymous_10)
FN:109,(anonymous_11)
FN:110,(anonymous_12)
FN:111,(anonymous_13)
FN:112,(anonymous_14)
FN:113,(anonymous_15)
FN:124,(anonymous_16)
FN:138,(anonymous_17)
FN:157,(anonymous_18)
FN:159,(anonymous_19)
FN:160,(anonymous_20)
FN:162,(anonymous_21)
FN:209,(anonymous_22)
FN:218,(anonymous_23)
FN:219,(anonymous_24)
FN:250,(anonymous_25)
FNF:26
FNH:22
FNDA:7,(anonymous_0)
FNDA:3,(anonymous_1)
FNDA:3,(anonymous_2)
FNDA:0,(anonymous_3)
FNDA:3,(anonymous_4)
FNDA:5,(anonymous_5)
FNDA:1,(anonymous_6)
FNDA:5,(anonymous_7)
FNDA:1,(anonymous_8)
FNDA:1,(anonymous_9)
FNDA:1,(anonymous_10)
FNDA:5,(anonymous_11)
FNDA:1,(anonymous_12)
FNDA:1,(anonymous_13)
FNDA:1,(anonymous_14)
FNDA:1,(anonymous_15)
FNDA:5,(anonymous_16)
FNDA:7,(anonymous_17)
FNDA:5,(anonymous_18)
FNDA:1,(anonymous_19)
FNDA:0,(anonymous_20)
FNDA:1,(anonymous_21)
FNDA:0,(anonymous_22)
FNDA:12,(anonymous_23)
FNDA:8,(anonymous_24)
FNDA:0,(anonymous_25)
DA:21,2
DA:22,7
DA:23,7
DA:24,7
DA:26,7
DA:27,7
DA:29,7
DA:31,7
DA:32,3
DA:33,3
DA:34,3
DA:35,3
DA:37,3
DA:41,7
DA:42,3
DA:43,3
DA:44,0
DA:46,3
DA:50,7
DA:51,5
DA:52,5
DA:54,1
DA:62,7
DA:63,5
DA:64,5
DA:65,5
DA:66,5
DA:68,5
DA:109,7
DA:110,5
DA:111,5
DA:112,5
DA:113,5
DA:115,5
DA:124,7
DA:125,5
DA:126,5
DA:127,5
DA:129,5
DA:130,35
DA:131,35
DA:132,35
DA:133,35
DA:135,35
DA:136,35
DA:138,35
DA:139,7
DA:140,0
DA:142,7
DA:143,0
DA:147,35
DA:153,35
DA:157,7
DA:158,5
DA:159,1
DA:160,0
DA:163,1
DA:164,1
DA:165,1
DA:166,1
DA:167,1
DA:169,1
DA:180,7
DA:187,7
DA:209,0
DA:218,12
DA:219,8
DA:250,0
LF:68
LH:62
BRDA:29,0,0,5
BRDA:29,0,1,0
BRDA:51,1,0,0
BRDA:51,1,1,5
BRDA:54,2,0,1
BRDA:54,2,1,0
BRDA:54,2,2,0
BRDA:54,2,3,0
BRDA:139,3,0,0
BRDA:139,3,1,7
BRDA:142,4,0,0
BRDA:142,4,1,7
BRDA:142,5,0,7
BRDA:142,5,1,0
BRDA:159,6,0,1
BRDA:159,6,1,1
BRDA:159,6,2,1
BRDA:165,7,0,0
BRDA:165,7,1,1
BRDA:166,8,0,0
BRDA:166,8,1,1
BRDA:167,9,0,0
BRDA:167,9,1,1
BRDA:193,10,0,0
BRDA:193,10,1,5
BRDA:197,11,0,0
BRDA:197,11,1,5
BRDA:209,12,0,0
BRDA:209,12,1,0
BRDA:211,13,0,0
BRDA:211,13,1,5
BRDA:217,14,0,3
BRDA:217,14,1,2
BRDA:245,15,0,3
BRDA:245,15,1,2
BRDA:250,16,0,0
BRDA:250,16,1,0
BRF:37
BRH:19
end_of_record
TN:
SF:src\pages\notFound\NotFoundPage.module.css
FNF:0
FNH:0
LF:0
LH:0
BRF:0
BRH:0
end_of_record
TN:
SF:src\pages\notFound\NotFoundPage.tsx
FN:5,(anonymous_0)
FN:17,(anonymous_1)
FNF:2
FNH:1
FNDA:1,(anonymous_0)
FNDA:0,(anonymous_1)
DA:5,1
DA:6,1
DA:8,1
DA:17,0
LF:4
LH:3
BRF:0
BRH:0
end_of_record
TN:
SF:src\pages\profile\Profile.module.css
FNF:0
FNH:0
LF:0
LH:0
BRF:0
BRH:0
end_of_record
TN:
SF:src\pages\profile\ProfilePage.tsx
FN:30,(anonymous_0)
FN:41,(anonymous_1)
FN:52,(anonymous_2)
FN:72,(anonymous_3)
FN:92,(anonymous_4)
FN:96,(anonymous_5)
FN:104,(anonymous_6)
FN:111,(anonymous_7)
FN:115,(anonymous_8)
FN:150,(anonymous_9)
FN:208,(anonymous_10)
FN:217,(anonymous_11)
FN:259,(anonymous_12)
FNF:13
FNH:6
FNDA:3,(anonymous_0)
FNDA:9,(anonymous_1)
FNDA:0,(anonymous_2)
FNDA:0,(anonymous_3)
FNDA:2,(anonymous_4)
FNDA:2,(anonymous_5)
FNDA:0,(anonymous_6)
FNDA:2,(anonymous_7)
FNDA:0,(anonymous_8)
FNDA:0,(anonymous_9)
FNDA:0,(anonymous_10)
FNDA:1,(anonymous_11)
FNDA:0,(anonymous_12)
DA:23,1
DA:30,1
DA:31,3
DA:32,3
DA:34,0
DA:35,0
DA:37,0
DA:38,3
DA:41,1
DA:42,9
DA:43,9
DA:44,9
DA:45,9
DA:46,9
DA:48,9
DA:49,9
DA:50,9
DA:52,9
DA:53,0
DA:54,0
DA:56,0
DA:57,0
DA:59,0
DA:60,0
DA:62,0
DA:63,0
DA:64,0
DA:70,0
DA:71,0
DA:72,0
DA:73,0
DA:74,0
DA:77,0
DA:79,0
DA:88,9
DA:92,9
DA:93,2
DA:94,2
DA:95,2
DA:97,2
DA:98,2
DA:102,2
DA:105,0
DA:106,0
DA:107,0
DA:111,9
DA:112,2
DA:115,9
DA:116,0
DA:117,0
DA:121,0
DA:122,0
DA:124,0
DA:128,9
DA:130,3
DA:131,0
DA:139,3
DA:141,3
DA:150,0
DA:208,0
DA:217,1
DA:259,0
LF:62
LH:31
BRDA:31,0,0,3
BRDA:31,0,1,0
BRDA:32,1,0,3
BRDA:32,1,1,0
BRDA:34,2,0,0
BRDA:34,2,1,0
BRDA:34,3,0,0
BRDA:34,3,1,0
BRDA:37,4,0,0
BRDA:37,4,1,0
BRDA:54,5,0,0
BRDA:54,5,1,0
BRDA:70,6,0,0
BRDA:70,6,1,0
BRDA:72,7,0,0
BRDA:72,7,1,0
BRDA:77,8,0,0
BRDA:77,8,1,0
BRDA:128,9,0,6
BRDA:128,9,1,3
BRDA:130,10,0,0
BRDA:130,10,1,3
BRDA:139,11,0,0
BRDA:139,11,1,3
BRDA:150,12,0,0
BRDA:150,12,1,0
BRDA:151,13,0,0
BRDA:151,13,1,3
BRDA:158,14,0,0
BRDA:158,14,1,3
BRDA:160,15,0,9
BRDA:160,15,1,0
BRDA:207,16,0,2
BRDA:207,16,1,1
BRDA:216,17,0,1
BRDA:216,17,1,2
BRDA:224,18,0,2
BRDA:224,18,1,1
BRDA:253,19,0,1
BRDA:253,19,1,0
BRDA:258,20,0,9
BRDA:258,20,1,0
BRF:42
BRH:17
end_of_record
TN:
SF:src\pages\projects\Projects.module.css
FNF:0
FNH:0
LF:0
LH:0
BRF:0
BRH:0
end_of_record
TN:
SF:src\pages\projects\ProjectsPage.tsx
FN:43,(anonymous_0)
FN:77,(anonymous_1)
FN:82,(anonymous_2)
FN:88,(anonymous_3)
FN:95,(anonymous_4)
FN:100,(anonymous_5)
FN:102,(anonymous_6)
FN:105,(anonymous_7)
FN:106,(anonymous_8)
FN:118,(anonymous_9)
FN:124,(anonymous_10)
FN:129,(anonymous_11)
FN:131,(anonymous_12)
FN:137,(anonymous_13)
FN:140,(anonymous_14)
FN:140,(anonymous_15)
FN:145,(anonymous_16)
FN:148,(anonymous_17)
FN:148,(anonymous_18)
FN:179,(anonymous_19)
FN:202,(anonymous_20)
FN:208,(anonymous_21)
FN:214,(anonymous_22)
FN:231,(anonymous_23)
FN:242,(anonymous_24)
FN:258,(anonymous_25)
FN:274,(anonymous_26)
FN:289,(anonymous_27)
FN:311,(anonymous_28)
FN:322,(anonymous_29)
FN:322,(anonymous_30)
FN:355,(anonymous_31)
FN:381,(anonymous_32)
FN:438,(anonymous_33)
FN:455,(anonymous_34)
FN:481,(anonymous_35)
FN:486,(anonymous_36)
FN:527,(anonymous_37)
FN:538,(anonymous_38)
FN:577,(anonymous_39)
FN:593,(anonymous_40)
FN:603,(anonymous_41)
FNF:42
FNH:19
FNDA:25,(anonymous_0)
FNDA:6,(anonymous_1)
FNDA:5,(anonymous_2)
FNDA:1,(anonymous_3)
FNDA:5,(anonymous_4)
FNDA:5,(anonymous_5)
FNDA:5,(anonymous_6)
FNDA:11,(anonymous_7)
FNDA:12,(anonymous_8)
FNDA:5,(anonymous_9)
FNDA:11,(anonymous_10)
FNDA:0,(anonymous_11)
FNDA:0,(anonymous_12)
FNDA:0,(anonymous_13)
FNDA:0,(anonymous_14)
FNDA:0,(anonymous_15)
FNDA:0,(anonymous_16)
FNDA:0,(anonymous_17)
FNDA:0,(anonymous_18)
FNDA:1,(anonymous_19)
FNDA:16,(anonymous_20)
FNDA:16,(anonymous_21)
FNDA:16,(anonymous_22)
FNDA:1,(anonymous_23)
FNDA:0,(anonymous_24)
FNDA:0,(anonymous_25)
FNDA:0,(anonymous_26)
FNDA:0,(anonymous_27)
FNDA:15,(anonymous_28)
FNDA:1,(anonymous_29)
FNDA:1,(anonymous_30)
FNDA:0,(anonymous_31)
FNDA:0,(anonymous_32)
FNDA:0,(anonymous_33)
FNDA:0,(anonymous_34)
FNDA:0,(anonymous_35)
FNDA:0,(anonymous_36)
FNDA:0,(anonymous_37)
FNDA:0,(anonymous_38)
FNDA:0,(anonymous_39)
FNDA:0,(anonymous_40)
FNDA:0,(anonymous_41)
DA:32,1
DA:41,1
DA:43,1
DA:44,25
DA:45,25
DA:46,25
DA:48,25
DA:49,25
DA:50,25
DA:51,25
DA:52,25
DA:55,25
DA:56,25
DA:57,25
DA:58,25
DA:60,25
DA:67,25
DA:77,25
DA:78,6
DA:79,6
DA:80,6
DA:81,6
DA:83,5
DA:84,5
DA:85,5
DA:89,1
DA:90,1
DA:91,1
DA:92,1
DA:95,6
DA:96,5
DA:100,25
DA:101,5
DA:102,5
DA:105,25
DA:106,11
DA:108,12
DA:110,12
DA:111,12
DA:112,12
DA:116,25
DA:118,25
DA:119,5
DA:120,0
DA:124,25
DA:125,11
DA:126,11
DA:129,25
DA:130,0
DA:131,0
DA:132,0
DA:133,0
DA:134,0
DA:137,25
DA:138,0
DA:139,0
DA:140,0
DA:141,0
DA:142,0
DA:145,25
DA:146,0
DA:147,0
DA:148,0
DA:149,0
DA:150,0
DA:153,25
DA:155,9
DA:156,1
DA:164,8
DA:180,1
DA:186,1
DA:202,16
DA:208,16
DA:214,16
DA:232,1
DA:233,1
DA:243,0
DA:244,0
DA:259,0
DA:260,0
DA:274,0
DA:289,0
DA:312,15
DA:322,1
DA:356,0
DA:357,0
DA:358,0
DA:382,0
DA:383,0
DA:439,0
DA:455,0
DA:481,0
DA:486,0
DA:527,0
DA:538,0
DA:577,0
DA:593,0
DA:603,0
LF:98
LH:62
BRDA:83,0,0,5
BRDA:83,0,1,0
BRDA:90,1,0,1
BRDA:90,1,1,0
BRDA:108,2,0,12
BRDA:108,2,1,1
BRDA:110,3,0,12
BRDA:110,3,1,0
BRDA:111,4,0,12
BRDA:111,4,1,0
BRDA:112,5,0,12
BRDA:112,5,1,11
BRDA:112,5,2,11
BRDA:116,6,0,25
BRDA:116,6,1,17
BRDA:119,7,0,0
BRDA:119,7,1,5
BRDA:119,8,0,5
BRDA:119,8,1,5
BRDA:138,9,0,0
BRDA:138,9,1,0
BRDA:140,10,0,0
BRDA:140,10,1,0
BRDA:146,11,0,0
BRDA:146,11,1,0
BRDA:153,12,0,16
BRDA:153,12,1,9
BRDA:155,13,0,1
BRDA:155,13,1,8
BRDA:277,14,0,8
BRDA:277,14,1,0
BRDA:278,15,0,8
BRDA:278,15,1,0
BRDA:292,16,0,0
BRDA:292,16,1,8
BRDA:293,17,0,0
BRDA:293,17,1,8
BRDA:307,18,0,8
BRDA:307,18,1,0
BRDA:309,19,0,8
BRDA:309,19,1,0
BRDA:322,20,0,0
BRDA:322,20,1,1
BRDA:328,21,0,15
BRDA:328,21,1,1
BRDA:585,22,0,25
BRDA:585,22,1,0
BRDA:602,23,0,25
BRDA:602,23,1,0
BRF:49
BRH:29
end_of_record
TN:
SF:src\pages\settings\Settings.module.css
FNF:0
FNH:0
LF:0
LH:0
BRF:0
BRH:0
end_of_record
TN:
SF:src\pages\settings\SettingsPage.tsx
FN:26,(anonymous_0)
FN:33,(anonymous_1)
FN:39,(anonymous_2)
FN:73,(anonymous_3)
FN:77,(anonymous_4)
FN:87,(anonymous_5)
FN:104,(anonymous_6)
FN:116,(anonymous_7)
FN:122,(anonymous_8)
FN:150,(anonymous_9)
FN:158,(anonymous_10)
FN:166,(anonymous_11)
FN:195,(anonymous_12)
FN:226,(anonymous_13)
FN:245,(anonymous_14)
FN:264,(anonymous_15)
FN:312,(anonymous_16)
FN:330,(anonymous_17)
FN:359,(anonymous_18)
FN:375,(anonymous_19)
FNF:20
FNH:6
FNDA:0,(anonymous_0)
FNDA:7,(anonymous_1)
FNDA:7,(anonymous_2)
FNDA:0,(anonymous_3)
FNDA:0,(anonymous_4)
FNDA:0,(anonymous_5)
FNDA:1,(anonymous_6)
FNDA:4,(anonymous_7)
FNDA:0,(anonymous_8)
FNDA:0,(anonymous_9)
FNDA:1,(anonymous_10)
FNDA:1,(anonymous_11)
FNDA:0,(anonymous_12)
FNDA:0,(anonymous_13)
FNDA:0,(anonymous_14)
FNDA:0,(anonymous_15)
FNDA:0,(anonymous_16)
FNDA:0,(anonymous_17)
FNDA:0,(anonymous_18)
FNDA:0,(anonymous_19)
DA:20,1
DA:26,0
DA:33,1
DA:34,7
DA:35,7
DA:37,7
DA:39,7
DA:40,7
DA:41,7
DA:42,0
DA:43,0
DA:48,7
DA:51,7
DA:53,7
DA:54,7
DA:55,7
DA:57,7
DA:64,7
DA:73,7
DA:74,0
DA:77,7
DA:78,0
DA:79,0
DA:80,0
DA:81,0
DA:83,0
DA:87,7
DA:88,0
DA:89,0
DA:94,0
DA:95,0
DA:97,0
DA:101,7
DA:102,7
DA:104,7
DA:105,1
DA:106,1
DA:107,1
DA:108,0
DA:112,1
DA:116,7
DA:117,4
DA:118,1
DA:122,7
DA:123,0
DA:124,0
DA:125,0
DA:126,0
DA:127,0
DA:129,0
DA:133,7
DA:150,0
DA:158,1
DA:166,1
DA:195,0
DA:226,0
DA:245,0
DA:264,0
DA:312,0
DA:331,0
DA:359,0
DA:375,0
LF:62
LH:32
BRDA:41,0,0,0
BRDA:41,0,1,7
BRDA:53,1,0,7
BRDA:53,1,1,7
BRDA:54,2,0,7
BRDA:54,2,1,7
BRDA:55,3,0,7
BRDA:55,3,1,7
BRDA:74,4,0,0
BRDA:74,4,1,0
BRDA:83,5,0,0
BRDA:83,5,1,0
BRDA:83,5,2,0
BRDA:117,6,0,1
BRDA:117,6,1,3
BRDA:129,7,0,0
BRDA:129,7,1,0
BRDA:129,7,2,0
BRDA:149,8,0,4
BRDA:149,8,1,3
BRDA:157,9,0,1
BRDA:157,9,1,6
BRDA:165,10,0,2
BRDA:165,10,1,5
BRDA:175,11,0,7
BRDA:175,11,1,4
BRDA:209,12,0,7
BRDA:209,12,1,1
BRDA:278,13,0,7
BRDA:278,13,1,2
BRDA:324,14,0,1
BRDA:324,14,1,1
BRDA:326,15,0,1
BRDA:326,15,1,0
BRDA:343,16,0,0
BRDA:343,16,1,0
BRDA:358,17,0,0
BRDA:358,17,1,0
BRDA:374,18,0,7
BRDA:374,18,1,0
BRF:40
BRH:25
end_of_record
TN:
SF:src\pages\tasks\TaskDetail.module.css
FNF:0
FNH:0
LF:0
LH:0
BRF:0
BRH:0
end_of_record
TN:
SF:src\pages\tasks\TaskDetailPage.tsx
FN:31,(anonymous_0)
FN:43,(anonymous_1)
FN:60,(anonymous_2)
FN:62,(anonymous_3)
FN:65,(anonymous_4)
FN:73,(anonymous_5)
FN:84,(anonymous_6)
FN:90,(anonymous_7)
FN:118,(anonymous_8)
FN:127,(anonymous_9)
FN:135,(anonymous_10)
FN:143,(anonymous_11)
FN:210,(anonymous_12)
FN:225,(anonymous_13)
FN:243,(anonymous_14)
FN:262,(anonymous_15)
FN:339,(anonymous_16)
FN:347,(anonymous_17)
FN:354,(anonymous_18)
FN:364,(anonymous_19)
FNF:20
FNH:4
FNDA:4,(anonymous_0)
FNDA:2,(anonymous_1)
FNDA:2,(anonymous_2)
FNDA:0,(anonymous_3)
FNDA:2,(anonymous_4)
FNDA:0,(anonymous_5)
FNDA:0,(anonymous_6)
FNDA:0,(anonymous_7)
FNDA:0,(anonymous_8)
FNDA:0,(anonymous_9)
FNDA:0,(anonymous_10)
FNDA:0,(anonymous_11)
FNDA:0,(anonymous_12)
FNDA:0,(anonymous_13)
FNDA:0,(anonymous_14)
FNDA:0,(anonymous_15)
FNDA:0,(anonymous_16)
FNDA:0,(anonymous_17)
FNDA:0,(anonymous_18)
FNDA:0,(anonymous_19)
DA:31,1
DA:32,4
DA:33,4
DA:35,4
DA:36,4
DA:37,4
DA:38,4
DA:39,4
DA:40,4
DA:41,4
DA:43,4
DA:44,2
DA:45,0
DA:46,0
DA:47,0
DA:49,2
DA:50,2
DA:51,2
DA:52,1
DA:54,1
DA:56,2
DA:60,4
DA:61,2
DA:62,2
DA:63,0
DA:65,2
DA:68,4
DA:70,2
DA:71,1
DA:73,0
DA:84,1
DA:85,0
DA:86,0
DA:87,0
DA:90,1
DA:91,0
DA:92,0
DA:94,0
DA:102,0
DA:104,0
DA:105,0
DA:106,0
DA:107,0
DA:108,0
DA:110,0
DA:114,1
DA:118,0
DA:127,0
DA:135,0
DA:143,0
DA:211,0
DA:225,0
DA:244,0
DA:262,0
DA:339,0
DA:347,0
DA:354,0
DA:364,0
LF:58
LH:28
BRDA:44,0,0,0
BRDA:44,0,1,2
BRDA:68,1,0,2
BRDA:68,1,1,2
BRDA:70,2,0,1
BRDA:70,2,1,1
BRDA:92,3,0,0
BRDA:92,3,1,0
BRDA:110,4,0,0
BRDA:110,4,1,0
BRDA:181,5,0,0
BRDA:181,5,1,1
BRDA:181,6,0,1
BRDA:181,6,1,0
BRDA:181,7,0,0
BRDA:181,7,1,0
BRDA:188,8,0,0
BRDA:188,8,1,1
BRDA:188,9,0,1
BRDA:188,9,1,0
BRDA:188,10,0,0
BRDA:188,10,1,0
BRDA:189,11,0,0
BRDA:189,11,1,1
BRDA:189,12,0,1
BRDA:189,12,1,0
BRDA:189,13,0,0
BRDA:189,13,1,0
BRDA:208,14,0,0
BRDA:208,14,1,1
BRDA:311,15,0,4
BRDA:311,15,1,0
BRDA:363,16,0,4
BRDA:363,16,1,0
BRF:34
BRH:14
end_of_record
TN:
SF:src\pages\tasks\Tasks.module.css
FNF:0
FNH:0
LF:0
LH:0
BRF:0
BRH:0
end_of_record
TN:
SF:src\pages\tasks\TasksPage.tsx
FN:41,(anonymous_0)
FN:69,(anonymous_1)
FN:113,(anonymous_2)
FN:128,(anonymous_3)
FN:129,(anonymous_4)
FN:138,(anonymous_5)
FN:141,(anonymous_6)
FN:142,(anonymous_7)
FN:150,(anonymous_8)
FN:154,(anonymous_9)
FN:157,(anonymous_10)
FN:172,(anonymous_11)
FN:178,(anonymous_12)
FN:183,(anonymous_13)
FN:205,(anonymous_14)
FN:221,(anonymous_15)
FN:229,(anonymous_16)
FN:239,(anonymous_17)
FN:243,(anonymous_18)
FN:247,(anonymous_19)
FN:248,(anonymous_20)
FN:249,(anonymous_21)
FN:272,(anonymous_22)
FN:279,(anonymous_23)
FN:287,(anonymous_24)
FN:316,(anonymous_25)
FN:327,(anonymous_26)
FN:343,(anonymous_27)
FN:358,(anonymous_28)
FN:377,(anonymous_29)
FN:407,(anonymous_30)
FN:445,(anonymous_31)
FN:451,(anonymous_32)
FN:487,(anonymous_33)
FN:488,(anonymous_34)
FN:500,(anonymous_35)
FN:511,(anonymous_36)
FN:530,(anonymous_37)
FN:559,(anonymous_38)
FN:569,(anonymous_39)
FN:638,(anonymous_40)
FN:649,(anonymous_41)
FN:717,(anonymous_42)
FN:730,(anonymous_43)
FN:741,(anonymous_44)
FN:750,(anonymous_45)
FN:773,(anonymous_46)
FN:781,(anonymous_47)
FN:790,(anonymous_48)
FNF:49
FNH:18
FNDA:26,(anonymous_0)
FNDA:0,(anonymous_1)
FNDA:7,(anonymous_2)
FNDA:6,(anonymous_3)
FNDA:6,(anonymous_4)
FNDA:6,(anonymous_5)
FNDA:6,(anonymous_6)
FNDA:0,(anonymous_7)
FNDA:6,(anonymous_8)
FNDA:10,(anonymous_9)
FNDA:4,(anonymous_10)
FNDA:5,(anonymous_11)
FNDA:10,(anonymous_12)
FNDA:0,(anonymous_13)
FNDA:0,(anonymous_14)
FNDA:1,(anonymous_15)
FNDA:0,(anonymous_16)
FNDA:0,(anonymous_17)
FNDA:0,(anonymous_18)
FNDA:0,(anonymous_19)
FNDA:0,(anonymous_20)
FNDA:0,(anonymous_21)
FNDA:0,(anonymous_22)
FNDA:0,(anonymous_23)
FNDA:1,(anonymous_24)
FNDA:1,(anonymous_25)
FNDA:0,(anonymous_26)
FNDA:0,(anonymous_27)
FNDA:0,(anonymous_28)
FNDA:0,(anonymous_29)
FNDA:0,(anonymous_30)
FNDA:20,(anonymous_31)
FNDA:0,(anonymous_32)
FNDA:1,(anonymous_33)
FNDA:1,(anonymous_34)
FNDA:0,(anonymous_35)
FNDA:0,(anonymous_36)
FNDA:1,(anonymous_37)
FNDA:0,(anonymous_38)
FNDA:0,(anonymous_39)
FNDA:0,(anonymous_40)
FNDA:0,(anonymous_41)
FNDA:0,(anonymous_42)
FNDA:0,(anonymous_43)
FNDA:0,(anonymous_44)
FNDA:0,(anonymous_45)
FNDA:0,(anonymous_46)
FNDA:0,(anonymous_47)
FNDA:0,(anonymous_48)
DA:28,1
DA:39,1
DA:41,1
DA:42,26
DA:43,26
DA:44,26
DA:46,26
DA:47,26
DA:49,26
DA:50,26
DA:51,26
DA:52,26
DA:53,26
DA:54,26
DA:57,26
DA:58,26
DA:61,26
DA:62,26
DA:63,26
DA:64,26
DA:65,26
DA:66,26
DA:67,26
DA:69,26
DA:70,0
DA:71,0
DA:72,0
DA:73,0
DA:74,0
DA:75,0
DA:76,0
DA:77,0
DA:78,0
DA:79,0
DA:80,0
DA:83,0
DA:84,0
DA:86,0
DA:87,0
DA:89,0
DA:94,26
DA:101,26
DA:113,26
DA:119,7
DA:120,7
DA:121,7
DA:122,7
DA:124,7
DA:128,26
DA:129,6
DA:130,6
DA:138,6
DA:141,26
DA:142,6
DA:143,0
DA:150,6
DA:154,26
DA:155,10
DA:157,10
DA:158,4
DA:159,4
DA:160,0
DA:161,0
DA:163,4
DA:166,10
DA:170,26
DA:172,26
DA:173,5
DA:174,0
DA:178,26
DA:179,10
DA:180,10
DA:183,26
DA:184,0
DA:199,0
DA:200,0
DA:201,0
DA:202,0
DA:205,26
DA:206,0
DA:207,0
DA:216,0
DA:217,0
DA:218,0
DA:221,26
DA:222,1
DA:223,1
DA:224,1
DA:225,1
DA:226,1
DA:229,26
DA:230,0
DA:231,0
DA:233,0
DA:234,0
DA:235,0
DA:236,0
DA:239,26
DA:240,0
DA:241,0
DA:243,0
DA:247,26
DA:248,0
DA:249,0
DA:253,26
DA:255,11
DA:272,0
DA:279,0
DA:288,1
DA:296,1
DA:317,1
DA:318,1
DA:328,0
DA:329,0
DA:344,0
DA:345,0
DA:359,0
DA:360,0
DA:377,0
DA:407,0
DA:446,20
DA:451,0
DA:488,1
DA:501,0
DA:502,0
DA:512,0
DA:513,0
DA:514,0
DA:531,1
DA:532,1
DA:560,0
DA:561,0
DA:562,0
DA:563,0
DA:569,0
DA:638,0
DA:649,0
DA:717,0
DA:730,0
DA:741,0
DA:750,0
DA:774,0
DA:781,0
DA:790,0
LF:144
LH:73
BRDA:71,0,0,0
BRDA:71,0,1,0
BRDA:79,1,0,0
BRDA:79,1,1,0
BRDA:83,2,0,0
BRDA:83,2,1,0
BRDA:86,3,0,0
BRDA:86,3,1,0
BRDA:89,4,0,0
BRDA:89,4,1,0
BRDA:158,5,0,0
BRDA:158,5,1,4
BRDA:159,6,0,0
BRDA:159,6,1,4
BRDA:161,7,0,0
BRDA:161,7,1,0
BRDA:161,8,0,0
BRDA:161,8,1,0
BRDA:170,9,0,26
BRDA:170,9,1,14
BRDA:173,10,0,0
BRDA:173,10,1,5
BRDA:173,11,0,5
BRDA:173,11,1,5
BRDA:186,12,0,0
BRDA:186,12,1,0
BRDA:195,13,0,0
BRDA:195,13,1,0
BRDA:196,14,0,0
BRDA:196,14,1,0
BRDA:206,15,0,0
BRDA:206,15,1,0
BRDA:209,16,0,0
BRDA:209,16,1,0
BRDA:222,17,0,0
BRDA:222,17,1,1
BRDA:240,18,0,0
BRDA:240,18,1,0
BRDA:249,19,0,0
BRDA:249,19,1,0
BRDA:253,20,0,15
BRDA:253,20,1,11
BRDA:260,21,0,11
BRDA:260,21,1,0
BRDA:262,22,0,11
BRDA:262,22,1,0
BRDA:388,23,0,26
BRDA:388,23,1,0
BRDA:416,24,0,10
BRDA:416,24,1,1
BRDA:426,25,0,10
BRDA:426,25,1,10
BRDA:488,26,0,0
BRDA:488,26,1,1
BRDA:494,27,0,20
BRDA:494,27,1,1
BRDA:516,28,0,0
BRDA:516,28,1,0
BRDA:763,29,0,26
BRDA:763,29,1,0
BRDA:769,30,0,26
BRDA:769,30,1,0
BRDA:789,31,0,26
BRDA:789,31,1,1
BRF:64
BRH:24
end_of_record
TN:
SF:src\pages\users\Users.module.css
FNF:0
FNH:0
LF:0
LH:0
BRF:0
BRH:0
end_of_record
TN:
SF:src\pages\users\UsersPage.tsx
FN:33,(anonymous_0)
FN:67,(anonymous_1)
FN:72,(anonymous_2)
FN:78,(anonymous_3)
FN:85,(anonymous_4)
FN:90,(anonymous_5)
FN:93,(anonymous_6)
FN:100,(anonymous_7)
FN:104,(anonymous_8)
FN:112,(anonymous_9)
FN:119,(anonymous_10)
FN:121,(anonymous_11)
FN:124,(anonymous_12)
FN:125,(anonymous_13)
FN:138,(anonymous_14)
FN:144,(anonymous_15)
FN:149,(anonymous_16)
FN:158,(anonymous_17)
FN:164,(anonymous_18)
FN:174,(anonymous_19)
FN:174,(anonymous_20)
FN:179,(anonymous_21)
FN:182,(anonymous_22)
FN:182,(anonymous_23)
FN:213,(anonymous_24)
FN:237,(anonymous_25)
FN:243,(anonymous_26)
FN:249,(anonymous_27)
FN:266,(anonymous_28)
FN:277,(anonymous_29)
FN:291,(anonymous_30)
FN:322,(anonymous_31)
FN:377,(anonymous_32)
FN:377,(anonymous_33)
FN:387,(anonymous_34)
FN:404,(anonymous_35)
FN:432,(anonymous_36)
FN:437,(anonymous_37)
FN:476,(anonymous_38)
FN:487,(anonymous_39)
FN:523,(anonymous_40)
FN:536,(anonymous_41)
FN:546,(anonymous_42)
FNF:43
FNH:25
FNDA:27,(anonymous_0)
FNDA:6,(anonymous_1)
FNDA:5,(anonymous_2)
FNDA:1,(anonymous_3)
FNDA:5,(anonymous_4)
FNDA:7,(anonymous_5)
FNDA:0,(anonymous_6)
FNDA:0,(anonymous_7)
FNDA:0,(anonymous_8)
FNDA:1,(anonymous_9)
FNDA:5,(anonymous_10)
FNDA:5,(anonymous_11)
FNDA:12,(anonymous_12)
FNDA:13,(anonymous_13)
FNDA:5,(anonymous_14)
FNDA:12,(anonymous_15)
FNDA:0,(anonymous_16)
FNDA:0,(anonymous_17)
FNDA:0,(anonymous_18)
FNDA:0,(anonymous_19)
FNDA:0,(anonymous_20)
FNDA:1,(anonymous_21)
FNDA:1,(anonymous_22)
FNDA:2,(anonymous_23)
FNDA:1,(anonymous_24)
FNDA:19,(anonymous_25)
FNDA:19,(anonymous_26)
FNDA:19,(anonymous_27)
FNDA:1,(anonymous_28)
FNDA:0,(anonymous_29)
FNDA:0,(anonymous_30)
FNDA:18,(anonymous_31)
FNDA:1,(anonymous_32)
FNDA:1,(anonymous_33)
FNDA:0,(anonymous_34)
FNDA:1,(anonymous_35)
FNDA:0,(anonymous_36)
FNDA:0,(anonymous_37)
FNDA:0,(anonymous_38)
FNDA:0,(anonymous_39)
FNDA:0,(anonymous_40)
FNDA:0,(anonymous_41)
FNDA:0,(anonymous_42)
DA:21,1
DA:31,1
DA:33,1
DA:34,27
DA:35,27
DA:36,27
DA:38,27
DA:39,27
DA:40,27
DA:41,27
DA:44,27
DA:45,27
DA:46,27
DA:47,27
DA:49,27
DA:56,27
DA:67,27
DA:68,6
DA:69,6
DA:70,6
DA:71,6
DA:73,5
DA:74,5
DA:75,5
DA:79,1
DA:80,1
DA:81,1
DA:82,1
DA:85,6
DA:86,5
DA:90,27
DA:91,7
DA:93,1
DA:94,0
DA:95,0
DA:96,0
DA:100,1
DA:101,0
DA:104,1
DA:105,0
DA:108,1
DA:109,1
DA:110,1
DA:112,1
DA:113,1
DA:114,1
DA:115,1
DA:119,27
DA:120,5
DA:121,5
DA:124,27
DA:125,12
DA:127,13
DA:130,13
DA:131,13
DA:132,13
DA:136,27
DA:138,27
DA:139,5
DA:140,0
DA:144,27
DA:145,12
DA:146,12
DA:149,27
DA:150,0
DA:158,0
DA:159,0
DA:160,0
DA:161,0
DA:164,27
DA:165,0
DA:166,0
DA:174,0
DA:175,0
DA:176,0
DA:179,27
DA:180,1
DA:181,1
DA:182,2
DA:183,1
DA:184,1
DA:187,27
DA:189,11
DA:190,1
DA:198,10
DA:214,1
DA:221,1
DA:237,19
DA:243,19
DA:249,19
DA:267,1
DA:268,1
DA:278,0
DA:279,0
DA:292,0
DA:293,0
DA:323,18
DA:377,1
DA:388,0
DA:389,0
DA:390,0
DA:405,1
DA:406,1
DA:432,0
DA:437,0
DA:476,0
DA:487,0
DA:523,0
DA:536,0
DA:546,0
LF:110
LH:80
BRDA:73,0,0,5
BRDA:73,0,1,0
BRDA:80,1,0,1
BRDA:80,1,1,0
BRDA:91,2,0,6
BRDA:91,2,1,1
BRDA:95,3,0,0
BRDA:95,3,1,0
BRDA:95,4,0,0
BRDA:95,4,1,0
BRDA:101,5,0,0
BRDA:101,5,1,0
BRDA:127,6,0,13
BRDA:127,6,1,1
BRDA:127,6,2,1
BRDA:130,7,0,13
BRDA:130,7,1,0
BRDA:131,8,0,13
BRDA:131,8,1,0
BRDA:132,9,0,13
BRDA:132,9,1,12
BRDA:132,9,2,12
BRDA:136,10,0,27
BRDA:136,10,1,17
BRDA:139,11,0,0
BRDA:139,11,1,5
BRDA:139,12,0,5
BRDA:139,12,1,5
BRDA:155,13,0,0
BRDA:155,13,1,0
BRDA:165,14,0,0
BRDA:165,14,1,0
BRDA:171,15,0,0
BRDA:171,15,1,0
BRDA:174,16,0,0
BRDA:174,16,1,0
BRDA:180,17,0,0
BRDA:180,17,1,1
BRDA:187,18,0,16
BRDA:187,18,1,11
BRDA:189,19,0,1
BRDA:189,19,1,10
BRDA:306,20,0,10
BRDA:306,20,1,0
BRDA:336,21,0,8
BRDA:336,21,1,10
BRDA:346,22,0,8
BRDA:346,22,1,10
BRDA:348,23,0,0
BRDA:348,23,1,10
BRDA:360,24,0,8
BRDA:360,24,1,10
BRDA:362,25,0,0
BRDA:362,25,1,10
BRDA:377,26,0,0
BRDA:377,26,1,1
BRDA:382,27,0,18
BRDA:382,27,1,1
BRDA:545,28,0,27
BRDA:545,28,1,1
BRF:60
BRH:36
end_of_record
TN:
SF:src\routes\AppRoutes.tsx
FN:9,(anonymous_0)
FN:10,(anonymous_1)
FN:11,(anonymous_2)
FN:13,(anonymous_3)
FN:14,(anonymous_4)
FN:15,(anonymous_5)
FN:16,(anonymous_6)
FN:17,(anonymous_7)
FN:18,(anonymous_8)
FN:19,(anonymous_9)
FN:20,(anonymous_10)
FN:21,(anonymous_11)
FN:22,(anonymous_12)
FN:23,(anonymous_13)
FN:25,(anonymous_14)
FN:33,(anonymous_15)
FNF:16
FNH:2
FNDA:0,(anonymous_0)
FNDA:0,(anonymous_1)
FNDA:0,(anonymous_2)
FNDA:0,(anonymous_3)
FNDA:0,(anonymous_4)
FNDA:1,(anonymous_5)
FNDA:0,(anonymous_6)
FNDA:0,(anonymous_7)
FNDA:0,(anonymous_8)
FNDA:0,(anonymous_9)
FNDA:0,(anonymous_10)
FNDA:0,(anonymous_11)
FNDA:0,(anonymous_12)
FNDA:0,(anonymous_13)
FNDA:0,(anonymous_14)
FNDA:2,(anonymous_15)
DA:9,1
DA:10,1
DA:11,1
DA:13,1
DA:14,1
DA:15,1
DA:16,1
DA:17,1
DA:18,1
DA:19,1
DA:20,1
DA:21,1
DA:22,1
DA:23,1
DA:25,1
DA:26,0
DA:27,0
DA:28,0
DA:30,0
DA:33,1
DA:34,2
LF:21
LH:17
BRDA:27,0,0,0
BRDA:27,0,1,0
BRDA:30,1,0,0
BRDA:30,1,1,0
BRF:4
BRH:0
end_of_record
TN:
SF:src\services\api.ts
FN:14,(anonymous_0)
FN:29,(anonymous_1)
FN:33,(anonymous_2)
FN:48,(anonymous_3)
FN:49,(anonymous_4)
FN:60,(anonymous_5)
FN:62,(anonymous_6)
FN:73,(anonymous_7)
FN:76,(anonymous_8)
FN:77,(anonymous_9)
FNF:10
FNH:5
FNDA:3,(anonymous_0)
FNDA:1,(anonymous_1)
FNDA:3,(anonymous_2)
FNDA:0,(anonymous_3)
FNDA:0,(anonymous_4)
FNDA:1,(anonymous_5)
FNDA:7,(anonymous_6)
FNDA:0,(anonymous_7)
FNDA:0,(anonymous_8)
FNDA:0,(anonymous_9)
DA:3,7
DA:5,7
DA:14,7
DA:15,3
DA:16,3
DA:17,0
DA:18,0
DA:19,0
DA:20,0
DA:21,0
DA:24,0
DA:28,3
DA:30,1
DA:33,7
DA:34,3
DA:35,3
DA:38,3
DA:39,3
DA:40,1
DA:45,7
DA:46,7
DA:48,7
DA:49,0
DA:50,0
DA:51,0
DA:53,0
DA:56,0
DA:60,7
DA:61,1
DA:63,7
DA:65,7
DA:67,3
DA:68,3
DA:69,3
DA:72,0
DA:73,0
DA:74,0
DA:76,0
DA:77,0
DA:80,0
DA:81,0
DA:83,0
DA:84,0
DA:85,0
DA:86,0
DA:88,0
DA:89,0
DA:90,0
DA:92,0
DA:96,4
LF:50
LH:24
BRDA:3,0,0,7
BRDA:3,0,1,7
BRDA:16,1,0,0
BRDA:16,1,1,3
BRDA:16,2,0,3
BRDA:16,2,1,3
BRDA:16,2,2,3
BRDA:17,3,0,0
BRDA:17,3,1,0
BRDA:17,4,0,0
BRDA:17,4,1,0
BRDA:20,5,0,0
BRDA:20,5,1,0
BRDA:34,6,0,3
BRDA:34,6,1,0
BRDA:39,7,0,1
BRDA:39,7,1,2
BRDA:39,8,0,3
BRDA:39,8,1,1
BRDA:48,9,0,0
BRDA:50,10,0,0
BRDA:50,10,1,0
BRDA:65,11,0,3
BRDA:65,11,1,4
BRDA:65,12,0,7
BRDA:65,12,1,3
BRDA:67,13,0,3
BRDA:67,13,1,0
BRDA:67,14,0,3
BRDA:67,14,1,1
BRDA:72,15,0,0
BRDA:72,15,1,0
BRF:32
BRH:18
end_of_record
TN:
SF:src\services\authService.ts
FN:20,ensureCsrfToken
FN:34,login
FN:80,signup
FN:120,logout
FN:136,getCurrentUser
FN:165,changePassword
FN:176,isAuthenticated
FNF:7
FNH:7
FNDA:13,ensureCsrfToken
FNDA:5,login
FNDA:4,signup
FNDA:2,logout
FNDA:7,getCurrentUser
FNDA:1,changePassword
FNDA:3,isAuthenticated
DA:16,4
DA:21,13
DA:22,13
DA:23,13
DA:24,4
DA:35,5
DA:36,5
DA:37,5
DA:42,2
DA:43,1
DA:45,1
DA:47,1
DA:56,1
DA:59,1
DA:60,1
DA:62,1
DA:64,1
DA:66,1
DA:69,4
DA:70,1
DA:72,3
DA:73,4
DA:81,4
DA:82,4
DA:83,4
DA:89,2
DA:90,1
DA:92,1
DA:94,1
DA:103,1
DA:104,1
DA:106,1
DA:109,3
DA:110,1
DA:112,2
DA:113,3
DA:121,2
DA:122,2
DA:123,2
DA:127,2
DA:128,2
DA:129,2
DA:137,7
DA:138,7
DA:139,3
DA:141,4
DA:142,4
DA:144,4
DA:153,2
DA:155,1
DA:157,2
DA:158,2
DA:166,1
DA:167,1
DA:177,3
LF:55
LH:55
BRDA:23,0,0,4
BRDA:23,0,1,9
BRDA:23,1,0,13
BRDA:23,1,1,13
BRDA:42,2,0,1
BRDA:42,2,1,1
BRDA:45,3,0,1
BRDA:45,3,1,0
BRDA:52,4,0,1
BRDA:52,4,1,0
BRDA:53,5,0,1
BRDA:53,5,1,0
BRDA:59,6,0,1
BRDA:59,6,1,0
BRDA:69,7,0,1
BRDA:69,7,1,3
BRDA:72,8,0,3
BRDA:72,8,1,2
BRDA:72,8,2,0
BRDA:89,9,0,1
BRDA:89,9,1,1
BRDA:92,10,0,0
BRDA:92,10,1,1
BRDA:99,11,0,0
BRDA:99,11,1,1
BRDA:109,12,0,1
BRDA:109,12,1,2
BRDA:112,13,0,2
BRDA:112,13,1,1
BRDA:112,13,2,0
BRDA:128,14,0,2
BRDA:128,14,1,0
BRDA:138,15,0,3
BRDA:138,15,1,4
BRDA:144,16,0,2
BRDA:144,16,1,2
BRDA:145,17,0,4
BRDA:145,17,1,3
BRDA:145,17,2,3
BRDA:145,17,3,2
BRDA:145,17,4,2
BRDA:145,17,5,2
BRDA:145,17,6,2
BRDA:145,17,7,2
BRF:44
BRH:35
end_of_record
TN:
SF:src\services\healthService.ts
FN:8,(anonymous_0)
FNF:1
FNH:1
FNDA:1,(anonymous_0)
DA:8,1
DA:9,1
DA:10,1
LF:3
LH:3
BRF:0
BRH:0
end_of_record
TN:
SF:src\services\profileService.ts
FN:15,getProfile
FN:23,updateProfile
FN:30,changePassword
FNF:3
FNH:3
FNDA:1,getProfile
FNDA:1,updateProfile
FNDA:1,changePassword
DA:11,1
DA:16,1
DA:17,1
DA:24,1
DA:31,1
LF:5
LH:5
BRF:0
BRH:0
end_of_record
TN:
SF:src\services\projectService.ts
FN:19,getProjects
FN:21,(anonymous_1)
FN:32,getProjectById
FN:52,createProject
FN:66,updateProject
FN:71,deleteProject
FN:76,getProgressEntries
FN:81,addProgressEntry
FN:86,updateProgressEntry
FN:91,deleteProgressEntry
FNF:10
FNH:10
FNDA:3,getProjects
FNDA:2,(anonymous_1)
FNDA:4,getProjectById
FNDA:1,createProject
FNDA:1,updateProject
FNDA:1,deleteProject
FNDA:2,getProgressEntries
FNDA:1,addProgressEntry
FNDA:1,updateProgressEntry
FNDA:1,deleteProgressEntry
DA:18,3
DA:20,3
DA:21,2
DA:33,4
DA:34,4
DA:35,2
DA:36,1
DA:37,1
DA:47,2
DA:48,1
DA:53,1
DA:54,1
DA:55,1
DA:67,1
DA:68,1
DA:72,1
DA:73,1
DA:77,2
DA:78,2
DA:82,1
DA:83,1
DA:87,1
DA:88,1
DA:92,1
DA:93,1
LF:25
LH:25
BRDA:21,0,0,2
BRDA:21,0,1,0
BRDA:23,1,0,2
BRDA:23,1,1,1
BRDA:24,2,0,2
BRDA:24,2,1,1
BRDA:25,3,0,2
BRDA:25,3,1,1
BRDA:26,4,0,2
BRDA:26,4,1,1
BRDA:27,5,0,2
BRDA:27,5,1,1
BRDA:28,6,0,1
BRDA:28,6,1,1
BRDA:35,7,0,1
BRDA:35,7,1,1
BRDA:39,8,0,1
BRDA:39,8,1,1
BRDA:40,9,0,4
BRDA:40,9,1,1
BRDA:41,10,0,4
BRDA:41,10,1,1
BRDA:42,11,0,4
BRDA:42,11,1,1
BRDA:43,12,0,4
BRDA:43,12,1,1
BRDA:44,13,0,0
BRDA:44,13,1,1
BRDA:47,14,0,1
BRDA:47,14,1,1
BRDA:57,15,0,1
BRDA:57,15,1,1
BRDA:58,16,0,1
BRDA:58,16,1,1
BRDA:59,17,0,1
BRDA:59,17,1,1
BRDA:60,18,0,1
BRDA:60,18,1,1
BRDA:61,19,0,1
BRDA:61,19,1,1
BRDA:62,20,0,0
BRDA:62,20,1,1
BRDA:78,21,0,2
BRDA:78,21,1,1
BRF:44
BRH:41
end_of_record
TN:
SF:src\services\taskService.ts
FN:8,(anonymous_0)
FN:9,(anonymous_1)
FN:13,(anonymous_2)
FN:67,(anonymous_3)
FN:102,subscribe
FN:104,(anonymous_5)
FN:107,getTasks
FN:149,getAllTasks
FN:153,getTaskById
FN:165,createTask
FN:178,updateTask
FN:231,deleteTask
FN:244,assignTask
FN:260,getProgressEntries
FN:266,addProgressEntry
FN:272,updateProgressEntry
FN:278,deleteProgressEntry
FNF:17
FNH:17
FNDA:10,(anonymous_0)
FNDA:1,(anonymous_1)
FNDA:9,(anonymous_2)
FNDA:3,(anonymous_3)
FNDA:2,subscribe
FNDA:2,(anonymous_5)
FNDA:5,getTasks
FNDA:5,getAllTasks
FNDA:3,getTaskById
FNDA:3,createTask
FNDA:5,updateTask
FNDA:5,deleteTask
FNDA:1,assignTask
FNDA:3,getProgressEntries
FNDA:2,addProgressEntry
FNDA:2,updateProgressEntry
FNDA:2,deleteProgressEntry
DA:6,2
DA:8,2
DA:9,10
DA:13,2
DA:14,9
DA:16,9
DA:17,9
DA:18,9
DA:19,9
DA:20,9
DA:22,9
DA:23,9
DA:24,9
DA:25,0
DA:26,0
DA:28,9
DA:29,9
DA:30,9
DA:33,9
DA:34,9
DA:36,9
DA:67,2
DA:68,3
DA:69,3
DA:70,2
DA:71,1
DA:73,3
DA:74,3
DA:75,2
DA:76,1
DA:78,3
DA:101,2
DA:103,2
DA:104,2
DA:108,5
DA:110,5
DA:111,4
DA:112,4
DA:113,4
DA:114,4
DA:115,4
DA:117,4
DA:118,4
DA:119,4
DA:120,3
DA:121,2
DA:122,1
DA:124,4
DA:125,4
DA:129,4
DA:130,4
DA:131,4
DA:132,3
DA:133,2
DA:134,1
DA:136,4
DA:137,4
DA:142,5
DA:143,5
DA:144,5
DA:145,5
DA:150,5
DA:154,3
DA:155,3
DA:157,2
DA:158,2
DA:159,1
DA:161,1
DA:171,3
DA:172,3
DA:173,3
DA:174,3
DA:175,3
DA:182,5
DA:183,5
DA:184,1
DA:187,4
DA:188,4
DA:190,4
DA:199,5
DA:200,3
DA:201,3
DA:202,2
DA:203,1
DA:204,3
DA:206,1
DA:209,4
DA:210,3
DA:211,3
DA:212,2
DA:213,1
DA:214,3
DA:216,1
DA:219,4
DA:220,3
DA:222,1
DA:225,4
DA:226,4
DA:227,4
DA:228,4
DA:232,5
DA:233,5
DA:235,4
DA:236,4
DA:237,3
DA:238,3
DA:240,1
DA:253,1
DA:257,1
DA:261,3
DA:262,3
DA:263,3
DA:267,2
DA:268,2
DA:269,2
DA:273,2
DA:274,2
DA:275,2
DA:279,2
DA:280,2
DA:281,2
LF:121
LH:119
BRDA:17,0,0,0
BRDA:17,0,1,9
BRDA:17,1,0,9
BRDA:17,1,1,9
BRDA:18,2,0,0
BRDA:18,2,1,9
BRDA:18,3,0,9
BRDA:18,3,1,9
BRDA:19,4,0,0
BRDA:19,4,1,9
BRDA:19,5,0,9
BRDA:19,5,1,9
BRDA:20,6,0,9
BRDA:20,6,1,0
BRDA:20,7,0,9
BRDA:20,7,1,0
BRDA:23,8,0,0
BRDA:23,8,1,9
BRDA:23,9,0,9
BRDA:23,9,1,9
BRDA:24,10,0,9
BRDA:24,10,1,0
BRDA:24,11,0,9
BRDA:24,11,1,0
BRDA:25,12,0,0
BRDA:25,12,1,0
BRDA:25,13,0,0
BRDA:25,13,1,0
BRDA:26,14,0,0
BRDA:26,14,1,0
BRDA:26,15,0,0
BRDA:26,15,1,0
BRDA:28,16,0,9
BRDA:28,16,1,0
BRDA:29,17,0,9
BRDA:29,17,1,0
BRDA:30,18,0,9
BRDA:30,18,1,0
BRDA:33,19,0,9
BRDA:33,19,1,0
BRDA:33,20,0,9
BRDA:33,20,1,0
BRDA:39,21,0,9
BRDA:39,21,1,0
BRDA:41,22,0,9
BRDA:41,22,1,0
BRDA:44,23,0,9
BRDA:44,23,1,0
BRDA:45,24,0,9
BRDA:45,24,1,0
BRDA:46,25,0,9
BRDA:46,25,1,9
BRDA:47,26,0,9
BRDA:47,26,1,9
BRDA:51,27,0,0
BRDA:51,27,1,9
BRDA:51,28,0,9
BRDA:51,28,1,9
BRDA:54,29,0,9
BRDA:54,29,1,0
BRDA:57,30,0,9
BRDA:57,30,1,0
BRDA:69,31,0,1
BRDA:69,31,1,2
BRDA:70,32,0,1
BRDA:70,32,1,1
BRDA:71,33,0,1
BRDA:71,33,1,0
BRDA:74,34,0,1
BRDA:74,34,1,2
BRDA:75,35,0,1
BRDA:75,35,1,1
BRDA:76,36,0,1
BRDA:76,36,1,0
BRDA:80,37,0,3
BRDA:80,37,1,2
BRDA:83,38,0,3
BRDA:83,38,1,0
BRDA:84,39,0,3
BRDA:84,39,1,0
BRDA:85,40,0,3
BRDA:85,40,1,1
BRDA:86,41,0,3
BRDA:86,41,1,3
BRDA:87,42,0,3
BRDA:87,42,1,0
BRDA:87,43,0,3
BRDA:87,43,1,3
BRDA:87,43,2,3
BRDA:110,44,0,4
BRDA:110,44,1,1
BRDA:111,45,0,1
BRDA:111,45,1,3
BRDA:112,46,0,1
BRDA:112,46,1,3
BRDA:112,47,0,4
BRDA:112,47,1,1
BRDA:113,48,0,1
BRDA:113,48,1,3
BRDA:113,49,0,4
BRDA:113,49,1,1
BRDA:114,50,0,1
BRDA:114,50,1,3
BRDA:115,51,0,1
BRDA:115,51,1,3
BRDA:117,52,0,4
BRDA:117,52,1,0
BRDA:117,53,0,4
BRDA:117,53,1,4
BRDA:119,54,0,1
BRDA:119,54,1,3
BRDA:120,55,0,1
BRDA:120,55,1,2
BRDA:121,56,0,1
BRDA:121,56,1,1
BRDA:122,57,0,1
BRDA:122,57,1,0
BRDA:124,58,0,4
BRDA:124,58,1,0
BRDA:129,59,0,4
BRDA:129,59,1,0
BRDA:129,60,0,4
BRDA:129,60,1,4
BRDA:131,61,0,1
BRDA:131,61,1,3
BRDA:132,62,0,1
BRDA:132,62,1,2
BRDA:133,63,0,1
BRDA:133,63,1,1
BRDA:134,64,0,1
BRDA:134,64,1,0
BRDA:136,65,0,4
BRDA:136,65,1,0
BRDA:143,66,0,4
BRDA:143,66,1,1
BRDA:155,67,0,1
BRDA:155,67,1,2
BRDA:183,68,0,1
BRDA:183,68,1,4
BRDA:191,69,0,4
BRDA:191,69,1,3
BRDA:192,70,0,5
BRDA:192,70,1,4
BRDA:193,71,0,5
BRDA:193,71,1,4
BRDA:194,72,0,1
BRDA:194,72,1,3
BRDA:195,73,0,0
BRDA:195,73,1,4
BRDA:196,74,0,0
BRDA:196,74,1,4
BRDA:196,75,0,0
BRDA:196,75,1,0
BRDA:196,76,0,0
BRDA:196,76,1,0
BRDA:199,77,0,3
BRDA:199,77,1,1
BRDA:201,78,0,1
BRDA:201,78,1,2
BRDA:202,79,0,1
BRDA:202,79,1,1
BRDA:203,80,0,1
BRDA:203,80,1,0
BRDA:209,81,0,3
BRDA:209,81,1,1
BRDA:211,82,0,1
BRDA:211,82,1,2
BRDA:212,83,0,1
BRDA:212,83,1,1
BRDA:213,84,0,1
BRDA:213,84,1,0
BRDA:219,85,0,3
BRDA:219,85,1,1
BRDA:220,86,0,2
BRDA:220,86,1,1
BRDA:233,87,0,1
BRDA:233,87,1,4
BRDA:255,88,0,1
BRDA:255,88,1,1
BRDA:261,89,0,2
BRDA:261,89,1,1
BRDA:263,90,0,3
BRDA:263,90,1,1
BRDA:267,91,0,1
BRDA:267,91,1,1
BRDA:273,92,0,1
BRDA:273,92,1,1
BRDA:279,93,0,1
BRDA:279,93,1,1
BRF:189
BRH:142
end_of_record
TN:
SF:src\services\userService.ts
FN:8,getUsers
FN:13,(anonymous_1)
FN:26,inviteUser
FN:36,updateUser
FN:53,deleteUser
FNF:5
FNH:5
FNDA:4,getUsers
FNDA:3,(anonymous_1)
FNDA:2,inviteUser
FNDA:3,updateUser
FNDA:1,deleteUser
DA:4,2
DA:9,4
DA:10,4
DA:11,4
DA:12,4
DA:13,4
DA:27,2
DA:37,3
DA:38,1
DA:40,3
DA:54,1
LF:11
LH:11
BRDA:10,0,0,1
BRDA:10,0,1,3
BRDA:12,1,0,1
BRDA:12,1,1,3
BRDA:17,2,0,1
BRDA:17,2,1,2
BRDA:20,3,0,1
BRDA:20,3,1,2
BRDA:21,4,0,1
BRDA:21,4,1,2
BRDA:32,5,0,1
BRDA:32,5,1,1
BRDA:37,6,0,1
BRDA:37,6,1,2
BRDA:42,7,0,3
BRDA:42,7,1,1
BRDA:43,8,0,3
BRDA:43,8,1,1
BRDA:44,9,0,3
BRDA:44,9,1,2
BRDA:47,10,0,1
BRDA:47,10,1,2
BRDA:48,11,0,3
BRDA:48,11,1,2
BRDA:49,12,0,3
BRDA:49,12,1,2
BRF:26
BRH:26
end_of_record
TN:
SF:src\styles\animations.css
FNF:0
FNH:0
LF:0
LH:0
BRF:0
BRH:0
end_of_record
TN:
SF:src\styles\variables.css
FNF:0
FNH:0
LF:0
LH:0
BRF:0
BRH:0
end_of_record
TN:
SF:src\types\auth.types.ts
FNF:0
FNH:0
LF:0
LH:0
BRF:0
BRH:0
end_of_record
TN:
SF:src\types\dashboard.types.ts
FNF:0
FNH:0
LF:0
LH:0
BRF:0
BRH:0
end_of_record
TN:
SF:src\types\index.ts
FNF:0
FNH:0
LF:0
LH:0
BRF:0
BRH:0
end_of_record
TN:
SF:src\utils\constants.ts
FNF:0
FNH:0
DA:2,0
LF:1
LH:0
BRF:0
BRH:0
end_of_record
TN:
SF:src\utils\dateHelpers.ts
FN:5,(anonymous_0)
FNF:1
FNH:1
FNDA:183,(anonymous_0)
DA:5,5
DA:6,183
DA:7,183
DA:8,183
DA:9,183
DA:10,183
LF:6
LH:6
BRDA:6,0,0,183
BRDA:6,0,1,53
BRF:2
BRH:2
end_of_record
TN:
SF:src\utils\deadlineHelpers.ts
FN:22,(anonymous_0)
FN:122,(anonymous_1)
FNF:2
FNH:2
FNDA:47,(anonymous_0)
FNDA:50,(anonymous_1)
DA:22,6
DA:23,47
DA:24,1
DA:32,46
DA:33,1
DA:41,45
DA:42,45
DA:44,45
DA:45,45
DA:46,1
DA:47,1
DA:48,1
DA:51,45
DA:52,1
DA:60,44
DA:61,44
DA:62,1
DA:69,43
DA:71,43
DA:72,43
DA:74,43
DA:75,17
DA:76,17
DA:84,26
DA:85,1
DA:93,25
DA:94,1
DA:102,24
DA:103,1
DA:111,23
DA:122,6
DA:123,50
DA:124,48
DA:125,48
DA:126,48
DA:127,1
DA:129,47
DA:134,47
DA:136,0
LF:39
LH:38
BRDA:23,0,0,1
BRDA:23,0,1,46
BRDA:32,1,0,1
BRDA:32,1,1,45
BRDA:45,2,0,1
BRDA:45,2,1,44
BRDA:45,3,0,45
BRDA:45,3,1,2
BRDA:46,4,0,1
BRDA:46,4,1,0
BRDA:46,4,2,0
BRDA:51,5,0,1
BRDA:51,5,1,44
BRDA:61,6,0,1
BRDA:61,6,1,43
BRDA:74,7,0,17
BRDA:74,7,1,26
BRDA:74,8,0,43
BRDA:74,8,1,28
BRDA:75,9,0,17
BRDA:75,9,1,0
BRDA:78,10,0,16
BRDA:78,10,1,1
BRDA:84,11,0,1
BRDA:84,11,1,25
BRDA:93,12,0,1
BRDA:93,12,1,24
BRDA:102,13,0,1
BRDA:102,13,1,23
BRDA:123,14,0,2
BRDA:123,14,1,48
BRDA:126,15,0,1
BRDA:126,15,1,47
BRDA:134,16,0,33
BRDA:134,16,1,14
BRF:35
BRH:32
end_of_record
TN:
SF:src\utils\forgotPasswordSchema.ts
FNF:0
FNH:0
DA:3,0
LF:1
LH:0
BRF:0
BRH:0
end_of_record
TN:
SF:src\utils\loginSchema.ts
FNF:0
FNH:0
DA:4,1
LF:1
LH:1
BRF:0
BRH:0
end_of_record
TN:
SF:src\utils\signupSchema.ts
FN:18,(anonymous_0)
FN:22,(anonymous_1)
FNF:2
FNH:2
FNDA:2,(anonymous_0)
FNDA:2,(anonymous_1)
DA:3,1
DA:5,1
DA:18,2
DA:22,2
LF:4
LH:4
BRF:0
BRH:0
end_of_record
TN:
SF:src\utils\taskSchema.ts
FN:11,(anonymous_0)
FN:14,(anonymous_1)
FN:23,(anonymous_2)
FN:32,(anonymous_3)
FNF:4
FNH:4
FNDA:1,(anonymous_0)
FNDA:1,(anonymous_1)
FNDA:14,(anonymous_2)
FNDA:12,(anonymous_3)
DA:3,7
DA:11,1
DA:14,1
DA:25,14
DA:26,4
DA:27,4
DA:34,12
DA:35,11
DA:36,11
DA:37,11
DA:47,7
LF:11
LH:11
BRDA:25,0,0,10
BRDA:25,0,1,4
BRDA:25,1,0,14
BRDA:25,1,1,4
BRDA:27,2,0,4
BRDA:27,2,1,3
BRDA:34,3,0,1
BRDA:34,3,1,11
BRDA:34,4,0,12
BRDA:34,4,1,11
BRF:10
BRH:10
end_of_record
