<?xml version="1.0" encoding="utf-8"?>
<coverage line-rate="0.3953" branch-rate="0.5221" version="1.9" timestamp="1788211406" lines-covered="1672" lines-valid="4229" branches-covered="377" branches-valid="722">
  <sources>
    <source>D:\DotNetProjects\Backend\</source>
  </sources>
  <packages>
    <package name="Backend" line-rate="0.3953" branch-rate="0.5221" complexity="946">
      <classes>
        <class name="Program/&lt;&lt;Main&gt;$&gt;d__0" filename="Program.cs" line-rate="0" branch-rate="0" complexity="22">
          <methods>
            <method name="MoveNext" signature="()" line-rate="0" branch-rate="0" complexity="22">
              <lines>
                <line number="22" hits="0" branch="True" condition-coverage="0% (0/2)">
                  <conditions>
                    <condition number="57" type="jump" coverage="0%" />
                  </conditions>
                </line>
                <line number="23" hits="0" branch="False" />
                <line number="24" hits="0" branch="False" />
                <line number="25" hits="0" branch="False" />
                <line number="26" hits="0" branch="False" />
                <line number="27" hits="0" branch="False" />
                <line number="28" hits="0" branch="False" />
                <line number="31" hits="0" branch="False" />
                <line number="32" hits="0" branch="False" />
                <line number="34" hits="0" branch="False" />
                <line number="35" hits="0" branch="False" />
                <line number="38" hits="0" branch="True" condition-coverage="0% (0/2)">
                  <conditions>
                    <condition number="222" type="jump" coverage="0%" />
                  </conditions>
                </line>
                <line number="39" hits="0" branch="False" />
                <line number="41" hits="0" branch="True" condition-coverage="0% (0/2)">
                  <conditions>
                    <condition number="258" type="jump" coverage="0%" />
                  </conditions>
                </line>
                <line number="42" hits="0" branch="False" />
                <line number="43" hits="0" branch="False" />
                <line number="44" hits="0" branch="False" />
                <line number="45" hits="0" branch="False" />
                <line number="46" hits="0" branch="False" />
                <line number="50" hits="0" branch="True" condition-coverage="0% (0/2)">
                  <conditions>
                    <condition number="299" type="jump" coverage="0%" />
                  </conditions>
                </line>
                <line number="51" hits="0" branch="False" />
                <line number="52" hits="0" branch="False" />
                <line number="53" hits="0" branch="False" />
                <line number="56" hits="0" branch="True" condition-coverage="0% (0/2)">
                  <conditions>
                    <condition number="393" type="jump" coverage="0%" />
                  </conditions>
                </line>
                <line number="57" hits="0" branch="True" condition-coverage="0% (0/2)">
                  <conditions>
                    <condition number="439" type="jump" coverage="0%" />
                  </conditions>
                </line>
                <line number="60" hits="0" branch="True" condition-coverage="0% (0/2)">
                  <conditions>
                    <condition number="485" type="jump" coverage="0%" />
                  </conditions>
                </line>
                <line number="61" hits="0" branch="False" />
                <line number="63" hits="0" branch="False" />
                <line number="64" hits="0" branch="False" />
                <line number="67" hits="0" branch="False" />
                <line number="68" hits="0" branch="False" />
                <line number="69" hits="0" branch="False" />
                <line number="70" hits="0" branch="False" />
                <line number="71" hits="0" branch="False" />
                <line number="72" hits="0" branch="False" />
                <line number="73" hits="0" branch="False" />
                <line number="74" hits="0" branch="False" />
                <line number="75" hits="0" branch="False" />
                <line number="78" hits="0" branch="True" condition-coverage="0% (0/2)">
                  <conditions>
                    <condition number="636" type="jump" coverage="0%" />
                  </conditions>
                </line>
                <line number="79" hits="0" branch="False" />
                <line number="80" hits="0" branch="False" />
                <line number="81" hits="0" branch="True" condition-coverage="0% (0/2)">
                  <conditions>
                    <condition number="14" type="jump" coverage="0%" />
                  </conditions>
                </line>
                <line number="82" hits="0" branch="False" />
                <line number="83" hits="0" branch="False" />
                <line number="84" hits="0" branch="False" />
                <line number="85" hits="0" branch="False" />
                <line number="86" hits="0" branch="False" />
                <line number="87" hits="0" branch="False" />
                <line number="88" hits="0" branch="False" />
                <line number="91" hits="0" branch="False" />
                <line number="92" hits="0" branch="False" />
                <line number="93" hits="0" branch="False" />
                <line number="94" hits="0" branch="False" />
                <line number="96" hits="0" branch="False" />
                <line number="97" hits="0" branch="False" />
                <line number="98" hits="0" branch="False" />
                <line number="99" hits="0" branch="False" />
                <line number="100" hits="0" branch="False" />
                <line number="103" hits="0" branch="False" />
                <line number="104" hits="0" branch="False" />
                <line number="105" hits="0" branch="False" />
                <line number="106" hits="0" branch="False" />
                <line number="107" hits="0" branch="False" />
                <line number="108" hits="0" branch="False" />
                <line number="109" hits="0" branch="False" />
                <line number="112" hits="0" branch="False" />
                <line number="113" hits="0" branch="False" />
                <line number="114" hits="0" branch="False" />
                <line number="115" hits="0" branch="False" />
                <line number="116" hits="0" branch="False" />
                <line number="117" hits="0" branch="False" />
                <line number="118" hits="0" branch="False" />
                <line number="119" hits="0" branch="False" />
                <line number="120" hits="0" branch="False" />
                <line number="121" hits="0" branch="False" />
                <line number="122" hits="0" branch="False" />
                <line number="123" hits="0" branch="False" />
                <line number="124" hits="0" branch="False" />
                <line number="125" hits="0" branch="False" />
                <line number="126" hits="0" branch="False" />
                <line number="127" hits="0" branch="False" />
                <line number="128" hits="0" branch="False" />
                <line number="129" hits="0" branch="False" />
                <line number="130" hits="0" branch="False" />
                <line number="131" hits="0" branch="False" />
                <line number="132" hits="0" branch="False" />
                <line number="133" hits="0" branch="False" />
                <line number="134" hits="0" branch="False" />
                <line number="135" hits="0" branch="False" />
                <line number="136" hits="0" branch="False" />
                <line number="137" hits="0" branch="False" />
                <line number="138" hits="0" branch="False" />
                <line number="139" hits="0" branch="False" />
                <line number="140" hits="0" branch="False" />
                <line number="141" hits="0" branch="False" />
                <line number="142" hits="0" branch="False" />
                <line number="143" hits="0" branch="False" />
                <line number="144" hits="0" branch="False" />
                <line number="145" hits="0" branch="False" />
                <line number="146" hits="0" branch="False" />
                <line number="147" hits="0" branch="False" />
                <line number="148" hits="0" branch="False" />
                <line number="149" hits="0" branch="False" />
                <line number="150" hits="0" branch="False" />
                <line number="151" hits="0" branch="False" />
                <line number="152" hits="0" branch="False" />
                <line number="153" hits="0" branch="False" />
                <line number="154" hits="0" branch="False" />
                <line number="155" hits="0" branch="False" />
                <line number="156" hits="0" branch="False" />
                <line number="157" hits="0" branch="False" />
                <line number="158" hits="0" branch="False" />
                <line number="159" hits="0" branch="False" />
                <line number="160" hits="0" branch="False" />
                <line number="161" hits="0" branch="False" />
                <line number="162" hits="0" branch="False" />
                <line number="163" hits="0" branch="False" />
                <line number="164" hits="0" branch="False" />
                <line number="165" hits="0" branch="False" />
                <line number="166" hits="0" branch="False" />
                <line number="167" hits="0" branch="False" />
                <line number="168" hits="0" branch="False" />
                <line number="169" hits="0" branch="False" />
                <line number="170" hits="0" branch="False" />
                <line number="171" hits="0" branch="False" />
                <line number="172" hits="0" branch="False" />
                <line number="173" hits="0" branch="False" />
                <line number="174" hits="0" branch="False" />
                <line number="175" hits="0" branch="False" />
                <line number="176" hits="0" branch="False" />
                <line number="177" hits="0" branch="False" />
                <line number="178" hits="0" branch="False" />
                <line number="180" hits="0" branch="False" />
                <line number="181" hits="0" branch="False" />
                <line number="184" hits="0" branch="False" />
                <line number="186" hits="0" branch="False" />
                <line number="188" hits="0" branch="False" />
                <line number="191" hits="0" branch="False" />
                <line number="194" hits="0" branch="True" condition-coverage="0% (0/2)">
                  <conditions>
                    <condition number="1247" type="jump" coverage="0%" />
                  </conditions>
                </line>
                <line number="195" hits="0" branch="False" />
                <line number="196" hits="0" branch="False" />
                <line number="197" hits="0" branch="False" />
                <line number="199" hits="0" branch="True" condition-coverage="0% (0/2)">
                  <conditions>
                    <condition number="1291" type="jump" coverage="0%" />
                  </conditions>
                </line>
                <line number="200" hits="0" branch="False" />
                <line number="201" hits="0" branch="False" />
                <line number="202" hits="0" branch="False" />
                <line number="203" hits="0" branch="False" />
                <line number="204" hits="0" branch="False" />
                <line number="205" hits="0" branch="False" />
                <line number="206" hits="0" branch="False" />
                <line number="207" hits="0" branch="False" />
                <line number="208" hits="0" branch="False" />
                <line number="209" hits="0" branch="False" />
                <line number="211" hits="0" branch="False" />
                <line number="213" hits="0" branch="False" />
                <line number="215" hits="0" branch="False" />
                <line number="216" hits="0" branch="False" />
                <line number="217" hits="0" branch="False" />
                <line number="218" hits="0" branch="False" />
                <line number="219" hits="0" branch="False" />
                <line number="220" hits="0" branch="False" />
                <line number="223" hits="0" branch="False" />
                <line number="224" hits="0" branch="False" />
                <line number="225" hits="0" branch="False" />
              </lines>
            </method>
          </methods>
          <lines>
            <line number="22" hits="0" branch="True" condition-coverage="0% (0/2)">
              <conditions>
                <condition number="57" type="jump" coverage="0%" />
              </conditions>
            </line>
            <line number="23" hits="0" branch="False" />
            <line number="24" hits="0" branch="False" />
            <line number="25" hits="0" branch="False" />
            <line number="26" hits="0" branch="False" />
            <line number="27" hits="0" branch="False" />
            <line number="28" hits="0" branch="False" />
            <line number="31" hits="0" branch="False" />
            <line number="32" hits="0" branch="False" />
            <line number="34" hits="0" branch="False" />
            <line number="35" hits="0" branch="False" />
            <line number="38" hits="0" branch="True" condition-coverage="0% (0/2)">
              <conditions>
                <condition number="222" type="jump" coverage="0%" />
              </conditions>
            </line>
            <line number="39" hits="0" branch="False" />
            <line number="41" hits="0" branch="True" condition-coverage="0% (0/2)">
              <conditions>
                <condition number="258" type="jump" coverage="0%" />
              </conditions>
            </line>
            <line number="42" hits="0" branch="False" />
            <line number="43" hits="0" branch="False" />
            <line number="44" hits="0" branch="False" />
            <line number="45" hits="0" branch="False" />
            <line number="46" hits="0" branch="False" />
            <line number="50" hits="0" branch="True" condition-coverage="0% (0/2)">
              <conditions>
                <condition number="299" type="jump" coverage="0%" />
              </conditions>
            </line>
            <line number="51" hits="0" branch="False" />
            <line number="52" hits="0" branch="False" />
            <line number="53" hits="0" branch="False" />
            <line number="56" hits="0" branch="True" condition-coverage="0% (0/2)">
              <conditions>
                <condition number="393" type="jump" coverage="0%" />
              </conditions>
            </line>
            <line number="57" hits="0" branch="True" condition-coverage="0% (0/2)">
              <conditions>
                <condition number="439" type="jump" coverage="0%" />
              </conditions>
            </line>
            <line number="60" hits="0" branch="True" condition-coverage="0% (0/2)">
              <conditions>
                <condition number="485" type="jump" coverage="0%" />
              </conditions>
            </line>
            <line number="61" hits="0" branch="False" />
            <line number="63" hits="0" branch="False" />
            <line number="64" hits="0" branch="False" />
            <line number="67" hits="0" branch="False" />
            <line number="68" hits="0" branch="False" />
            <line number="69" hits="0" branch="False" />
            <line number="70" hits="0" branch="False" />
            <line number="71" hits="0" branch="False" />
            <line number="72" hits="0" branch="False" />
            <line number="73" hits="0" branch="False" />
            <line number="74" hits="0" branch="False" />
            <line number="75" hits="0" branch="False" />
            <line number="78" hits="0" branch="True" condition-coverage="0% (0/2)">
              <conditions>
                <condition number="636" type="jump" coverage="0%" />
              </conditions>
            </line>
            <line number="79" hits="0" branch="False" />
            <line number="80" hits="0" branch="False" />
            <line number="81" hits="0" branch="True" condition-coverage="0% (0/2)">
              <conditions>
                <condition number="14" type="jump" coverage="0%" />
              </conditions>
            </line>
            <line number="82" hits="0" branch="False" />
            <line number="83" hits="0" branch="False" />
            <line number="84" hits="0" branch="False" />
            <line number="85" hits="0" branch="False" />
            <line number="86" hits="0" branch="False" />
            <line number="87" hits="0" branch="False" />
            <line number="88" hits="0" branch="False" />
            <line number="91" hits="0" branch="False" />
            <line number="92" hits="0" branch="False" />
            <line number="93" hits="0" branch="False" />
            <line number="94" hits="0" branch="False" />
            <line number="96" hits="0" branch="False" />
            <line number="97" hits="0" branch="False" />
            <line number="98" hits="0" branch="False" />
            <line number="99" hits="0" branch="False" />
            <line number="100" hits="0" branch="False" />
            <line number="103" hits="0" branch="False" />
            <line number="104" hits="0" branch="False" />
            <line number="105" hits="0" branch="False" />
            <line number="106" hits="0" branch="False" />
            <line number="107" hits="0" branch="False" />
            <line number="108" hits="0" branch="False" />
            <line number="109" hits="0" branch="False" />
            <line number="112" hits="0" branch="False" />
            <line number="113" hits="0" branch="False" />
            <line number="114" hits="0" branch="False" />
            <line number="115" hits="0" branch="False" />
            <line number="116" hits="0" branch="False" />
            <line number="117" hits="0" branch="False" />
            <line number="118" hits="0" branch="False" />
            <line number="119" hits="0" branch="False" />
            <line number="120" hits="0" branch="False" />
            <line number="121" hits="0" branch="False" />
            <line number="122" hits="0" branch="False" />
            <line number="123" hits="0" branch="False" />
            <line number="124" hits="0" branch="False" />
            <line number="125" hits="0" branch="False" />
            <line number="126" hits="0" branch="False" />
            <line number="127" hits="0" branch="False" />
            <line number="128" hits="0" branch="False" />
            <line number="129" hits="0" branch="False" />
            <line number="130" hits="0" branch="False" />
            <line number="131" hits="0" branch="False" />
            <line number="132" hits="0" branch="False" />
            <line number="133" hits="0" branch="False" />
            <line number="134" hits="0" branch="False" />
            <line number="135" hits="0" branch="False" />
            <line number="136" hits="0" branch="False" />
            <line number="137" hits="0" branch="False" />
            <line number="138" hits="0" branch="False" />
            <line number="139" hits="0" branch="False" />
            <line number="140" hits="0" branch="False" />
            <line number="141" hits="0" branch="False" />
            <line number="142" hits="0" branch="False" />
            <line number="143" hits="0" branch="False" />
            <line number="144" hits="0" branch="False" />
            <line number="145" hits="0" branch="False" />
            <line number="146" hits="0" branch="False" />
            <line number="147" hits="0" branch="False" />
            <line number="148" hits="0" branch="False" />
            <line number="149" hits="0" branch="False" />
            <line number="150" hits="0" branch="False" />
            <line number="151" hits="0" branch="False" />
            <line number="152" hits="0" branch="False" />
            <line number="153" hits="0" branch="False" />
            <line number="154" hits="0" branch="False" />
            <line number="155" hits="0" branch="False" />
            <line number="156" hits="0" branch="False" />
            <line number="157" hits="0" branch="False" />
            <line number="158" hits="0" branch="False" />
            <line number="159" hits="0" branch="False" />
            <line number="160" hits="0" branch="False" />
            <line number="161" hits="0" branch="False" />
            <line number="162" hits="0" branch="False" />
            <line number="163" hits="0" branch="False" />
            <line number="164" hits="0" branch="False" />
            <line number="165" hits="0" branch="False" />
            <line number="166" hits="0" branch="False" />
            <line number="167" hits="0" branch="False" />
            <line number="168" hits="0" branch="False" />
            <line number="169" hits="0" branch="False" />
            <line number="170" hits="0" branch="False" />
            <line number="171" hits="0" branch="False" />
            <line number="172" hits="0" branch="False" />
            <line number="173" hits="0" branch="False" />
            <line number="174" hits="0" branch="False" />
            <line number="175" hits="0" branch="False" />
            <line number="176" hits="0" branch="False" />
            <line number="177" hits="0" branch="False" />
            <line number="178" hits="0" branch="False" />
            <line number="180" hits="0" branch="False" />
            <line number="181" hits="0" branch="False" />
            <line number="184" hits="0" branch="False" />
            <line number="186" hits="0" branch="False" />
            <line number="188" hits="0" branch="False" />
            <line number="191" hits="0" branch="False" />
            <line number="194" hits="0" branch="True" condition-coverage="0% (0/2)">
              <conditions>
                <condition number="1247" type="jump" coverage="0%" />
              </conditions>
            </line>
            <line number="195" hits="0" branch="False" />
            <line number="196" hits="0" branch="False" />
            <line number="197" hits="0" branch="False" />
            <line number="199" hits="0" branch="True" condition-coverage="0% (0/2)">
              <conditions>
                <condition number="1291" type="jump" coverage="0%" />
              </conditions>
            </line>
            <line number="200" hits="0" branch="False" />
            <line number="201" hits="0" branch="False" />
            <line number="202" hits="0" branch="False" />
            <line number="203" hits="0" branch="False" />
            <line number="204" hits="0" branch="False" />
            <line number="205" hits="0" branch="False" />
            <line number="206" hits="0" branch="False" />
            <line number="207" hits="0" branch="False" />
            <line number="208" hits="0" branch="False" />
            <line number="209" hits="0" branch="False" />
            <line number="211" hits="0" branch="False" />
            <line number="213" hits="0" branch="False" />
            <line number="215" hits="0" branch="False" />
            <line number="216" hits="0" branch="False" />
            <line number="217" hits="0" branch="False" />
            <line number="218" hits="0" branch="False" />
            <line number="219" hits="0" branch="False" />
            <line number="220" hits="0" branch="False" />
            <line number="223" hits="0" branch="False" />
            <line number="224" hits="0" branch="False" />
            <line number="225" hits="0" branch="False" />
          </lines>
        </class>
        <class name="Program/&lt;&gt;c/&lt;&lt;&lt;Main&gt;$&gt;b__0_12&gt;d" filename="Program.cs" line-rate="1" branch-rate="0" complexity="8">
          <methods />
          <lines />
        </class>
        <class name="Microsoft.AspNetCore.OpenApi.Generated.&lt;OpenApiXmlCommentSupport_generated&gt;FD4AA03DB506210D8B5DE3F032FA21B435083E840426F88B14DE330634835D111__XmlComment" filename="obj\Debug\net10.0\Microsoft.AspNetCore.OpenApi.SourceGenerators\Microsoft.AspNetCore.OpenApi.SourceGenerators.XmlCommentGenerator\OpenApiXmlCommentSupport.generated.cs" line-rate="0" branch-rate="1" complexity="10">
          <methods>
            <method name="get_Summary" signature="()" line-rate="0" branch-rate="1" complexity="1">
              <lines>
                <line number="47" hits="0" branch="False" />
              </lines>
            </method>
            <method name="get_Description" signature="()" line-rate="0" branch-rate="1" complexity="1">
              <lines>
                <line number="48" hits="0" branch="False" />
              </lines>
            </method>
            <method name="get_Remarks" signature="()" line-rate="0" branch-rate="1" complexity="1">
              <lines>
                <line number="49" hits="0" branch="False" />
              </lines>
            </method>
            <method name="get_Returns" signature="()" line-rate="0" branch-rate="1" complexity="1">
              <lines>
                <line number="50" hits="0" branch="False" />
              </lines>
            </method>
            <method name="get_Value" signature="()" line-rate="0" branch-rate="1" complexity="1">
              <lines>
                <line number="51" hits="0" branch="False" />
              </lines>
            </method>
            <method name="get_Deprecated" signature="()" line-rate="0" branch-rate="1" complexity="1">
              <lines>
                <line number="52" hits="0" branch="False" />
              </lines>
            </method>
            <method name="get_Examples" signature="()" line-rate="0" branch-rate="1" complexity="1">
              <lines>
                <line number="53" hits="0" branch="False" />
              </lines>
            </method>
            <method name="get_Parameters" signature="()" line-rate="0" branch-rate="1" complexity="1">
              <lines>
                <line number="54" hits="0" branch="False" />
              </lines>
            </method>
            <method name="get_Responses" signature="()" line-rate="0" branch-rate="1" complexity="1">
              <lines>
                <line number="55" hits="0" branch="False" />
              </lines>
            </method>
            <method name=".ctor" signature="(System.String,System.String,System.String,System.String,System.String,System.Boolean,System.Collections.Generic.List`1&lt;System.String&gt;,System.Collections.Generic.List`1&lt;Microsoft.AspNetCore.OpenApi.Generated.&lt;OpenApiXmlCommentSupport_generated&gt;FD4AA03DB506210D8B5DE3F032FA21B435083E840426F88B14DE330634835D111__XmlParameterComment&gt;,System.Collections.Generic.List`1&lt;Microsoft.AspNetCore.OpenApi.Generated.&lt;OpenApiXmlCommentSupport_generated&gt;FD4AA03DB506210D8B5DE3F032FA21B435083E840426F88B14DE330634835D111__XmlResponseComment&gt;)" line-rate="0" branch-rate="1" complexity="1">
              <lines>
                <line number="46" hits="0" branch="False" />
              </lines>
            </method>
          </methods>
          <lines>
            <line number="47" hits="0" branch="False" />
            <line number="48" hits="0" branch="False" />
            <line number="49" hits="0" branch="False" />
            <line number="50" hits="0" branch="False" />
            <line number="51" hits="0" branch="False" />
            <line number="52" hits="0" branch="False" />
            <line number="53" hits="0" branch="False" />
            <line number="54" hits="0" branch="False" />
            <line number="55" hits="0" branch="False" />
            <line number="46" hits="0" branch="False" />
          </lines>
        </class>
        <class name="Microsoft.AspNetCore.OpenApi.Generated.&lt;OpenApiXmlCommentSupport_generated&gt;FD4AA03DB506210D8B5DE3F032FA21B435083E840426F88B14DE330634835D111__XmlParameterComment" filename="obj\Debug\net10.0\Microsoft.AspNetCore.OpenApi.SourceGenerators\Microsoft.AspNetCore.OpenApi.SourceGenerators.XmlCommentGenerator\OpenApiXmlCommentSupport.generated.cs" line-rate="0" branch-rate="1" complexity="1">
          <methods>
            <method name="get_Name" signature="()" line-rate="0" branch-rate="1" complexity="1">
              <lines>
                <line number="58" hits="0" branch="False" />
              </lines>
            </method>
          </methods>
          <lines>
            <line number="58" hits="0" branch="False" />
          </lines>
        </class>
        <class name="Microsoft.AspNetCore.OpenApi.Generated.&lt;OpenApiXmlCommentSupport_generated&gt;FD4AA03DB506210D8B5DE3F032FA21B435083E840426F88B14DE330634835D111__XmlResponseComment" filename="obj\Debug\net10.0\Microsoft.AspNetCore.OpenApi.SourceGenerators\Microsoft.AspNetCore.OpenApi.SourceGenerators.XmlCommentGenerator\OpenApiXmlCommentSupport.generated.cs" line-rate="0" branch-rate="1" complexity="1">
          <methods>
            <method name="get_Code" signature="()" line-rate="0" branch-rate="1" complexity="1">
              <lines>
                <line number="61" hits="0" branch="False" />
              </lines>
            </method>
          </methods>
          <lines>
            <line number="61" hits="0" branch="False" />
          </lines>
        </class>
        <class name="Microsoft.AspNetCore.OpenApi.Generated.&lt;OpenApiXmlCommentSupport_generated&gt;FD4AA03DB506210D8B5DE3F032FA21B435083E840426F88B14DE330634835D111__XmlCommentCache" filename="obj\Debug\net10.0\Microsoft.AspNetCore.OpenApi.SourceGenerators\Microsoft.AspNetCore.OpenApi.SourceGenerators.XmlCommentGenerator\OpenApiXmlCommentSupport.generated.cs" line-rate="0" branch-rate="0" complexity="3">
          <methods>
            <method name="get_Cache" signature="()" line-rate="0" branch-rate="0" complexity="2">
              <lines>
                <line number="67" hits="0" branch="True" condition-coverage="0% (0/2)">
                  <conditions>
                    <condition number="6" type="jump" coverage="0%" />
                  </conditions>
                </line>
              </lines>
            </method>
            <method name="GenerateCacheEntries" signature="()" line-rate="0" branch-rate="1" complexity="1">
              <lines>
                <line number="70" hits="0" branch="False" />
                <line number="71" hits="0" branch="False" />
                <line number="75" hits="0" branch="False" />
                <line number="76" hits="0" branch="False" />
              </lines>
            </method>
          </methods>
          <lines>
            <line number="67" hits="0" branch="True" condition-coverage="0% (0/2)">
              <conditions>
                <condition number="6" type="jump" coverage="0%" />
              </conditions>
            </line>
            <line number="70" hits="0" branch="False" />
            <line number="71" hits="0" branch="False" />
            <line number="75" hits="0" branch="False" />
            <line number="76" hits="0" branch="False" />
          </lines>
        </class>
        <class name="Microsoft.AspNetCore.OpenApi.Generated.&lt;OpenApiXmlCommentSupport_generated&gt;FD4AA03DB506210D8B5DE3F032FA21B435083E840426F88B14DE330634835D111__DocumentationCommentIdHelper" filename="obj\Debug\net10.0\Microsoft.AspNetCore.OpenApi.SourceGenerators\Microsoft.AspNetCore.OpenApi.SourceGenerators.XmlCommentGenerator\OpenApiXmlCommentSupport.generated.cs" line-rate="0" branch-rate="0" complexity="68">
          <methods>
            <method name="CreateDocumentationId" signature="(System.Type)" line-rate="0" branch-rate="0" complexity="2">
              <lines>
                <line number="87" hits="0" branch="False" />
                <line number="88" hits="0" branch="True" condition-coverage="0% (0/2)">
                  <conditions>
                    <condition number="10" type="jump" coverage="0%" />
                  </conditions>
                </line>
                <line number="89" hits="0" branch="False" />
                <line number="90" hits="0" branch="False" />
                <line number="93" hits="0" branch="False" />
                <line number="94" hits="0" branch="False" />
              </lines>
            </method>
            <method name="CreateDocumentationId" signature="(System.Reflection.PropertyInfo)" line-rate="0" branch-rate="0" complexity="10">
              <lines>
                <line number="101" hits="0" branch="False" />
                <line number="102" hits="0" branch="True" condition-coverage="0% (0/2)">
                  <conditions>
                    <condition number="10" type="jump" coverage="0%" />
                  </conditions>
                </line>
                <line number="103" hits="0" branch="False" />
                <line number="104" hits="0" branch="False" />
                <line number="107" hits="0" branch="False" />
                <line number="108" hits="0" branch="False" />
                <line number="110" hits="0" branch="True" condition-coverage="0% (0/2)">
                  <conditions>
                    <condition number="56" type="jump" coverage="0%" />
                  </conditions>
                </line>
                <line number="111" hits="0" branch="False" />
                <line number="112" hits="0" branch="False" />
                <line number="113" hits="0" branch="False" />
                <line number="115" hits="0" branch="False" />
                <line number="116" hits="0" branch="False" />
                <line number="119" hits="0" branch="False" />
                <line number="120" hits="0" branch="True" condition-coverage="0% (0/2)">
                  <conditions>
                    <condition number="118" type="jump" coverage="0%" />
                  </conditions>
                </line>
                <line number="121" hits="0" branch="False" />
                <line number="122" hits="0" branch="False" />
                <line number="123" hits="0" branch="True" condition-coverage="0% (0/2)">
                  <conditions>
                    <condition number="199" type="jump" coverage="0%" />
                  </conditions>
                </line>
                <line number="124" hits="0" branch="False" />
                <line number="125" hits="0" branch="True" condition-coverage="0% (0/2)">
                  <conditions>
                    <condition number="145" type="jump" coverage="0%" />
                  </conditions>
                </line>
                <line number="126" hits="0" branch="False" />
                <line number="127" hits="0" branch="False" />
                <line number="128" hits="0" branch="False" />
                <line number="130" hits="0" branch="False" />
                <line number="131" hits="0" branch="False" />
                <line number="132" hits="0" branch="False" />
                <line number="133" hits="0" branch="False" />
                <line number="135" hits="0" branch="False" />
                <line number="136" hits="0" branch="False" />
              </lines>
            </method>
            <method name="CreateDocumentationId" signature="(System.Type,System.String)" line-rate="0" branch-rate="0" complexity="4">
              <lines>
                <line number="143" hits="0" branch="False" />
                <line number="144" hits="0" branch="True" condition-coverage="0% (0/2)">
                  <conditions>
                    <condition number="10" type="jump" coverage="0%" />
                  </conditions>
                </line>
                <line number="145" hits="0" branch="False" />
                <line number="146" hits="0" branch="False" />
                <line number="148" hits="0" branch="True" condition-coverage="0% (0/2)">
                  <conditions>
                    <condition number="32" type="jump" coverage="0%" />
                  </conditions>
                </line>
                <line number="149" hits="0" branch="False" />
                <line number="150" hits="0" branch="False" />
                <line number="153" hits="0" branch="False" />
                <line number="154" hits="0" branch="False" />
                <line number="155" hits="0" branch="False" />
                <line number="156" hits="0" branch="False" />
                <line number="157" hits="0" branch="False" />
                <line number="159" hits="0" branch="False" />
                <line number="160" hits="0" branch="False" />
              </lines>
            </method>
            <method name="CreateDocumentationId" signature="(System.Reflection.MethodInfo)" line-rate="0" branch-rate="0" complexity="18">
              <lines>
                <line number="169" hits="0" branch="False" />
                <line number="170" hits="0" branch="True" condition-coverage="0% (0/2)">
                  <conditions>
                    <condition number="10" type="jump" coverage="0%" />
                  </conditions>
                </line>
                <line number="171" hits="0" branch="False" />
                <line number="172" hits="0" branch="False" />
                <line number="175" hits="0" branch="False" />
                <line number="176" hits="0" branch="False" />
                <line number="179" hits="0" branch="True" condition-coverage="0% (0/2)">
                  <conditions>
                    <condition number="56" type="jump" coverage="0%" />
                  </conditions>
                </line>
                <line number="180" hits="0" branch="False" />
                <line number="181" hits="0" branch="False" />
                <line number="182" hits="0" branch="False" />
                <line number="184" hits="0" branch="False" />
                <line number="187" hits="0" branch="True" condition-coverage="0% (0/2)">
                  <conditions>
                    <condition number="99" type="jump" coverage="0%" />
                  </conditions>
                </line>
                <line number="188" hits="0" branch="False" />
                <line number="189" hits="0" branch="True" condition-coverage="0% (0/2)">
                  <conditions>
                    <condition number="109" type="jump" coverage="0%" />
                  </conditions>
                </line>
                <line number="190" hits="0" branch="False" />
                <line number="192" hits="0" branch="False" />
                <line number="193" hits="0" branch="False" />
                <line number="194" hits="0" branch="True" condition-coverage="0% (0/2)">
                  <conditions>
                    <condition number="156" type="jump" coverage="0%" />
                  </conditions>
                </line>
                <line number="195" hits="0" branch="False" />
                <line number="196" hits="0" branch="False" />
                <line number="197" hits="0" branch="False" />
                <line number="198" hits="0" branch="False" />
                <line number="199" hits="0" branch="False" />
                <line number="202" hits="0" branch="False" />
                <line number="203" hits="0" branch="True" condition-coverage="0% (0/2)">
                  <conditions>
                    <condition number="219" type="jump" coverage="0%" />
                  </conditions>
                </line>
                <line number="204" hits="0" branch="False" />
                <line number="205" hits="0" branch="False" />
                <line number="206" hits="0" branch="True" condition-coverage="0% (0/2)">
                  <conditions>
                    <condition number="300" type="jump" coverage="0%" />
                  </conditions>
                </line>
                <line number="207" hits="0" branch="False" />
                <line number="208" hits="0" branch="True" condition-coverage="0% (0/2)">
                  <conditions>
                    <condition number="246" type="jump" coverage="0%" />
                  </conditions>
                </line>
                <line number="209" hits="0" branch="False" />
                <line number="210" hits="0" branch="False" />
                <line number="211" hits="0" branch="False" />
                <line number="214" hits="0" branch="False" />
                <line number="215" hits="0" branch="False" />
                <line number="216" hits="0" branch="False" />
                <line number="217" hits="0" branch="False" />
                <line number="220" hits="0" branch="True" condition-coverage="0% (0/2)">
                  <conditions>
                    <condition number="337" type="jump" coverage="0%" />
                  </conditions>
                </line>
                <line number="221" hits="0" branch="False" />
                <line number="222" hits="0" branch="False" />
                <line number="224" hits="0" branch="False" />
                <line number="225" hits="0" branch="False" />
                <line number="227" hits="0" branch="False" />
                <line number="228" hits="0" branch="False" />
              </lines>
            </method>
            <method name="GetTypeDocId" signature="(System.Type,System.Boolean,System.Boolean)" line-rate="0" branch-rate="0" complexity="28">
              <lines>
                <line number="239" hits="0" branch="False" />
                <line number="240" hits="0" branch="True" condition-coverage="0% (0/2)">
                  <conditions>
                    <condition number="9" type="jump" coverage="0%" />
                  </conditions>
                </line>
                <line number="241" hits="0" branch="False" />
                <line number="243" hits="0" branch="True" condition-coverage="0% (0/2)">
                  <conditions>
                    <condition number="26" type="jump" coverage="0%" />
                  </conditions>
                </line>
                <line number="244" hits="0" branch="False" />
                <line number="245" hits="0" branch="False" />
                <line number="247" hits="0" branch="True" condition-coverage="0% (0/2)">
                  <conditions>
                    <condition number="75" type="jump" coverage="0%" />
                  </conditions>
                </line>
                <line number="248" hits="0" branch="False" />
                <line number="249" hits="0" branch="False" />
                <line number="252" hits="0" branch="False" />
                <line number="253" hits="0" branch="False" />
                <line number="257" hits="0" branch="True" condition-coverage="0% (0/2)">
                  <conditions>
                    <condition number="131" type="jump" coverage="0%" />
                  </conditions>
                </line>
                <line number="258" hits="0" branch="False" />
                <line number="259" hits="0" branch="False" />
                <line number="260" hits="0" branch="True" condition-coverage="0% (0/2)">
                  <conditions>
                    <condition number="153" type="jump" coverage="0%" />
                  </conditions>
                </line>
                <line number="262" hits="0" branch="False" />
                <line number="265" hits="0" branch="True" condition-coverage="0% (0/2)">
                  <conditions>
                    <condition number="271" type="jump" coverage="0%" />
                  </conditions>
                </line>
                <line number="266" hits="0" branch="False" />
                <line number="267" hits="0" branch="False" />
                <line number="268" hits="0" branch="True" condition-coverage="0% (0/2)">
                  <conditions>
                    <condition number="206" type="jump" coverage="0%" />
                  </conditions>
                </line>
                <line number="269" hits="0" branch="False" />
                <line number="270" hits="0" branch="False" />
                <line number="271" hits="0" branch="False" />
                <line number="272" hits="0" branch="True" condition-coverage="0% (0/2)">
                  <conditions>
                    <condition number="232" type="jump" coverage="0%" />
                  </conditions>
                </line>
                <line number="273" hits="0" branch="False" />
                <line number="274" hits="0" branch="False" />
                <line number="277" hits="0" branch="False" />
                <line number="278" hits="0" branch="False" />
                <line number="279" hits="0" branch="False" />
                <line number="280" hits="0" branch="False" />
                <line number="282" hits="0" branch="True" condition-coverage="0% (0/2)">
                  <conditions>
                    <condition number="281" type="jump" coverage="0%" />
                  </conditions>
                </line>
                <line number="283" hits="0" branch="False" />
                <line number="284" hits="0" branch="False" />
                <line number="285" hits="0" branch="False" />
                <line number="286" hits="0" branch="False" />
                <line number="287" hits="0" branch="False" />
                <line number="289" hits="0" branch="True" condition-coverage="0% (0/4)">
                  <conditions>
                    <condition number="332" type="jump" coverage="0%" />
                    <condition number="350" type="jump" coverage="0%" />
                  </conditions>
                </line>
                <line number="290" hits="0" branch="False" />
                <line number="291" hits="0" branch="False" />
                <line number="292" hits="0" branch="False" />
                <line number="294" hits="0" branch="True" condition-coverage="0% (0/2)">
                  <conditions>
                    <condition number="439" type="jump" coverage="0%" />
                  </conditions>
                </line>
                <line number="295" hits="0" branch="False" />
                <line number="296" hits="0" branch="True" condition-coverage="0% (0/2)">
                  <conditions>
                    <condition number="386" type="jump" coverage="0%" />
                  </conditions>
                </line>
                <line number="297" hits="0" branch="False" />
                <line number="298" hits="0" branch="False" />
                <line number="299" hits="0" branch="False" />
                <line number="301" hits="0" branch="False" />
                <line number="302" hits="0" branch="False" />
                <line number="304" hits="0" branch="False" />
                <line number="305" hits="0" branch="False" />
                <line number="307" hits="0" branch="False" />
                <line number="311" hits="0" branch="True" condition-coverage="0% (0/2)">
                  <conditions>
                    <condition number="469" type="jump" coverage="0%" />
                  </conditions>
                </line>
                <line number="312" hits="0" branch="False" />
              </lines>
            </method>
            <method name="NormalizeDocId" signature="(System.String)" line-rate="0" branch-rate="0" complexity="6">
              <lines>
                <line number="321" hits="0" branch="False" />
                <line number="323" hits="0" branch="False" />
                <line number="324" hits="0" branch="True" condition-coverage="0% (0/2)">
                  <conditions>
                    <condition number="16" type="jump" coverage="0%" />
                  </conditions>
                </line>
                <line number="325" hits="0" branch="False" />
                <line number="327" hits="0" branch="False" />
                <line number="332" hits="0" branch="True" condition-coverage="0% (0/4)">
                  <conditions>
                    <condition number="34" type="jump" coverage="0%" />
                    <condition number="52" type="jump" coverage="0%" />
                  </conditions>
                </line>
                <line number="333" hits="0" branch="False" />
                <line number="334" hits="0" branch="False" />
                <line number="338" hits="0" branch="False" />
                <line number="339" hits="0" branch="False" />
              </lines>
            </method>
          </methods>
          <lines>
            <line number="87" hits="0" branch="False" />
            <line number="88" hits="0" branch="True" condition-coverage="0% (0/2)">
              <conditions>
                <condition number="10" type="jump" coverage="0%" />
              </conditions>
            </line>
            <line number="89" hits="0" branch="False" />
            <line number="90" hits="0" branch="False" />
            <line number="93" hits="0" branch="False" />
            <line number="94" hits="0" branch="False" />
            <line number="101" hits="0" branch="False" />
            <line number="102" hits="0" branch="True" condition-coverage="0% (0/2)">
              <conditions>
                <condition number="10" type="jump" coverage="0%" />
              </conditions>
            </line>
            <line number="103" hits="0" branch="False" />
            <line number="104" hits="0" branch="False" />
            <line number="107" hits="0" branch="False" />
            <line number="108" hits="0" branch="False" />
            <line number="110" hits="0" branch="True" condition-coverage="0% (0/2)">
              <conditions>
                <condition number="56" type="jump" coverage="0%" />
              </conditions>
            </line>
            <line number="111" hits="0" branch="False" />
            <line number="112" hits="0" branch="False" />
            <line number="113" hits="0" branch="False" />
            <line number="115" hits="0" branch="False" />
            <line number="116" hits="0" branch="False" />
            <line number="119" hits="0" branch="False" />
            <line number="120" hits="0" branch="True" condition-coverage="0% (0/2)">
              <conditions>
                <condition number="118" type="jump" coverage="0%" />
              </conditions>
            </line>
            <line number="121" hits="0" branch="False" />
            <line number="122" hits="0" branch="False" />
            <line number="123" hits="0" branch="True" condition-coverage="0% (0/2)">
              <conditions>
                <condition number="199" type="jump" coverage="0%" />
              </conditions>
            </line>
            <line number="124" hits="0" branch="False" />
            <line number="125" hits="0" branch="True" condition-coverage="0% (0/2)">
              <conditions>
                <condition number="145" type="jump" coverage="0%" />
              </conditions>
            </line>
            <line number="126" hits="0" branch="False" />
            <line number="127" hits="0" branch="False" />
            <line number="128" hits="0" branch="False" />
            <line number="130" hits="0" branch="False" />
            <line number="131" hits="0" branch="False" />
            <line number="132" hits="0" branch="False" />
            <line number="133" hits="0" branch="False" />
            <line number="135" hits="0" branch="False" />
            <line number="136" hits="0" branch="False" />
            <line number="143" hits="0" branch="False" />
            <line number="144" hits="0" branch="True" condition-coverage="0% (0/2)">
              <conditions>
                <condition number="10" type="jump" coverage="0%" />
              </conditions>
            </line>
            <line number="145" hits="0" branch="False" />
            <line number="146" hits="0" branch="False" />
            <line number="148" hits="0" branch="True" condition-coverage="0% (0/2)">
              <conditions>
                <condition number="32" type="jump" coverage="0%" />
              </conditions>
            </line>
            <line number="149" hits="0" branch="False" />
            <line number="150" hits="0" branch="False" />
            <line number="153" hits="0" branch="False" />
            <line number="154" hits="0" branch="False" />
            <line number="155" hits="0" branch="False" />
            <line number="156" hits="0" branch="False" />
            <line number="157" hits="0" branch="False" />
            <line number="159" hits="0" branch="False" />
            <line number="160" hits="0" branch="False" />
            <line number="169" hits="0" branch="False" />
            <line number="170" hits="0" branch="True" condition-coverage="0% (0/2)">
              <conditions>
                <condition number="10" type="jump" coverage="0%" />
              </conditions>
            </line>
            <line number="171" hits="0" branch="False" />
            <line number="172" hits="0" branch="False" />
            <line number="175" hits="0" branch="False" />
            <line number="176" hits="0" branch="False" />
            <line number="179" hits="0" branch="True" condition-coverage="0% (0/2)">
              <conditions>
                <condition number="56" type="jump" coverage="0%" />
              </conditions>
            </line>
            <line number="180" hits="0" branch="False" />
            <line number="181" hits="0" branch="False" />
            <line number="182" hits="0" branch="False" />
            <line number="184" hits="0" branch="False" />
            <line number="187" hits="0" branch="True" condition-coverage="0% (0/2)">
              <conditions>
                <condition number="99" type="jump" coverage="0%" />
              </conditions>
            </line>
            <line number="188" hits="0" branch="False" />
            <line number="189" hits="0" branch="True" condition-coverage="0% (0/2)">
              <conditions>
                <condition number="109" type="jump" coverage="0%" />
              </conditions>
            </line>
            <line number="190" hits="0" branch="False" />
            <line number="192" hits="0" branch="False" />
            <line number="193" hits="0" branch="False" />
            <line number="194" hits="0" branch="True" condition-coverage="0% (0/2)">
              <conditions>
                <condition number="156" type="jump" coverage="0%" />
              </conditions>
            </line>
            <line number="195" hits="0" branch="False" />
            <line number="196" hits="0" branch="False" />
            <line number="197" hits="0" branch="False" />
            <line number="198" hits="0" branch="False" />
            <line number="199" hits="0" branch="False" />
            <line number="202" hits="0" branch="False" />
            <line number="203" hits="0" branch="True" condition-coverage="0% (0/2)">
              <conditions>
                <condition number="219" type="jump" coverage="0%" />
              </conditions>
            </line>
            <line number="204" hits="0" branch="False" />
            <line number="205" hits="0" branch="False" />
            <line number="206" hits="0" branch="True" condition-coverage="0% (0/2)">
              <conditions>
                <condition number="300" type="jump" coverage="0%" />
              </conditions>
            </line>
            <line number="207" hits="0" branch="False" />
            <line number="208" hits="0" branch="True" condition-coverage="0% (0/2)">
              <conditions>
                <condition number="246" type="jump" coverage="0%" />
              </conditions>
            </line>
            <line number="209" hits="0" branch="False" />
            <line number="210" hits="0" branch="False" />
            <line number="211" hits="0" branch="False" />
            <line number="214" hits="0" branch="False" />
            <line number="215" hits="0" branch="False" />
            <line number="216" hits="0" branch="False" />
            <line number="217" hits="0" branch="False" />
            <line number="220" hits="0" branch="True" condition-coverage="0% (0/2)">
              <conditions>
                <condition number="337" type="jump" coverage="0%" />
              </conditions>
            </line>
            <line number="221" hits="0" branch="False" />
            <line number="222" hits="0" branch="False" />
            <line number="224" hits="0" branch="False" />
            <line number="225" hits="0" branch="False" />
            <line number="227" hits="0" branch="False" />
            <line number="228" hits="0" branch="False" />
            <line number="239" hits="0" branch="False" />
            <line number="240" hits="0" branch="True" condition-coverage="0% (0/2)">
              <conditions>
                <condition number="9" type="jump" coverage="0%" />
              </conditions>
            </line>
            <line number="241" hits="0" branch="False" />
            <line number="243" hits="0" branch="True" condition-coverage="0% (0/2)">
              <conditions>
                <condition number="26" type="jump" coverage="0%" />
              </conditions>
            </line>
            <line number="244" hits="0" branch="False" />
            <line number="245" hits="0" branch="False" />
            <line number="247" hits="0" branch="True" condition-coverage="0% (0/2)">
              <conditions>
                <condition number="75" type="jump" coverage="0%" />
              </conditions>
            </line>
            <line number="248" hits="0" branch="False" />
            <line number="249" hits="0" branch="False" />
            <line number="252" hits="0" branch="False" />
            <line number="253" hits="0" branch="False" />
            <line number="257" hits="0" branch="True" condition-coverage="0% (0/2)">
              <conditions>
                <condition number="131" type="jump" coverage="0%" />
              </conditions>
            </line>
            <line number="258" hits="0" branch="False" />
            <line number="259" hits="0" branch="False" />
            <line number="260" hits="0" branch="True" condition-coverage="0% (0/2)">
              <conditions>
                <condition number="153" type="jump" coverage="0%" />
              </conditions>
            </line>
            <line number="262" hits="0" branch="False" />
            <line number="265" hits="0" branch="True" condition-coverage="0% (0/2)">
              <conditions>
                <condition number="271" type="jump" coverage="0%" />
              </conditions>
            </line>
            <line number="266" hits="0" branch="False" />
            <line number="267" hits="0" branch="False" />
            <line number="268" hits="0" branch="True" condition-coverage="0% (0/2)">
              <conditions>
                <condition number="206" type="jump" coverage="0%" />
              </conditions>
            </line>
            <line number="269" hits="0" branch="False" />
            <line number="270" hits="0" branch="False" />
            <line number="271" hits="0" branch="False" />
            <line number="272" hits="0" branch="True" condition-coverage="0% (0/2)">
              <conditions>
                <condition number="232" type="jump" coverage="0%" />
              </conditions>
            </line>
            <line number="273" hits="0" branch="False" />
            <line number="274" hits="0" branch="False" />
            <line number="277" hits="0" branch="False" />
            <line number="278" hits="0" branch="False" />
            <line number="279" hits="0" branch="False" />
            <line number="280" hits="0" branch="False" />
            <line number="282" hits="0" branch="True" condition-coverage="0% (0/2)">
              <conditions>
                <condition number="281" type="jump" coverage="0%" />
              </conditions>
            </line>
            <line number="283" hits="0" branch="False" />
            <line number="284" hits="0" branch="False" />
            <line number="285" hits="0" branch="False" />
            <line number="286" hits="0" branch="False" />
            <line number="287" hits="0" branch="False" />
            <line number="289" hits="0" branch="True" condition-coverage="0% (0/4)">
              <conditions>
                <condition number="332" type="jump" coverage="0%" />
                <condition number="350" type="jump" coverage="0%" />
              </conditions>
            </line>
            <line number="290" hits="0" branch="False" />
            <line number="291" hits="0" branch="False" />
            <line number="292" hits="0" branch="False" />
            <line number="294" hits="0" branch="True" condition-coverage="0% (0/2)">
              <conditions>
                <condition number="439" type="jump" coverage="0%" />
              </conditions>
            </line>
            <line number="295" hits="0" branch="False" />
            <line number="296" hits="0" branch="True" condition-coverage="0% (0/2)">
              <conditions>
                <condition number="386" type="jump" coverage="0%" />
              </conditions>
            </line>
            <line number="297" hits="0" branch="False" />
            <line number="298" hits="0" branch="False" />
            <line number="299" hits="0" branch="False" />
            <line number="301" hits="0" branch="False" />
            <line number="302" hits="0" branch="False" />
            <line number="304" hits="0" branch="False" />
            <line number="305" hits="0" branch="False" />
            <line number="307" hits="0" branch="False" />
            <line number="311" hits="0" branch="True" condition-coverage="0% (0/2)">
              <conditions>
                <condition number="469" type="jump" coverage="0%" />
              </conditions>
            </line>
            <line number="312" hits="0" branch="False" />
            <line number="321" hits="0" branch="False" />
            <line number="323" hits="0" branch="False" />
            <line number="324" hits="0" branch="True" condition-coverage="0% (0/2)">
              <conditions>
                <condition number="16" type="jump" coverage="0%" />
              </conditions>
            </line>
            <line number="325" hits="0" branch="False" />
            <line number="327" hits="0" branch="False" />
            <line number="332" hits="0" branch="True" condition-coverage="0% (0/4)">
              <conditions>
                <condition number="34" type="jump" coverage="0%" />
                <condition number="52" type="jump" coverage="0%" />
              </conditions>
            </line>
            <line number="333" hits="0" branch="False" />
            <line number="334" hits="0" branch="False" />
            <line number="338" hits="0" branch="False" />
            <line number="339" hits="0" branch="False" />
          </lines>
        </class>
        <class name="Microsoft.AspNetCore.OpenApi.Generated.&lt;OpenApiXmlCommentSupport_generated&gt;FD4AA03DB506210D8B5DE3F032FA21B435083E840426F88B14DE330634835D111__XmlCommentOperationTransformer" filename="obj\Debug\net10.0\Microsoft.AspNetCore.OpenApi.SourceGenerators\Microsoft.AspNetCore.OpenApi.SourceGenerators.XmlCommentGenerator\OpenApiXmlCommentSupport.generated.cs" line-rate="0" branch-rate="0" complexity="98">
          <methods>
            <method name="TransformAsync" signature="(Microsoft.OpenApi.OpenApiOperation,Microsoft.AspNetCore.OpenApi.OpenApiOperationTransformerContext,System.Threading.CancellationToken)" line-rate="0" branch-rate="0" complexity="92">
              <lines>
                <line number="346" hits="0" branch="False" />
                <line number="347" hits="0" branch="True" condition-coverage="0% (0/2)">
                  <conditions>
                    <condition number="19" type="jump" coverage="0%" />
                  </conditions>
                </line>
                <line number="348" hits="0" branch="False" />
                <line number="349" hits="0" branch="False" />
                <line number="351" hits="0" branch="True" condition-coverage="0% (0/2)">
                  <conditions>
                    <condition number="62" type="jump" coverage="0%" />
                  </conditions>
                </line>
                <line number="352" hits="0" branch="False" />
                <line number="353" hits="0" branch="False" />
                <line number="355" hits="0" branch="True" condition-coverage="0% (0/2)">
                  <conditions>
                    <condition number="104" type="jump" coverage="0%" />
                  </conditions>
                </line>
                <line number="356" hits="0" branch="False" />
                <line number="357" hits="0" branch="True" condition-coverage="0% (0/2)">
                  <conditions>
                    <condition number="127" type="jump" coverage="0%" />
                  </conditions>
                </line>
                <line number="358" hits="0" branch="False" />
                <line number="359" hits="0" branch="False" />
                <line number="360" hits="0" branch="False" />
                <line number="361" hits="0" branch="True" condition-coverage="0% (0/2)">
                  <conditions>
                    <condition number="157" type="jump" coverage="0%" />
                  </conditions>
                </line>
                <line number="362" hits="0" branch="False" />
                <line number="363" hits="0" branch="False" />
                <line number="364" hits="0" branch="False" />
                <line number="365" hits="0" branch="True" condition-coverage="0% (0/2)">
                  <conditions>
                    <condition number="187" type="jump" coverage="0%" />
                  </conditions>
                </line>
                <line number="366" hits="0" branch="False" />
                <line number="367" hits="0" branch="False" />
                <line number="368" hits="0" branch="False" />
                <line number="369" hits="0" branch="True" condition-coverage="0% (0/4)">
                  <conditions>
                    <condition number="210" type="jump" coverage="0%" />
                    <condition number="229" type="jump" coverage="0%" />
                  </conditions>
                </line>
                <line number="370" hits="0" branch="False" />
                <line number="371" hits="0" branch="True" condition-coverage="0% (0/2)">
                  <conditions>
                    <condition number="629" type="jump" coverage="0%" />
                  </conditions>
                </line>
                <line number="372" hits="0" branch="False" />
                <line number="373" hits="0" branch="False" />
                <line number="374" hits="0" branch="True" condition-coverage="0% (0/2)">
                  <conditions>
                    <condition number="309" type="jump" coverage="0%" />
                  </conditions>
                </line>
                <line number="375" hits="0" branch="True" condition-coverage="0% (0/2)">
                  <conditions>
                    <condition number="344" type="jump" coverage="0%" />
                  </conditions>
                </line>
                <line number="376" hits="0" branch="False" />
                <line number="377" hits="0" branch="False" />
                <line number="378" hits="0" branch="False" />
                <line number="379" hits="0" branch="True" condition-coverage="0% (0/2)">
                  <conditions>
                    <condition number="399" type="jump" coverage="0%" />
                  </conditions>
                </line>
                <line number="380" hits="0" branch="False" />
                <line number="381" hits="0" branch="False" />
                <line number="382" hits="0" branch="False" />
                <line number="383" hits="0" branch="False" />
                <line number="384" hits="0" branch="False" />
                <line number="386" hits="0" branch="False" />
                <line number="387" hits="0" branch="False" />
                <line number="388" hits="0" branch="True" condition-coverage="0% (0/2)">
                  <conditions>
                    <condition number="462" type="jump" coverage="0%" />
                  </conditions>
                </line>
                <line number="389" hits="0" branch="False" />
                <line number="390" hits="0" branch="False" />
                <line number="391" hits="0" branch="True" condition-coverage="0% (0/2)">
                  <conditions>
                    <condition number="511" type="jump" coverage="0%" />
                  </conditions>
                </line>
                <line number="392" hits="0" branch="False" />
                <line number="393" hits="0" branch="True" condition-coverage="0% (0/4)">
                  <conditions>
                    <condition number="516" type="jump" coverage="0%" />
                    <condition number="529" type="jump" coverage="0%" />
                  </conditions>
                </line>
                <line number="394" hits="0" branch="True" condition-coverage="0% (0/2)">
                  <conditions>
                    <condition number="551" type="jump" coverage="0%" />
                  </conditions>
                </line>
                <line number="395" hits="0" branch="False" />
                <line number="396" hits="0" branch="False" />
                <line number="398" hits="0" branch="True" condition-coverage="0% (0/2)">
                  <conditions>
                    <condition number="601" type="jump" coverage="0%" />
                  </conditions>
                </line>
                <line number="399" hits="0" branch="False" />
                <line number="400" hits="0" branch="False" />
                <line number="401" hits="0" branch="False" />
                <line number="402" hits="0" branch="False" />
                <line number="403" hits="0" branch="False" />
                <line number="404" hits="0" branch="False" />
                <line number="405" hits="0" branch="False" />
                <line number="406" hits="0" branch="False" />
                <line number="408" hits="0" branch="True" condition-coverage="0% (0/6)">
                  <conditions>
                    <condition number="662" type="jump" coverage="0%" />
                    <condition number="674" type="jump" coverage="0%" />
                    <condition number="696" type="jump" coverage="0%" />
                  </conditions>
                </line>
                <line number="409" hits="0" branch="False" />
                <line number="410" hits="0" branch="False" />
                <line number="411" hits="0" branch="False" />
                <line number="412" hits="0" branch="False" />
                <line number="414" hits="0" branch="True" condition-coverage="0% (0/8)">
                  <conditions>
                    <condition number="738" type="jump" coverage="0%" />
                    <condition number="748" type="jump" coverage="0%" />
                    <condition number="760" type="jump" coverage="0%" />
                    <condition number="782" type="jump" coverage="0%" />
                  </conditions>
                </line>
                <line number="415" hits="0" branch="False" />
                <line number="416" hits="0" branch="True" condition-coverage="0% (0/2)">
                  <conditions>
                    <condition number="898" type="jump" coverage="0%" />
                  </conditions>
                </line>
                <line number="417" hits="0" branch="False" />
                <line number="418" hits="0" branch="False" />
                <line number="419" hits="0" branch="True" condition-coverage="0% (0/2)">
                  <conditions>
                    <condition number="861" type="jump" coverage="0%" />
                  </conditions>
                </line>
                <line number="420" hits="0" branch="False" />
                <line number="421" hits="0" branch="False" />
                <line number="422" hits="0" branch="False" />
                <line number="423" hits="0" branch="False" />
                <line number="424" hits="0" branch="False" />
                <line number="425" hits="0" branch="False" />
                <line number="426" hits="0" branch="True" condition-coverage="0% (0/2)">
                  <conditions>
                    <condition number="1490" type="jump" coverage="0%" />
                  </conditions>
                </line>
                <line number="427" hits="0" branch="False" />
                <line number="428" hits="0" branch="False" />
                <line number="429" hits="0" branch="True" condition-coverage="0% (0/6)">
                  <conditions>
                    <condition number="987" type="jump" coverage="0%" />
                    <condition number="1005" type="jump" coverage="0%" />
                    <condition number="1033" type="jump" coverage="0%" />
                  </conditions>
                </line>
                <line number="430" hits="0" branch="False" />
                <line number="431" hits="0" branch="False" />
                <line number="432" hits="0" branch="False" />
                <line number="433" hits="0" branch="False" />
                <line number="434" hits="0" branch="True" condition-coverage="0% (0/2)">
                  <conditions>
                    <condition number="1073" type="jump" coverage="0%" />
                  </conditions>
                </line>
                <line number="435" hits="0" branch="False" />
                <line number="436" hits="0" branch="True" condition-coverage="0% (0/2)">
                  <conditions>
                    <condition number="1086" type="jump" coverage="0%" />
                  </conditions>
                </line>
                <line number="437" hits="0" branch="False" />
                <line number="438" hits="0" branch="True" condition-coverage="0% (0/4)">
                  <conditions>
                    <condition number="1128" type="jump" coverage="0%" />
                    <condition number="1152" type="jump" coverage="0%" />
                  </conditions>
                </line>
                <line number="439" hits="0" branch="False" />
                <line number="440" hits="0" branch="False" />
                <line number="441" hits="0" branch="False" />
                <line number="442" hits="0" branch="True" condition-coverage="0% (0/2)">
                  <conditions>
                    <condition number="1190" type="jump" coverage="0%" />
                  </conditions>
                </line>
                <line number="443" hits="0" branch="False" />
                <line number="444" hits="0" branch="False" />
                <line number="445" hits="0" branch="False" />
                <line number="446" hits="0" branch="True" condition-coverage="0% (0/2)">
                  <conditions>
                    <condition number="1212" type="jump" coverage="0%" />
                  </conditions>
                </line>
                <line number="447" hits="0" branch="False" />
                <line number="448" hits="0" branch="True" condition-coverage="0% (0/2)">
                  <conditions>
                    <condition number="1234" type="jump" coverage="0%" />
                  </conditions>
                </line>
                <line number="449" hits="0" branch="False" />
                <line number="450" hits="0" branch="False" />
                <line number="451" hits="0" branch="True" condition-coverage="0% (0/4)">
                  <conditions>
                    <condition number="1262" type="jump" coverage="0%" />
                    <condition number="1284" type="jump" coverage="0%" />
                  </conditions>
                </line>
                <line number="452" hits="0" branch="False" />
                <line number="453" hits="0" branch="True" condition-coverage="0% (0/2)">
                  <conditions>
                    <condition number="1299" type="jump" coverage="0%" />
                  </conditions>
                </line>
                <line number="454" hits="0" branch="True" condition-coverage="0% (0/2)">
                  <conditions>
                    <condition number="1321" type="jump" coverage="0%" />
                  </conditions>
                </line>
                <line number="455" hits="0" branch="False" />
                <line number="456" hits="0" branch="False" />
                <line number="458" hits="0" branch="False" />
                <line number="459" hits="0" branch="True" condition-coverage="0% (0/2)">
                  <conditions>
                    <condition number="1378" type="jump" coverage="0%" />
                  </conditions>
                </line>
                <line number="460" hits="0" branch="False" />
                <line number="461" hits="0" branch="False" />
                <line number="462" hits="0" branch="False" />
                <line number="463" hits="0" branch="False" />
                <line number="464" hits="0" branch="False" />
                <line number="465" hits="0" branch="False" />
                <line number="467" hits="0" branch="False" />
                <line number="468" hits="0" branch="True" condition-coverage="0% (0/2)">
                  <conditions>
                    <condition number="1417" type="jump" coverage="0%" />
                  </conditions>
                </line>
                <line number="469" hits="0" branch="False" />
                <line number="470" hits="0" branch="False" />
                <line number="471" hits="0" branch="True" condition-coverage="0% (0/4)">
                  <conditions>
                    <condition number="1438" type="jump" coverage="0%" />
                    <condition number="1460" type="jump" coverage="0%" />
                  </conditions>
                </line>
                <line number="472" hits="0" branch="False" />
                <line number="473" hits="0" branch="False" />
                <line number="474" hits="0" branch="False" />
                <line number="475" hits="0" branch="False" />
                <line number="476" hits="0" branch="False" />
                <line number="477" hits="0" branch="False" />
                <line number="478" hits="0" branch="False" />
                <line number="480" hits="0" branch="False" />
                <line number="481" hits="0" branch="False" />
              </lines>
            </method>
            <method name="UnwrapOpenApiParameter" signature="(Microsoft.OpenApi.IOpenApiParameter)" line-rate="0" branch-rate="0" complexity="6">
              <lines>
                <line number="484" hits="0" branch="False" />
                <line number="485" hits="0" branch="True" condition-coverage="0% (0/2)">
[...]
            </line>
            <line number="224" hits="2" branch="False" />
            <line number="226" hits="2" branch="False" />
            <line number="229" hits="2" branch="True" condition-coverage="100% (2/2)">
              <conditions>
                <condition number="290" type="jump" coverage="100%" />
              </conditions>
            </line>
            <line number="231" hits="2" branch="True" condition-coverage="100% (4/4)">
              <conditions>
                <condition number="329" type="jump" coverage="100%" />
                <condition number="347" type="jump" coverage="100%" />
              </conditions>
            </line>
            <line number="232" hits="1" branch="False" />
            <line number="233" hits="1" branch="False" />
            <line number="234" hits="1" branch="False" />
            <line number="235" hits="2" branch="False" />
            <line number="236" hits="2" branch="False" />
            <line number="238" hits="2" branch="True" condition-coverage="100% (2/2)">
              <conditions>
                <condition number="583" type="jump" coverage="100%" />
              </conditions>
            </line>
            <line number="239" hits="1" branch="False" />
            <line number="240" hits="1" branch="False" />
            <line number="243" hits="1" branch="True" condition-coverage="100% (2/2)">
              <conditions>
                <condition number="773" type="jump" coverage="100%" />
              </conditions>
            </line>
            <line number="245" hits="1" branch="False" />
            <line number="246" hits="1" branch="False" />
            <line number="247" hits="1" branch="False" />
            <line number="248" hits="1" branch="False" />
            <line number="250" hits="1" branch="False" />
            <line number="252" hits="0" branch="False" />
            <line number="253" hits="0" branch="False" />
            <line number="254" hits="0" branch="False" />
            <line number="255" hits="0" branch="False" />
            <line number="257" hits="3" branch="False" />
          </lines>
        </class>
        <class name="Backend.Controllers.TasksController/&lt;UpdateTask&gt;d__6" filename="Controllers\TasksController.cs" line-rate="0.8946999999999999" branch-rate="0.75" complexity="4">
          <methods>
            <method name="MoveNext" signature="()" line-rate="0.8946999999999999" branch-rate="0.75" complexity="4">
              <lines>
                <line number="107" hits="6" branch="False" />
                <line number="108" hits="6" branch="True" condition-coverage="50% (1/2)">
                  <conditions>
                    <condition number="36" type="jump" coverage="50%" />
                  </conditions>
                </line>
                <line number="109" hits="0" branch="False" />
                <line number="110" hits="0" branch="False" />
                <line number="113" hits="6" branch="False" />
                <line number="114" hits="6" branch="False" />
                <line number="117" hits="6" branch="False" />
                <line number="118" hits="6" branch="False" />
                <line number="119" hits="2" branch="True" condition-coverage="100% (2/2)">
                  <conditions>
                    <condition number="278" type="jump" coverage="100%" />
                  </conditions>
                </line>
                <line number="120" hits="1" branch="False" />
                <line number="121" hits="1" branch="False" />
                <line number="124" hits="1" branch="False" />
                <line number="126" hits="2" branch="False" />
                <line number="127" hits="2" branch="False" />
                <line number="128" hits="2" branch="False" />
                <line number="130" hits="2" branch="False" />
                <line number="131" hits="2" branch="False" />
                <line number="132" hits="2" branch="False" />
                <line number="134" hits="6" branch="False" />
              </lines>
            </method>
          </methods>
          <lines>
            <line number="107" hits="6" branch="False" />
            <line number="108" hits="6" branch="True" condition-coverage="50% (1/2)">
              <conditions>
                <condition number="36" type="jump" coverage="50%" />
              </conditions>
            </line>
            <line number="109" hits="0" branch="False" />
            <line number="110" hits="0" branch="False" />
            <line number="113" hits="6" branch="False" />
            <line number="114" hits="6" branch="False" />
            <line number="117" hits="6" branch="False" />
            <line number="118" hits="6" branch="False" />
            <line number="119" hits="2" branch="True" condition-coverage="100% (2/2)">
              <conditions>
                <condition number="278" type="jump" coverage="100%" />
              </conditions>
            </line>
            <line number="120" hits="1" branch="False" />
            <line number="121" hits="1" branch="False" />
            <line number="124" hits="1" branch="False" />
            <line number="126" hits="2" branch="False" />
            <line number="127" hits="2" branch="False" />
            <line number="128" hits="2" branch="False" />
            <line number="130" hits="2" branch="False" />
            <line number="131" hits="2" branch="False" />
            <line number="132" hits="2" branch="False" />
            <line number="134" hits="6" branch="False" />
          </lines>
        </class>
        <class name="Backend.Controllers.UploadsController" filename="Controllers\UploadsController.cs" line-rate="1" branch-rate="0.5" complexity="2">
          <methods>
            <method name=".ctor" signature="(Backend.Data.ApplicationDbContext)" line-rate="1" branch-rate="0.5" complexity="2">
              <lines>
                <line number="20" hits="3" branch="False" />
                <line number="21" hits="3" branch="False" />
                <line number="22" hits="3" branch="True" condition-coverage="50% (1/2)">
                  <conditions>
                    <condition number="11" type="jump" coverage="50%" />
                  </conditions>
                </line>
                <line number="23" hits="3" branch="False" />
              </lines>
            </method>
          </methods>
          <lines>
            <line number="20" hits="3" branch="False" />
            <line number="21" hits="3" branch="False" />
            <line number="22" hits="3" branch="True" condition-coverage="50% (1/2)">
              <conditions>
                <condition number="11" type="jump" coverage="50%" />
              </conditions>
            </line>
            <line number="23" hits="3" branch="False" />
          </lines>
        </class>
        <class name="Backend.Controllers.UploadsController/&lt;UploadAvatar&gt;d__2" filename="Controllers\UploadsController.cs" line-rate="1" branch-rate="1" complexity="12">
          <methods>
            <method name="MoveNext" signature="()" line-rate="1" branch-rate="1" complexity="12">
              <lines>
                <line number="29" hits="3" branch="False" />
                <line number="30" hits="3" branch="True" condition-coverage="100% (4/4)">
                  <conditions>
                    <condition number="60" type="jump" coverage="100%" />
                    <condition number="82" type="jump" coverage="100%" />
                  </conditions>
                </line>
                <line number="31" hits="1" branch="False" />
                <line number="32" hits="1" branch="False" />
                <line number="35" hits="2" branch="False" />
                <line number="36" hits="2" branch="False" />
                <line number="38" hits="2" branch="True" condition-coverage="100% (2/2)">
                  <conditions>
                    <condition number="213" type="jump" coverage="100%" />
                  </conditions>
                </line>
                <line number="39" hits="1" branch="False" />
                <line number="40" hits="1" branch="False" />
                <line number="43" hits="1" branch="False" />
                <line number="44" hits="1" branch="True" condition-coverage="100% (2/2)">
                  <conditions>
                    <condition number="292" type="jump" coverage="100%" />
                  </conditions>
                </line>
                <line number="45" hits="1" branch="False" />
                <line number="46" hits="1" branch="False" />
                <line number="47" hits="1" branch="False" />
                <line number="49" hits="1" branch="False" />
                <line number="50" hits="1" branch="False" />
                <line number="52" hits="1" branch="False" />
                <line number="53" hits="1" branch="False" />
                <line number="54" hits="1" branch="False" />
                <line number="55" hits="1" branch="False" />
                <line number="57" hits="1" branch="False" />
                <line number="59" hits="1" branch="False" />
                <line number="60" hits="1" branch="True" condition-coverage="100% (2/2)">
                  <conditions>
                    <condition number="653" type="jump" coverage="100%" />
                  </conditions>
                </line>
                <line number="61" hits="1" branch="False" />
                <line number="62" hits="1" branch="False" />
                <line number="63" hits="1" branch="True" condition-coverage="100% (2/2)">
                  <conditions>
                    <condition number="922" type="jump" coverage="100%" />
                  </conditions>
                </line>
                <line number="64" hits="1" branch="False" />
                <line number="65" hits="1" branch="False" />
                <line number="66" hits="1" branch="False" />
                <line number="67" hits="1" branch="False" />
                <line number="68" hits="1" branch="False" />
                <line number="70" hits="1" branch="False" />
                <line number="71" hits="3" branch="False" />
              </lines>
            </method>
          </methods>
          <lines>
            <line number="29" hits="3" branch="False" />
            <line number="30" hits="3" branch="True" condition-coverage="100% (4/4)">
              <conditions>
                <condition number="60" type="jump" coverage="100%" />
                <condition number="82" type="jump" coverage="100%" />
              </conditions>
            </line>
            <line number="31" hits="1" branch="False" />
            <line number="32" hits="1" branch="False" />
            <line number="35" hits="2" branch="False" />
            <line number="36" hits="2" branch="False" />
            <line number="38" hits="2" branch="True" condition-coverage="100% (2/2)">
              <conditions>
                <condition number="213" type="jump" coverage="100%" />
              </conditions>
            </line>
            <line number="39" hits="1" branch="False" />
            <line number="40" hits="1" branch="False" />
            <line number="43" hits="1" branch="False" />
            <line number="44" hits="1" branch="True" condition-coverage="100% (2/2)">
              <conditions>
                <condition number="292" type="jump" coverage="100%" />
              </conditions>
            </line>
            <line number="45" hits="1" branch="False" />
            <line number="46" hits="1" branch="False" />
            <line number="47" hits="1" branch="False" />
            <line number="49" hits="1" branch="False" />
            <line number="50" hits="1" branch="False" />
            <line number="52" hits="1" branch="False" />
            <line number="53" hits="1" branch="False" />
            <line number="54" hits="1" branch="False" />
            <line number="55" hits="1" branch="False" />
            <line number="57" hits="1" branch="False" />
            <line number="59" hits="1" branch="False" />
            <line number="60" hits="1" branch="True" condition-coverage="100% (2/2)">
              <conditions>
                <condition number="653" type="jump" coverage="100%" />
              </conditions>
            </line>
            <line number="61" hits="1" branch="False" />
            <line number="62" hits="1" branch="False" />
            <line number="63" hits="1" branch="True" condition-coverage="100% (2/2)">
              <conditions>
                <condition number="922" type="jump" coverage="100%" />
              </conditions>
            </line>
            <line number="64" hits="1" branch="False" />
            <line number="65" hits="1" branch="False" />
            <line number="66" hits="1" branch="False" />
            <line number="67" hits="1" branch="False" />
            <line number="68" hits="1" branch="False" />
            <line number="70" hits="1" branch="False" />
            <line number="71" hits="3" branch="False" />
          </lines>
        </class>
        <class name="Backend.Controllers.UsersController" filename="Controllers\UsersController.cs" line-rate="1" branch-rate="0.75" complexity="4">
          <methods>
            <method name="&lt;GetUsers&gt;b__2_0" signature="(Backend.Models.User)" line-rate="1" branch-rate="1" complexity="2">
              <lines>
                <line number="32" hits="8" branch="True" condition-coverage="100% (2/2)">
                  <conditions>
                    <condition number="48" type="jump" coverage="100%" />
                  </conditions>
                </line>
                <line number="33" hits="8" branch="False" />
                <line number="34" hits="8" branch="False" />
                <line number="35" hits="8" branch="False" />
                <line number="36" hits="8" branch="False" />
                <line number="37" hits="8" branch="False" />
                <line number="38" hits="8" branch="False" />
              </lines>
            </method>
            <method name=".ctor" signature="(Backend.Repositories.IUserRepository)" line-rate="1" branch-rate="0.5" complexity="2">
              <lines>
                <line number="20" hits="5" branch="False" />
                <line number="21" hits="5" branch="False" />
                <line number="22" hits="5" branch="True" condition-coverage="50% (1/2)">
                  <conditions>
                    <condition number="11" type="jump" coverage="50%" />
                  </conditions>
                </line>
                <line number="23" hits="5" branch="False" />
              </lines>
            </method>
          </methods>
          <lines>
            <line number="32" hits="8" branch="True" condition-coverage="100% (2/2)">
              <conditions>
                <condition number="48" type="jump" coverage="100%" />
              </conditions>
            </line>
            <line number="33" hits="8" branch="False" />
            <line number="34" hits="8" branch="False" />
            <line number="35" hits="8" branch="False" />
            <line number="36" hits="8" branch="False" />
            <line number="37" hits="8" branch="False" />
            <line number="38" hits="8" branch="False" />
            <line number="20" hits="5" branch="False" />
            <line number="21" hits="5" branch="False" />
            <line number="22" hits="5" branch="True" condition-coverage="50% (1/2)">
              <conditions>
                <condition number="11" type="jump" coverage="50%" />
              </conditions>
            </line>
            <line number="23" hits="5" branch="False" />
          </lines>
        </class>
        <class name="Backend.Controllers.UsersController/&lt;GetUsers&gt;d__2" filename="Controllers\UsersController.cs" line-rate="1" branch-rate="1" complexity="1">
          <methods>
            <method name="MoveNext" signature="()" line-rate="1" branch-rate="1" complexity="1">
              <lines>
                <line number="29" hits="2" branch="False" />
                <line number="30" hits="2" branch="False" />
                <line number="40" hits="2" branch="False" />
                <line number="41" hits="2" branch="False" />
              </lines>
            </method>
          </methods>
          <lines>
            <line number="29" hits="2" branch="False" />
            <line number="30" hits="2" branch="False" />
            <line number="40" hits="2" branch="False" />
            <line number="41" hits="2" branch="False" />
          </lines>
        </class>
        <class name="Backend.Controllers.UsersController/&lt;UpdateRole&gt;d__3" filename="Controllers\UsersController.cs" line-rate="1" branch-rate="0.875" complexity="8">
          <methods>
            <method name="MoveNext" signature="()" line-rate="1" branch-rate="0.875" complexity="8">
              <lines>
                <line number="50" hits="3" branch="False" />
                <line number="51" hits="3" branch="True" condition-coverage="83.33% (5/6)">
                  <conditions>
                    <condition number="45" type="jump" coverage="50%" />
                    <condition number="68" type="jump" coverage="100%" />
                    <condition number="99" type="jump" coverage="100%" />
                  </conditions>
                </line>
                <line number="52" hits="1" branch="False" />
                <line number="53" hits="1" branch="False" />
                <line number="56" hits="2" branch="False" />
                <line number="57" hits="3" branch="True" condition-coverage="100% (2/2)">
                  <conditions>
                    <condition number="279" type="jump" coverage="100%" />
                  </conditions>
                </line>
                <line number="59" hits="1" branch="False" />
                <line number="60" hits="1" branch="False" />
                <line number="62" hits="1" branch="False" />
                <line number="63" hits="3" branch="False" />
              </lines>
            </method>
          </methods>
          <lines>
            <line number="50" hits="3" branch="False" />
            <line number="51" hits="3" branch="True" condition-coverage="83.33% (5/6)">
              <conditions>
                <condition number="45" type="jump" coverage="50%" />
                <condition number="68" type="jump" coverage="100%" />
                <condition number="99" type="jump" coverage="100%" />
              </conditions>
            </line>
            <line number="52" hits="1" branch="False" />
            <line number="53" hits="1" branch="False" />
            <line number="56" hits="2" branch="False" />
            <line number="57" hits="3" branch="True" condition-coverage="100% (2/2)">
              <conditions>
                <condition number="279" type="jump" coverage="100%" />
              </conditions>
            </line>
            <line number="59" hits="1" branch="False" />
            <line number="60" hits="1" branch="False" />
            <line number="62" hits="1" branch="False" />
            <line number="63" hits="3" branch="False" />
          </lines>
        </class>
        <class name="Backend.Controllers.UpdateRoleDto" filename="Controllers\UsersController.cs" line-rate="1" branch-rate="1" complexity="1">
          <methods>
            <method name="get_Role" signature="()" line-rate="1" branch-rate="1" complexity="1">
              <lines>
                <line number="68" hits="14" branch="False" />
              </lines>
            </method>
          </methods>
          <lines>
            <line number="68" hits="14" branch="False" />
          </lines>
        </class>
      </classes>
    </package>
  </packages>
</coverage>